[2024-09-13T11:57:32.269748] [Δt:0.000000s] [    INFO] [freemocap] [__init__:<module>():18] [PID:16244:Process-4 TID:13672:MainThread ] Initializing freemocap package, version: v1.2.2, from file: F:\freemocap\freemocap\__init__.py
[2024-09-13T11:57:36.460003] [Δt:4.190256s] [    INFO] [skellytracker.system.logging_configuration] [logging_configuration:configure_logging():43] [PID:16244:Process-4 TID:13672:MainThread ] Logging already configured!
[2024-09-13T11:57:36.699104] [Δt:0.239100s] [    INFO] [freemocap.data_layer.recording_models.recording_info_model] [recording_info_model:get_number_of_mp4s_in_synched_videos_directory():239] [PID:16244:Process-4 TID:13672:MainThread ] Number of `.mp4`'s in F:\Mobile-Multimodal-Lab\3_MOTION_TRACKING\3_freemocap\marker_MULTIPLEpairs\P1\Vision_Movement\trial_4\synchronized_videos: 3
[2024-09-13T11:57:36.699104] [Δt:0.000000s] [   DEBUG] [freemocap.data_layer.recording_models.recording_info_model] [recording_info_model:get_number_of_frames_in_videos():253] [PID:16244:Process-4 TID:13672:MainThread ] No 'timestamps' directory, finding frame counts from synchronized videos
[2024-09-13T11:57:36.721188] [Δt:0.022085s] [    INFO] [freemocap.core_processes.process_motion_capture_videos.processing_pipeline_functions.image_tracking_pipeline_functions] [image_tracking_pipeline_functions:run_image_tracking_pipeline():44] [PID:16244:Process-4 TID:13672:MainThread ] Detecting 2d skeletons...
[2024-09-13T11:57:36.721188] [Δt:0.000000s] [    INFO] [freemocap.core_processes.process_motion_capture_videos.processing_pipeline_functions.image_tracking_pipeline_functions] [image_tracking_pipeline_functions:run_image_tracking_pipeline():45] [PID:16244:Process-4 TID:13672:MainThread ] Log Progress
[2024-09-13T11:57:36.721188] [Δt:0.000000s] [    INFO] [root] [process_folder_of_videos:process_folder_of_videos():95] [PID:16244:Process-4 TID:13672:MainThread ] Using multiprocessing to run pose estimation
[2024-09-13T11:59:11.963733] [Δt:95.242545s] [    INFO] [skellytracker.process_folder_of_videos] [process_folder_of_videos:process_folder_of_videos():105] [PID:16244:Process-4 TID:13672:MainThread ] Shape of output array: (3, 662, 553, 3)
[2024-09-13T11:59:12.213905] [Δt:0.250172s] [    INFO] [freemocap.core_processes.process_motion_capture_videos.processing_pipeline_functions.triangulation_pipeline_functions] [triangulation_pipeline_functions:get_triangulated_data():63] [PID:16244:Process-4 TID:13672:MainThread ] Triangulating 3d skeletons...
[2024-09-13T11:59:12.213905] [Δt:0.000000s] [    INFO] [freemocap.core_processes.process_motion_capture_videos.processing_pipeline_functions.triangulation_pipeline_functions] [triangulation_pipeline_functions:get_triangulated_data():64] [PID:16244:Process-4 TID:13672:MainThread ] Log Progress
[2024-09-13T11:59:12.258774] [Δt:0.044868s] [    INFO] [freemocap.core_processes.capture_volume_calibration.anipose_camera_calibration.get_anipose_calibration_object] [get_anipose_calibration_object:load_anipose_calibration_toml_from_path():38] [PID:16244:Process-4 TID:13672:MainThread ] loading camera calibration file from:F:/Mobile-Multimodal-Lab/3_MOTION_TRACKING/2_Video_Calibration/calibration_results/P1/3vid_Calibration_P1_T1_charuco_2024-04-23__calibration_anipose.toml
[2024-09-13T11:59:12.258774] [Δt:0.000000s] [    INFO] [freemocap.core_processes.capture_volume_calibration.triangulate_3d_data] [triangulate_3d_data:triangulate_3d_data():35] [PID:16244:Process-4 TID:13672:MainThread ] Reconstructing 3d points from 2d points with shape: 
number_of_cameras: 3,
number_of_frames: 662, 
number_of_tracked_points: 553,
number_of_spatial_dimensions: 2
[2024-09-13T11:59:12.264132] [Δt:0.005359s] [    INFO] [freemocap.core_processes.capture_volume_calibration.triangulate_3d_data] [triangulate_3d_data:triangulate_3d_data():47] [PID:16244:Process-4 TID:13672:MainThread ] Using simple `triangulate` method 
[2024-09-13T11:59:50.680407] [Δt:38.416274s] [    INFO] [freemocap.core_processes.capture_volume_calibration.save_mediapipe_3d_data_to_npy] [save_mediapipe_3d_data_to_npy:save_mediapipe_3d_data_to_npy():50] [PID:16244:Process-4 TID:13672:MainThread ] saving: F:\Mobile-Multimodal-Lab\3_MOTION_TRACKING\3_freemocap\marker_MULTIPLEpairs\P1\Vision_Movement\trial_4\output_data\raw_data\mediapipe3dData_numFrames_numTrackedPoints_spatialXYZ.npy
[2024-09-13T11:59:50.710609] [Δt:0.030203s] [    INFO] [freemocap.core_processes.capture_volume_calibration.save_mediapipe_3d_data_to_npy] [save_mediapipe_3d_data_to_npy:save_mediapipe_3d_data_to_npy():55] [PID:16244:Process-4 TID:13672:MainThread ] saving: F:\Mobile-Multimodal-Lab\3_MOTION_TRACKING\3_freemocap\marker_MULTIPLEpairs\P1\Vision_Movement\trial_4\output_data\raw_data\mediapipe3dData_numFrames_numTrackedPoints_reprojectionError.npy
[2024-09-13T11:59:50.869329] [Δt:0.158720s] [    INFO] [freemocap.core_processes.capture_volume_calibration.save_mediapipe_3d_data_to_npy] [save_mediapipe_3d_data_to_npy:save_mediapipe_3d_data_to_npy():61] [PID:16244:Process-4 TID:13672:MainThread ] saving: F:\Mobile-Multimodal-Lab\3_MOTION_TRACKING\3_freemocap\marker_MULTIPLEpairs\P1\Vision_Movement\trial_4\output_data\raw_data\mediapipe3dData_numCams_numFrames_numTrackedPoints_reprojectionError.npy
[2024-09-13T11:59:51.014234] [Δt:0.144905s] [    INFO] [freemocap.core_processes.post_process_skeleton_data.post_process_skeleton] [post_process_skeleton:run_post_processing_worker():79] [PID:16244:Process-4 TID:13672:MainThread ] Starting post-processing worker thread
[2024-09-13T11:59:51.014234] [Δt:0.000000s] [    INFO] [freemocap.core_processes.post_process_skeleton_data.post_process_skeleton] [post_process_skeleton:run_post_processing_worker():80] [PID:16244:Process-4 TID:13672:MainThread ] Log Progress
[2024-09-13T11:59:51.772014] [Δt:0.757779s] [    INFO] [freemocap.core_processes.post_process_skeleton_data.post_process_skeleton] [post_process_skeleton:run_post_processing_worker():90] [PID:16244:Process-4 TID:13672:MainThread ] Done with gap filling, filtering, and aligning
[2024-09-13T11:59:51.772014] [Δt:0.000000s] [    INFO] [freemocap.core_processes.process_motion_capture_videos.processing_pipeline_functions.anatomical_data_pipeline_functions] [anatomical_data_pipeline_functions:calculate_anatomical_data():26] [PID:16244:Process-4 TID:13672:MainThread ] Calculating center of mass...
[2024-09-13T11:59:52.572181] [Δt:0.800168s] [    INFO] [freemocap.core_processes.post_process_skeleton_data.calculate_center_of_mass] [calculate_center_of_mass:calculate_total_body_COM():306] [PID:16244:Process-4 TID:13672:MainThread ] Calculating Total Body Center of Mass
[2024-09-13T11:59:52.993419] [Δt:0.421238s] [    INFO] [freemocap.core_processes.detecting_things_in_2d_images.mediapipe_stuff.convert_mediapipe_npy_to_csv] [convert_mediapipe_npy_to_csv:convert_mediapipe_npy_to_csv():23] [PID:16244:Process-4 TID:13672:MainThread ] Converting npy data with shape: (662, 553, 3) into `csv` and smaller `npy` files
[2024-09-13T11:59:54.403199] [Δt:1.409780s] [   DEBUG] [freemocap.core_processes.detecting_things_in_2d_images.mediapipe_stuff.convert_mediapipe_npy_to_csv] [convert_mediapipe_npy_to_csv:convert_mediapipe_npy_to_csv():239] [PID:16244:Process-4 TID:13672:MainThread ] body 3d xyz shape: (662, 33, 3)
[2024-09-13T11:59:54.403199] [Δt:0.000000s] [   DEBUG] [freemocap.core_processes.detecting_things_in_2d_images.mediapipe_stuff.convert_mediapipe_npy_to_csv] [convert_mediapipe_npy_to_csv:convert_mediapipe_npy_to_csv():240] [PID:16244:Process-4 TID:13672:MainThread ] right hand 3d xyz shape: (662, 21, 3)
[2024-09-13T11:59:54.403199] [Δt:0.000000s] [   DEBUG] [freemocap.core_processes.detecting_things_in_2d_images.mediapipe_stuff.convert_mediapipe_npy_to_csv] [convert_mediapipe_npy_to_csv:convert_mediapipe_npy_to_csv():241] [PID:16244:Process-4 TID:13672:MainThread ] left hand 3d xyz shape: (662, 21, 3)
[2024-09-13T11:59:54.403199] [Δt:0.000000s] [   DEBUG] [freemocap.core_processes.detecting_things_in_2d_images.mediapipe_stuff.convert_mediapipe_npy_to_csv] [convert_mediapipe_npy_to_csv:convert_mediapipe_npy_to_csv():242] [PID:16244:Process-4 TID:13672:MainThread ] face 3d xyz shape: (662, 478, 3)
[2024-09-13T11:59:54.478915] [Δt:0.075715s] [   DEBUG] [freemocap.core_processes.detecting_things_in_2d_images.mediapipe_stuff.convert_mediapipe_npy_to_csv] [convert_mediapipe_npy_to_csv:convert_mediapipe_npy_to_csv():284] [PID:16244:Process-4 TID:13672:MainThread ] length of body 3d xyz `.csv` header: 99, should be: 99
[2024-09-13T11:59:54.478915] [Δt:0.000000s] [   DEBUG] [freemocap.core_processes.detecting_things_in_2d_images.mediapipe_stuff.convert_mediapipe_npy_to_csv] [convert_mediapipe_npy_to_csv:convert_mediapipe_npy_to_csv():287] [PID:16244:Process-4 TID:13672:MainThread ] length of right hand 3d xyz `.csv` header: 63, should be: 63
[2024-09-13T11:59:54.478915] [Δt:0.000000s] [   DEBUG] [freemocap.core_processes.detecting_things_in_2d_images.mediapipe_stuff.convert_mediapipe_npy_to_csv] [convert_mediapipe_npy_to_csv:convert_mediapipe_npy_to_csv():290] [PID:16244:Process-4 TID:13672:MainThread ] length of left hand 3d xyz `.csv` header: 63, should be: 63
[2024-09-13T11:59:54.478915] [Δt:0.000000s] [   DEBUG] [freemocap.core_processes.detecting_things_in_2d_images.mediapipe_stuff.convert_mediapipe_npy_to_csv] [convert_mediapipe_npy_to_csv:convert_mediapipe_npy_to_csv():293] [PID:16244:Process-4 TID:13672:MainThread ] length of face 3d xyz `.csv` header: 1434, should be: 1434
[2024-09-13T11:59:55.752240] [Δt:1.273326s] [    INFO] [freemocap.core_processes.detecting_things_in_2d_images.mediapipe_stuff.convert_mediapipe_npy_to_csv] [convert_mediapipe_npy_to_csv:convert_mediapipe_npy_to_csv():322] [PID:16244:Process-4 TID:13672:MainThread ] Done saving out `csv` and broken up `npy` files
[2024-09-13T11:59:55.752240] [Δt:0.000000s] [    INFO] [freemocap.core_processes.process_motion_capture_videos.processing_pipeline_functions.data_saving_pipeline_functions] [data_saving_pipeline_functions:save_data():39] [PID:16244:Process-4 TID:13672:MainThread ] Saving post-processed data
[2024-09-13T11:59:55.783610] [Δt:0.031369s] [    INFO] [freemocap.core_processes.process_motion_capture_videos.processing_pipeline_functions.data_saving_pipeline_functions] [data_saving_pipeline_functions:save_data():46] [PID:16244:Process-4 TID:13672:MainThread ] Saving segment center of mass data
[2024-09-13T11:59:55.783610] [Δt:0.000000s] [    INFO] [freemocap.core_processes.process_motion_capture_videos.processing_pipeline_functions.data_saving_pipeline_functions] [data_saving_pipeline_functions:save_data():53] [PID:16244:Process-4 TID:13672:MainThread ] Saving total body center of mass data
[2024-09-13T11:59:55.791505] [Δt:0.007896s] [    INFO] [freemocap.utilities.save_dictionary_to_json] [save_dictionary_to_json:save_dictionary_to_json():16] [PID:16244:Process-4 TID:13672:MainThread ] Saved dictionary mediapipe_names_and_connections_dict.json as json  at: F:\Mobile-Multimodal-Lab\3_MOTION_TRACKING\3_freemocap\marker_MULTIPLEpairs\P1\Vision_Movement\trial_4\output_data\mediapipe_names_and_connections_dict.json
[2024-09-13T11:59:55.794984] [Δt:0.003479s] [ WARNING] [freemocap.system.paths_and_filenames.file_and_folder_names] [path_getters:get_timestamps_directory():252] [PID:16244:Process-4 TID:13672:MainThread ] Could not find timestamps directory in F:\Mobile-Multimodal-Lab\3_MOTION_TRACKING\3_freemocap\marker_MULTIPLEpairs\P1\Vision_Movement\trial_4\synchronized_videos
[2024-09-13T11:59:55.796061] [Δt:0.001077s] [ WARNING] [freemocap.data_layer.data_saver.data_loader] [data_loader:_load_timestamps():91] [PID:16244:Process-4 TID:13672:MainThread ] No timestamps directory found. Skipping timestamps loading.
[2024-09-13T12:00:03.643529] [Δt:7.847467s] [    INFO] [freemocap.data_layer.data_saver.data_saver] [data_saver:save_to_json():59] [PID:16244:Process-4 TID:13672:MainThread ] Saving recording data to F:\Mobile-Multimodal-Lab\3_MOTION_TRACKING\3_freemocap\marker_MULTIPLEpairs\P1\Vision_Movement\trial_4\trial_4_by_frame.json
[2024-09-13T12:00:09.218124] [Δt:5.574596s] [    INFO] [freemocap.data_layer.data_saver.data_saver] [data_saver:save_to_csv():76] [PID:16244:Process-4 TID:13672:MainThread ] Saved recording data to F:\Mobile-Multimodal-Lab\3_MOTION_TRACKING\3_freemocap\marker_MULTIPLEpairs\P1\Vision_Movement\trial_4\trial_4_by_trajectory.csv
[2024-09-13T12:00:09.277884] [Δt:0.059759s] [    INFO] [freemocap.data_layer.data_saver.data_saver] [data_saver:save_to_npy():82] [PID:16244:Process-4 TID:13672:MainThread ] Saved recording data to F:\Mobile-Multimodal-Lab\3_MOTION_TRACKING\3_freemocap\marker_MULTIPLEpairs\P1\Vision_Movement\trial_4\trial_4_frame_name_xyz.npy
[2024-09-13T12:00:09.319142] [Δt:0.041259s] [    INFO] [freemocap.core_processes.process_motion_capture_videos.process_recording_folder] [process_recording_folder:process_recording_folder():143] [PID:16244:Process-4 TID:13672:MainThread ] Done processing F:\Mobile-Multimodal-Lab\3_MOTION_TRACKING\3_freemocap\marker_MULTIPLEpairs\P1\Vision_Movement\trial_4
