[2024-09-12T18:59:08.147443] [Δt:0.000000s] [    INFO] [freemocap] [__init__:<module>():18] [PID:16556:Process-4 TID:12184:MainThread ] Initializing freemocap package, version: v1.2.2, from file: F:\freemocap\freemocap\__init__.py
[2024-09-12T18:59:12.175325] [Δt:4.037882s] [    INFO] [skellytracker.system.logging_configuration] [logging_configuration:configure_logging():43] [PID:16556:Process-4 TID:12184:MainThread ] Logging already configured!
[2024-09-12T18:59:12.417233] [Δt:0.231908s] [    INFO] [freemocap.data_layer.recording_models.recording_info_model] [recording_info_model:get_number_of_mp4s_in_synched_videos_directory():239] [PID:16556:Process-4 TID:12184:MainThread ] Number of `.mp4`'s in F:\Mobile-Multimodal-Lab\3_MOTION_TRACKING\3_freemocap\marker_MULTIPLEpairs\P1\NoVision_NoMovement\trial_4\synchronized_videos: 3
[2024-09-12T18:59:12.417233] [Δt:0.000000s] [   DEBUG] [freemocap.data_layer.recording_models.recording_info_model] [recording_info_model:get_number_of_frames_in_videos():253] [PID:16556:Process-4 TID:12184:MainThread ] No 'timestamps' directory, finding frame counts from synchronized videos
[2024-09-12T18:59:12.437261] [Δt:0.020027s] [    INFO] [freemocap.core_processes.process_motion_capture_videos.processing_pipeline_functions.image_tracking_pipeline_functions] [image_tracking_pipeline_functions:run_image_tracking_pipeline():44] [PID:16556:Process-4 TID:12184:MainThread ] Detecting 2d skeletons...
[2024-09-12T18:59:12.437261] [Δt:0.000000s] [    INFO] [freemocap.core_processes.process_motion_capture_videos.processing_pipeline_functions.image_tracking_pipeline_functions] [image_tracking_pipeline_functions:run_image_tracking_pipeline():45] [PID:16556:Process-4 TID:12184:MainThread ] Log Progress
[2024-09-12T18:59:12.447717] [Δt:0.010456s] [    INFO] [root] [process_folder_of_videos:process_folder_of_videos():95] [PID:16556:Process-4 TID:12184:MainThread ] Using multiprocessing to run pose estimation
[2024-09-12T19:00:40.341417] [Δt:87.893700s] [    INFO] [skellytracker.process_folder_of_videos] [process_folder_of_videos:process_folder_of_videos():105] [PID:16556:Process-4 TID:12184:MainThread ] Shape of output array: (3, 649, 553, 3)
[2024-09-12T19:00:40.592226] [Δt:0.250809s] [    INFO] [freemocap.core_processes.process_motion_capture_videos.processing_pipeline_functions.triangulation_pipeline_functions] [triangulation_pipeline_functions:get_triangulated_data():63] [PID:16556:Process-4 TID:12184:MainThread ] Triangulating 3d skeletons...
[2024-09-12T19:00:40.592226] [Δt:0.000000s] [    INFO] [freemocap.core_processes.process_motion_capture_videos.processing_pipeline_functions.triangulation_pipeline_functions] [triangulation_pipeline_functions:get_triangulated_data():64] [PID:16556:Process-4 TID:12184:MainThread ] Log Progress
[2024-09-12T19:00:40.631850] [Δt:0.039625s] [    INFO] [freemocap.core_processes.capture_volume_calibration.anipose_camera_calibration.get_anipose_calibration_object] [get_anipose_calibration_object:load_anipose_calibration_toml_from_path():38] [PID:16556:Process-4 TID:12184:MainThread ] loading camera calibration file from:F:/Mobile-Multimodal-Lab/3_MOTION_TRACKING/2_Video_Calibration/calibration_results/P1/3vid_Calibration_P1_T1_charuco_2024-04-23__calibration_anipose.toml
[2024-09-12T19:00:40.631850] [Δt:0.000000s] [    INFO] [freemocap.core_processes.capture_volume_calibration.triangulate_3d_data] [triangulate_3d_data:triangulate_3d_data():35] [PID:16556:Process-4 TID:12184:MainThread ] Reconstructing 3d points from 2d points with shape: 
number_of_cameras: 3,
number_of_frames: 649, 
number_of_tracked_points: 553,
number_of_spatial_dimensions: 2
[2024-09-12T19:00:40.631850] [Δt:0.000000s] [    INFO] [freemocap.core_processes.capture_volume_calibration.triangulate_3d_data] [triangulate_3d_data:triangulate_3d_data():47] [PID:16556:Process-4 TID:12184:MainThread ] Using simple `triangulate` method 
[2024-09-12T19:01:20.101707] [Δt:39.469856s] [    INFO] [freemocap.core_processes.capture_volume_calibration.save_mediapipe_3d_data_to_npy] [save_mediapipe_3d_data_to_npy:save_mediapipe_3d_data_to_npy():50] [PID:16556:Process-4 TID:12184:MainThread ] saving: F:\Mobile-Multimodal-Lab\3_MOTION_TRACKING\3_freemocap\marker_MULTIPLEpairs\P1\NoVision_NoMovement\trial_4\output_data\raw_data\mediapipe3dData_numFrames_numTrackedPoints_spatialXYZ.npy
[2024-09-12T19:01:20.131707] [Δt:0.030000s] [    INFO] [freemocap.core_processes.capture_volume_calibration.save_mediapipe_3d_data_to_npy] [save_mediapipe_3d_data_to_npy:save_mediapipe_3d_data_to_npy():55] [PID:16556:Process-4 TID:12184:MainThread ] saving: F:\Mobile-Multimodal-Lab\3_MOTION_TRACKING\3_freemocap\marker_MULTIPLEpairs\P1\NoVision_NoMovement\trial_4\output_data\raw_data\mediapipe3dData_numFrames_numTrackedPoints_reprojectionError.npy
[2024-09-12T19:01:20.290741] [Δt:0.159035s] [    INFO] [freemocap.core_processes.capture_volume_calibration.save_mediapipe_3d_data_to_npy] [save_mediapipe_3d_data_to_npy:save_mediapipe_3d_data_to_npy():61] [PID:16556:Process-4 TID:12184:MainThread ] saving: F:\Mobile-Multimodal-Lab\3_MOTION_TRACKING\3_freemocap\marker_MULTIPLEpairs\P1\NoVision_NoMovement\trial_4\output_data\raw_data\mediapipe3dData_numCams_numFrames_numTrackedPoints_reprojectionError.npy
[2024-09-12T19:01:20.321331] [Δt:0.030589s] [    INFO] [freemocap.core_processes.post_process_skeleton_data.post_process_skeleton] [post_process_skeleton:run_post_processing_worker():79] [PID:16556:Process-4 TID:12184:MainThread ] Starting post-processing worker thread
[2024-09-12T19:01:20.321331] [Δt:0.000000s] [    INFO] [freemocap.core_processes.post_process_skeleton_data.post_process_skeleton] [post_process_skeleton:run_post_processing_worker():80] [PID:16556:Process-4 TID:12184:MainThread ] Log Progress
[2024-09-12T19:01:21.054646] [Δt:0.733316s] [    INFO] [freemocap.core_processes.post_process_skeleton_data.post_process_skeleton] [post_process_skeleton:run_post_processing_worker():90] [PID:16556:Process-4 TID:12184:MainThread ] Done with gap filling, filtering, and aligning
[2024-09-12T19:01:21.054646] [Δt:0.000000s] [    INFO] [freemocap.core_processes.process_motion_capture_videos.processing_pipeline_functions.anatomical_data_pipeline_functions] [anatomical_data_pipeline_functions:calculate_anatomical_data():26] [PID:16556:Process-4 TID:12184:MainThread ] Calculating center of mass...
[2024-09-12T19:01:21.846405] [Δt:0.791758s] [    INFO] [freemocap.core_processes.post_process_skeleton_data.calculate_center_of_mass] [calculate_center_of_mass:calculate_total_body_COM():306] [PID:16556:Process-4 TID:12184:MainThread ] Calculating Total Body Center of Mass
[2024-09-12T19:01:22.250240] [Δt:0.403836s] [    INFO] [freemocap.core_processes.detecting_things_in_2d_images.mediapipe_stuff.convert_mediapipe_npy_to_csv] [convert_mediapipe_npy_to_csv:convert_mediapipe_npy_to_csv():23] [PID:16556:Process-4 TID:12184:MainThread ] Converting npy data with shape: (649, 553, 3) into `csv` and smaller `npy` files
[2024-09-12T19:01:23.523600] [Δt:1.273360s] [   DEBUG] [freemocap.core_processes.detecting_things_in_2d_images.mediapipe_stuff.convert_mediapipe_npy_to_csv] [convert_mediapipe_npy_to_csv:convert_mediapipe_npy_to_csv():239] [PID:16556:Process-4 TID:12184:MainThread ] body 3d xyz shape: (649, 33, 3)
[2024-09-12T19:01:23.523600] [Δt:0.000000s] [   DEBUG] [freemocap.core_processes.detecting_things_in_2d_images.mediapipe_stuff.convert_mediapipe_npy_to_csv] [convert_mediapipe_npy_to_csv:convert_mediapipe_npy_to_csv():240] [PID:16556:Process-4 TID:12184:MainThread ] right hand 3d xyz shape: (649, 21, 3)
[2024-09-12T19:01:23.533603] [Δt:0.010003s] [   DEBUG] [freemocap.core_processes.detecting_things_in_2d_images.mediapipe_stuff.convert_mediapipe_npy_to_csv] [convert_mediapipe_npy_to_csv:convert_mediapipe_npy_to_csv():241] [PID:16556:Process-4 TID:12184:MainThread ] left hand 3d xyz shape: (649, 21, 3)
[2024-09-12T19:01:23.533603] [Δt:0.000000s] [   DEBUG] [freemocap.core_processes.detecting_things_in_2d_images.mediapipe_stuff.convert_mediapipe_npy_to_csv] [convert_mediapipe_npy_to_csv:convert_mediapipe_npy_to_csv():242] [PID:16556:Process-4 TID:12184:MainThread ] face 3d xyz shape: (649, 478, 3)
[2024-09-12T19:01:23.604563] [Δt:0.070960s] [   DEBUG] [freemocap.core_processes.detecting_things_in_2d_images.mediapipe_stuff.convert_mediapipe_npy_to_csv] [convert_mediapipe_npy_to_csv:convert_mediapipe_npy_to_csv():284] [PID:16556:Process-4 TID:12184:MainThread ] length of body 3d xyz `.csv` header: 99, should be: 99
[2024-09-12T19:01:23.604563] [Δt:0.000000s] [   DEBUG] [freemocap.core_processes.detecting_things_in_2d_images.mediapipe_stuff.convert_mediapipe_npy_to_csv] [convert_mediapipe_npy_to_csv:convert_mediapipe_npy_to_csv():287] [PID:16556:Process-4 TID:12184:MainThread ] length of right hand 3d xyz `.csv` header: 63, should be: 63
[2024-09-12T19:01:23.604563] [Δt:0.000000s] [   DEBUG] [freemocap.core_processes.detecting_things_in_2d_images.mediapipe_stuff.convert_mediapipe_npy_to_csv] [convert_mediapipe_npy_to_csv:convert_mediapipe_npy_to_csv():290] [PID:16556:Process-4 TID:12184:MainThread ] length of left hand 3d xyz `.csv` header: 63, should be: 63
[2024-09-12T19:01:23.614589] [Δt:0.010025s] [   DEBUG] [freemocap.core_processes.detecting_things_in_2d_images.mediapipe_stuff.convert_mediapipe_npy_to_csv] [convert_mediapipe_npy_to_csv:convert_mediapipe_npy_to_csv():293] [PID:16556:Process-4 TID:12184:MainThread ] length of face 3d xyz `.csv` header: 1434, should be: 1434
[2024-09-12T19:01:24.770406] [Δt:1.155818s] [    INFO] [freemocap.core_processes.detecting_things_in_2d_images.mediapipe_stuff.convert_mediapipe_npy_to_csv] [convert_mediapipe_npy_to_csv:convert_mediapipe_npy_to_csv():322] [PID:16556:Process-4 TID:12184:MainThread ] Done saving out `csv` and broken up `npy` files
[2024-09-12T19:01:24.770406] [Δt:0.000000s] [    INFO] [freemocap.core_processes.process_motion_capture_videos.processing_pipeline_functions.data_saving_pipeline_functions] [data_saving_pipeline_functions:save_data():39] [PID:16556:Process-4 TID:12184:MainThread ] Saving post-processed data
[2024-09-12T19:01:24.933605] [Δt:0.163199s] [    INFO] [freemocap.core_processes.process_motion_capture_videos.processing_pipeline_functions.data_saving_pipeline_functions] [data_saving_pipeline_functions:save_data():46] [PID:16556:Process-4 TID:12184:MainThread ] Saving segment center of mass data
[2024-09-12T19:01:24.933605] [Δt:0.000000s] [    INFO] [freemocap.core_processes.process_motion_capture_videos.processing_pipeline_functions.data_saving_pipeline_functions] [data_saving_pipeline_functions:save_data():53] [PID:16556:Process-4 TID:12184:MainThread ] Saving total body center of mass data
[2024-09-12T19:01:24.933605] [Δt:0.000000s] [    INFO] [freemocap.utilities.save_dictionary_to_json] [save_dictionary_to_json:save_dictionary_to_json():16] [PID:16556:Process-4 TID:12184:MainThread ] Saved dictionary mediapipe_names_and_connections_dict.json as json  at: F:\Mobile-Multimodal-Lab\3_MOTION_TRACKING\3_freemocap\marker_MULTIPLEpairs\P1\NoVision_NoMovement\trial_4\output_data\mediapipe_names_and_connections_dict.json
[2024-09-12T19:01:24.943578] [Δt:0.009973s] [ WARNING] [freemocap.system.paths_and_filenames.file_and_folder_names] [path_getters:get_timestamps_directory():252] [PID:16556:Process-4 TID:12184:MainThread ] Could not find timestamps directory in F:\Mobile-Multimodal-Lab\3_MOTION_TRACKING\3_freemocap\marker_MULTIPLEpairs\P1\NoVision_NoMovement\trial_4\synchronized_videos
[2024-09-12T19:01:24.943578] [Δt:0.000000s] [ WARNING] [freemocap.data_layer.data_saver.data_loader] [data_loader:_load_timestamps():91] [PID:16556:Process-4 TID:12184:MainThread ] No timestamps directory found. Skipping timestamps loading.
[2024-09-12T19:01:32.494157] [Δt:7.550578s] [    INFO] [freemocap.data_layer.data_saver.data_saver] [data_saver:save_to_json():59] [PID:16556:Process-4 TID:12184:MainThread ] Saving recording data to F:\Mobile-Multimodal-Lab\3_MOTION_TRACKING\3_freemocap\marker_MULTIPLEpairs\P1\NoVision_NoMovement\trial_4\trial_4_by_frame.json
[2024-09-12T19:01:37.597723] [Δt:5.103567s] [    INFO] [freemocap.data_layer.data_saver.data_saver] [data_saver:save_to_csv():76] [PID:16556:Process-4 TID:12184:MainThread ] Saved recording data to F:\Mobile-Multimodal-Lab\3_MOTION_TRACKING\3_freemocap\marker_MULTIPLEpairs\P1\NoVision_NoMovement\trial_4\trial_4_by_trajectory.csv
[2024-09-12T19:01:37.647693] [Δt:0.049969s] [    INFO] [freemocap.data_layer.data_saver.data_saver] [data_saver:save_to_npy():82] [PID:16556:Process-4 TID:12184:MainThread ] Saved recording data to F:\Mobile-Multimodal-Lab\3_MOTION_TRACKING\3_freemocap\marker_MULTIPLEpairs\P1\NoVision_NoMovement\trial_4\trial_4_frame_name_xyz.npy
[2024-09-12T19:01:37.678340] [Δt:0.030648s] [    INFO] [freemocap.core_processes.process_motion_capture_videos.process_recording_folder] [process_recording_folder:process_recording_folder():143] [PID:16556:Process-4 TID:12184:MainThread ] Done processing F:\Mobile-Multimodal-Lab\3_MOTION_TRACKING\3_freemocap\marker_MULTIPLEpairs\P1\NoVision_NoMovement\trial_4
