[2024-09-11T19:42:28.912480] [Δt:0.000000s] [    INFO] [freemocap] [__init__:<module>():18] [PID:20168:Process-6 TID:20180:MainThread ] Initializing freemocap package, version: v1.2.2, from file: F:\freemocap\freemocap\__init__.py
[2024-09-11T19:42:32.990208] [Δt:4.077728s] [    INFO] [skellytracker.system.logging_configuration] [logging_configuration:configure_logging():43] [PID:20168:Process-6 TID:20180:MainThread ] Logging already configured!
[2024-09-11T19:42:33.223807] [Δt:0.233600s] [    INFO] [freemocap.data_layer.recording_models.recording_info_model] [recording_info_model:get_number_of_mp4s_in_synched_videos_directory():239] [PID:20168:Process-6 TID:20180:MainThread ] Number of `.mp4`'s in F:\Mobile-Multimodal-Lab\3_MOTION_TRACKING\3_freemocap\marker_MULTIPLEpairs\P1\NoVision_Movement\trial_3\synchronized_videos: 3
[2024-09-11T19:42:33.223807] [Δt:0.000000s] [   DEBUG] [freemocap.data_layer.recording_models.recording_info_model] [recording_info_model:get_number_of_frames_in_videos():253] [PID:20168:Process-6 TID:20180:MainThread ] No 'timestamps' directory, finding frame counts from synchronized videos
[2024-09-11T19:42:33.254519] [Δt:0.030712s] [    INFO] [freemocap.core_processes.process_motion_capture_videos.processing_pipeline_functions.image_tracking_pipeline_functions] [image_tracking_pipeline_functions:run_image_tracking_pipeline():44] [PID:20168:Process-6 TID:20180:MainThread ] Detecting 2d skeletons...
[2024-09-11T19:42:33.254519] [Δt:0.000000s] [    INFO] [freemocap.core_processes.process_motion_capture_videos.processing_pipeline_functions.image_tracking_pipeline_functions] [image_tracking_pipeline_functions:run_image_tracking_pipeline():45] [PID:20168:Process-6 TID:20180:MainThread ] Log Progress
[2024-09-11T19:42:33.254519] [Δt:0.000000s] [    INFO] [root] [process_folder_of_videos:process_folder_of_videos():95] [PID:20168:Process-6 TID:20180:MainThread ] Using multiprocessing to run pose estimation
[2024-09-11T19:44:07.712081] [Δt:94.457561s] [    INFO] [skellytracker.process_folder_of_videos] [process_folder_of_videos:process_folder_of_videos():105] [PID:20168:Process-6 TID:20180:MainThread ] Shape of output array: (3, 681, 553, 3)
[2024-09-11T19:44:07.902782] [Δt:0.190702s] [    INFO] [freemocap.core_processes.process_motion_capture_videos.processing_pipeline_functions.triangulation_pipeline_functions] [triangulation_pipeline_functions:get_triangulated_data():63] [PID:20168:Process-6 TID:20180:MainThread ] Triangulating 3d skeletons...
[2024-09-11T19:44:07.902782] [Δt:0.000000s] [    INFO] [freemocap.core_processes.process_motion_capture_videos.processing_pipeline_functions.triangulation_pipeline_functions] [triangulation_pipeline_functions:get_triangulated_data():64] [PID:20168:Process-6 TID:20180:MainThread ] Log Progress
[2024-09-11T19:44:07.937561] [Δt:0.034779s] [    INFO] [freemocap.core_processes.capture_volume_calibration.anipose_camera_calibration.get_anipose_calibration_object] [get_anipose_calibration_object:load_anipose_calibration_toml_from_path():38] [PID:20168:Process-6 TID:20180:MainThread ] loading camera calibration file from:F:/Mobile-Multimodal-Lab/3_MOTION_TRACKING/2_Video_Calibration/calibration_results/P1/3vid_Calibration_P1_T1_charuco_2024-04-23__calibration_anipose.toml
[2024-09-11T19:44:07.939532] [Δt:0.001971s] [    INFO] [freemocap.core_processes.capture_volume_calibration.triangulate_3d_data] [triangulate_3d_data:triangulate_3d_data():35] [PID:20168:Process-6 TID:20180:MainThread ] Reconstructing 3d points from 2d points with shape: 
number_of_cameras: 3,
number_of_frames: 681, 
number_of_tracked_points: 553,
number_of_spatial_dimensions: 2
[2024-09-11T19:44:07.946519] [Δt:0.006987s] [    INFO] [freemocap.core_processes.capture_volume_calibration.triangulate_3d_data] [triangulate_3d_data:triangulate_3d_data():47] [PID:20168:Process-6 TID:20180:MainThread ] Using simple `triangulate` method 
[2024-09-11T19:44:51.409676] [Δt:43.463157s] [    INFO] [freemocap.core_processes.capture_volume_calibration.save_mediapipe_3d_data_to_npy] [save_mediapipe_3d_data_to_npy:save_mediapipe_3d_data_to_npy():50] [PID:20168:Process-6 TID:20180:MainThread ] saving: F:\Mobile-Multimodal-Lab\3_MOTION_TRACKING\3_freemocap\marker_MULTIPLEpairs\P1\NoVision_Movement\trial_3\output_data\raw_data\mediapipe3dData_numFrames_numTrackedPoints_spatialXYZ.npy
[2024-09-11T19:44:51.439807] [Δt:0.030130s] [    INFO] [freemocap.core_processes.capture_volume_calibration.save_mediapipe_3d_data_to_npy] [save_mediapipe_3d_data_to_npy:save_mediapipe_3d_data_to_npy():55] [PID:20168:Process-6 TID:20180:MainThread ] saving: F:\Mobile-Multimodal-Lab\3_MOTION_TRACKING\3_freemocap\marker_MULTIPLEpairs\P1\NoVision_Movement\trial_3\output_data\raw_data\mediapipe3dData_numFrames_numTrackedPoints_reprojectionError.npy
[2024-09-11T19:44:51.599580] [Δt:0.159773s] [    INFO] [freemocap.core_processes.capture_volume_calibration.save_mediapipe_3d_data_to_npy] [save_mediapipe_3d_data_to_npy:save_mediapipe_3d_data_to_npy():61] [PID:20168:Process-6 TID:20180:MainThread ] saving: F:\Mobile-Multimodal-Lab\3_MOTION_TRACKING\3_freemocap\marker_MULTIPLEpairs\P1\NoVision_Movement\trial_3\output_data\raw_data\mediapipe3dData_numCams_numFrames_numTrackedPoints_reprojectionError.npy
[2024-09-11T19:44:51.716550] [Δt:0.116971s] [    INFO] [freemocap.core_processes.post_process_skeleton_data.post_process_skeleton] [post_process_skeleton:run_post_processing_worker():79] [PID:20168:Process-6 TID:20180:MainThread ] Starting post-processing worker thread
[2024-09-11T19:44:51.716550] [Δt:0.000000s] [    INFO] [freemocap.core_processes.post_process_skeleton_data.post_process_skeleton] [post_process_skeleton:run_post_processing_worker():80] [PID:20168:Process-6 TID:20180:MainThread ] Log Progress
[2024-09-11T19:44:52.396630] [Δt:0.680079s] [    INFO] [freemocap.core_processes.post_process_skeleton_data.post_process_skeleton] [post_process_skeleton:run_post_processing_worker():90] [PID:20168:Process-6 TID:20180:MainThread ] Done with gap filling, filtering, and aligning
[2024-09-11T19:44:52.396630] [Δt:0.000000s] [    INFO] [freemocap.core_processes.process_motion_capture_videos.processing_pipeline_functions.anatomical_data_pipeline_functions] [anatomical_data_pipeline_functions:calculate_anatomical_data():26] [PID:20168:Process-6 TID:20180:MainThread ] Calculating center of mass...
[2024-09-11T19:44:53.249384] [Δt:0.852754s] [    INFO] [freemocap.core_processes.post_process_skeleton_data.calculate_center_of_mass] [calculate_center_of_mass:calculate_total_body_COM():306] [PID:20168:Process-6 TID:20180:MainThread ] Calculating Total Body Center of Mass
[2024-09-11T19:44:53.687877] [Δt:0.438493s] [    INFO] [freemocap.core_processes.detecting_things_in_2d_images.mediapipe_stuff.convert_mediapipe_npy_to_csv] [convert_mediapipe_npy_to_csv:convert_mediapipe_npy_to_csv():23] [PID:20168:Process-6 TID:20180:MainThread ] Converting npy data with shape: (681, 553, 3) into `csv` and smaller `npy` files
[2024-09-11T19:44:54.998543] [Δt:1.310666s] [   DEBUG] [freemocap.core_processes.detecting_things_in_2d_images.mediapipe_stuff.convert_mediapipe_npy_to_csv] [convert_mediapipe_npy_to_csv:convert_mediapipe_npy_to_csv():239] [PID:20168:Process-6 TID:20180:MainThread ] body 3d xyz shape: (681, 33, 3)
[2024-09-11T19:44:54.999050] [Δt:0.000508s] [   DEBUG] [freemocap.core_processes.detecting_things_in_2d_images.mediapipe_stuff.convert_mediapipe_npy_to_csv] [convert_mediapipe_npy_to_csv:convert_mediapipe_npy_to_csv():240] [PID:20168:Process-6 TID:20180:MainThread ] right hand 3d xyz shape: (681, 21, 3)
[2024-09-11T19:44:55.002042] [Δt:0.002991s] [   DEBUG] [freemocap.core_processes.detecting_things_in_2d_images.mediapipe_stuff.convert_mediapipe_npy_to_csv] [convert_mediapipe_npy_to_csv:convert_mediapipe_npy_to_csv():241] [PID:20168:Process-6 TID:20180:MainThread ] left hand 3d xyz shape: (681, 21, 3)
[2024-09-11T19:44:55.009205] [Δt:0.007164s] [   DEBUG] [freemocap.core_processes.detecting_things_in_2d_images.mediapipe_stuff.convert_mediapipe_npy_to_csv] [convert_mediapipe_npy_to_csv:convert_mediapipe_npy_to_csv():242] [PID:20168:Process-6 TID:20180:MainThread ] face 3d xyz shape: (681, 478, 3)
[2024-09-11T19:44:55.083550] [Δt:0.074344s] [   DEBUG] [freemocap.core_processes.detecting_things_in_2d_images.mediapipe_stuff.convert_mediapipe_npy_to_csv] [convert_mediapipe_npy_to_csv:convert_mediapipe_npy_to_csv():284] [PID:20168:Process-6 TID:20180:MainThread ] length of body 3d xyz `.csv` header: 99, should be: 99
[2024-09-11T19:44:55.083550] [Δt:0.000000s] [   DEBUG] [freemocap.core_processes.detecting_things_in_2d_images.mediapipe_stuff.convert_mediapipe_npy_to_csv] [convert_mediapipe_npy_to_csv:convert_mediapipe_npy_to_csv():287] [PID:20168:Process-6 TID:20180:MainThread ] length of right hand 3d xyz `.csv` header: 63, should be: 63
[2024-09-11T19:44:55.086542] [Δt:0.002992s] [   DEBUG] [freemocap.core_processes.detecting_things_in_2d_images.mediapipe_stuff.convert_mediapipe_npy_to_csv] [convert_mediapipe_npy_to_csv:convert_mediapipe_npy_to_csv():290] [PID:20168:Process-6 TID:20180:MainThread ] length of left hand 3d xyz `.csv` header: 63, should be: 63
[2024-09-11T19:44:55.094521] [Δt:0.007980s] [   DEBUG] [freemocap.core_processes.detecting_things_in_2d_images.mediapipe_stuff.convert_mediapipe_npy_to_csv] [convert_mediapipe_npy_to_csv:convert_mediapipe_npy_to_csv():293] [PID:20168:Process-6 TID:20180:MainThread ] length of face 3d xyz `.csv` header: 1434, should be: 1434
[2024-09-11T19:44:56.333106] [Δt:1.238585s] [    INFO] [freemocap.core_processes.detecting_things_in_2d_images.mediapipe_stuff.convert_mediapipe_npy_to_csv] [convert_mediapipe_npy_to_csv:convert_mediapipe_npy_to_csv():322] [PID:20168:Process-6 TID:20180:MainThread ] Done saving out `csv` and broken up `npy` files
[2024-09-11T19:44:56.333704] [Δt:0.000675s] [    INFO] [freemocap.core_processes.process_motion_capture_videos.processing_pipeline_functions.data_saving_pipeline_functions] [data_saving_pipeline_functions:save_data():39] [PID:20168:Process-6 TID:20180:MainThread ] Saving post-processed data
[2024-09-11T19:44:56.489034] [Δt:0.155253s] [    INFO] [freemocap.core_processes.process_motion_capture_videos.processing_pipeline_functions.data_saving_pipeline_functions] [data_saving_pipeline_functions:save_data():46] [PID:20168:Process-6 TID:20180:MainThread ] Saving segment center of mass data
[2024-09-11T19:44:56.492028] [Δt:0.002993s] [    INFO] [freemocap.core_processes.process_motion_capture_videos.processing_pipeline_functions.data_saving_pipeline_functions] [data_saving_pipeline_functions:save_data():53] [PID:20168:Process-6 TID:20180:MainThread ] Saving total body center of mass data
[2024-09-11T19:44:56.495448] [Δt:0.003421s] [    INFO] [freemocap.utilities.save_dictionary_to_json] [save_dictionary_to_json:save_dictionary_to_json():16] [PID:20168:Process-6 TID:20180:MainThread ] Saved dictionary mediapipe_names_and_connections_dict.json as json  at: F:\Mobile-Multimodal-Lab\3_MOTION_TRACKING\3_freemocap\marker_MULTIPLEpairs\P1\NoVision_Movement\trial_3\output_data\mediapipe_names_and_connections_dict.json
[2024-09-11T19:44:56.498485] [Δt:0.003037s] [ WARNING] [freemocap.system.paths_and_filenames.file_and_folder_names] [path_getters:get_timestamps_directory():252] [PID:20168:Process-6 TID:20180:MainThread ] Could not find timestamps directory in F:\Mobile-Multimodal-Lab\3_MOTION_TRACKING\3_freemocap\marker_MULTIPLEpairs\P1\NoVision_Movement\trial_3\synchronized_videos
[2024-09-11T19:44:56.499534] [Δt:0.001049s] [ WARNING] [freemocap.data_layer.data_saver.data_loader] [data_loader:_load_timestamps():91] [PID:20168:Process-6 TID:20180:MainThread ] No timestamps directory found. Skipping timestamps loading.
[2024-09-11T19:45:04.724390] [Δt:8.224856s] [    INFO] [freemocap.data_layer.data_saver.data_saver] [data_saver:save_to_json():59] [PID:20168:Process-6 TID:20180:MainThread ] Saving recording data to F:\Mobile-Multimodal-Lab\3_MOTION_TRACKING\3_freemocap\marker_MULTIPLEpairs\P1\NoVision_Movement\trial_3\trial_3_by_frame.json
[2024-09-11T19:45:10.170137] [Δt:5.445747s] [    INFO] [freemocap.data_layer.data_saver.data_saver] [data_saver:save_to_csv():76] [PID:20168:Process-6 TID:20180:MainThread ] Saved recording data to F:\Mobile-Multimodal-Lab\3_MOTION_TRACKING\3_freemocap\marker_MULTIPLEpairs\P1\NoVision_Movement\trial_3\trial_3_by_trajectory.csv
[2024-09-11T19:45:10.224861] [Δt:0.054724s] [    INFO] [freemocap.data_layer.data_saver.data_saver] [data_saver:save_to_npy():82] [PID:20168:Process-6 TID:20180:MainThread ] Saved recording data to F:\Mobile-Multimodal-Lab\3_MOTION_TRACKING\3_freemocap\marker_MULTIPLEpairs\P1\NoVision_Movement\trial_3\trial_3_frame_name_xyz.npy
[2024-09-11T19:45:10.253036] [Δt:0.028175s] [    INFO] [freemocap.core_processes.process_motion_capture_videos.process_recording_folder] [process_recording_folder:process_recording_folder():143] [PID:20168:Process-6 TID:20180:MainThread ] Done processing F:\Mobile-Multimodal-Lab\3_MOTION_TRACKING\3_freemocap\marker_MULTIPLEpairs\P1\NoVision_Movement\trial_3
