[2024-09-11T19:30:12.039318] [Δt:0.000000s] [    INFO] [freemocap] [__init__:<module>():18] [PID:11032:Process-4 TID:1668:MainThread ] Initializing freemocap package, version: v1.2.2, from file: F:\freemocap\freemocap\__init__.py
[2024-09-11T19:30:16.110741] [Δt:4.071424s] [    INFO] [skellytracker.system.logging_configuration] [logging_configuration:configure_logging():43] [PID:11032:Process-4 TID:1668:MainThread ] Logging already configured!
[2024-09-11T19:30:16.334292] [Δt:0.223551s] [    INFO] [freemocap.data_layer.recording_models.recording_info_model] [recording_info_model:get_number_of_mp4s_in_synched_videos_directory():239] [PID:11032:Process-4 TID:1668:MainThread ] Number of `.mp4`'s in F:\Mobile-Multimodal-Lab\3_MOTION_TRACKING\3_freemocap\marker_MULTIPLEpairs\P1\NoVision_Movement\trial_1\synchronized_videos: 3
[2024-09-11T19:30:16.334292] [Δt:0.000000s] [   DEBUG] [freemocap.data_layer.recording_models.recording_info_model] [recording_info_model:get_number_of_frames_in_videos():253] [PID:11032:Process-4 TID:1668:MainThread ] No 'timestamps' directory, finding frame counts from synchronized videos
[2024-09-11T19:30:16.364266] [Δt:0.029973s] [    INFO] [freemocap.core_processes.process_motion_capture_videos.processing_pipeline_functions.image_tracking_pipeline_functions] [image_tracking_pipeline_functions:run_image_tracking_pipeline():44] [PID:11032:Process-4 TID:1668:MainThread ] Detecting 2d skeletons...
[2024-09-11T19:30:16.364266] [Δt:0.000000s] [    INFO] [freemocap.core_processes.process_motion_capture_videos.processing_pipeline_functions.image_tracking_pipeline_functions] [image_tracking_pipeline_functions:run_image_tracking_pipeline():45] [PID:11032:Process-4 TID:1668:MainThread ] Log Progress
[2024-09-11T19:30:16.397536] [Δt:0.033271s] [    INFO] [root] [process_folder_of_videos:process_folder_of_videos():95] [PID:11032:Process-4 TID:1668:MainThread ] Using multiprocessing to run pose estimation
[2024-09-11T19:31:50.464885] [Δt:94.067348s] [    INFO] [skellytracker.process_folder_of_videos] [process_folder_of_videos:process_folder_of_videos():105] [PID:11032:Process-4 TID:1668:MainThread ] Shape of output array: (3, 688, 553, 3)
[2024-09-11T19:31:50.665854] [Δt:0.200970s] [    INFO] [freemocap.core_processes.process_motion_capture_videos.processing_pipeline_functions.triangulation_pipeline_functions] [triangulation_pipeline_functions:get_triangulated_data():63] [PID:11032:Process-4 TID:1668:MainThread ] Triangulating 3d skeletons...
[2024-09-11T19:31:50.665854] [Δt:0.000000s] [    INFO] [freemocap.core_processes.process_motion_capture_videos.processing_pipeline_functions.triangulation_pipeline_functions] [triangulation_pipeline_functions:get_triangulated_data():64] [PID:11032:Process-4 TID:1668:MainThread ] Log Progress
[2024-09-11T19:31:50.707314] [Δt:0.041459s] [    INFO] [freemocap.core_processes.capture_volume_calibration.anipose_camera_calibration.get_anipose_calibration_object] [get_anipose_calibration_object:load_anipose_calibration_toml_from_path():38] [PID:11032:Process-4 TID:1668:MainThread ] loading camera calibration file from:F:/Mobile-Multimodal-Lab/3_MOTION_TRACKING/2_Video_Calibration/calibration_results/P1/3vid_Calibration_P1_T1_charuco_2024-04-23__calibration_anipose.toml
[2024-09-11T19:31:50.707314] [Δt:0.000000s] [    INFO] [freemocap.core_processes.capture_volume_calibration.triangulate_3d_data] [triangulate_3d_data:triangulate_3d_data():35] [PID:11032:Process-4 TID:1668:MainThread ] Reconstructing 3d points from 2d points with shape: 
number_of_cameras: 3,
number_of_frames: 688, 
number_of_tracked_points: 553,
number_of_spatial_dimensions: 2
[2024-09-11T19:31:50.716794] [Δt:0.009481s] [    INFO] [freemocap.core_processes.capture_volume_calibration.triangulate_3d_data] [triangulate_3d_data:triangulate_3d_data():47] [PID:11032:Process-4 TID:1668:MainThread ] Using simple `triangulate` method 
[2024-09-11T19:32:34.049890] [Δt:43.333096s] [    INFO] [freemocap.core_processes.capture_volume_calibration.save_mediapipe_3d_data_to_npy] [save_mediapipe_3d_data_to_npy:save_mediapipe_3d_data_to_npy():50] [PID:11032:Process-4 TID:1668:MainThread ] saving: F:\Mobile-Multimodal-Lab\3_MOTION_TRACKING\3_freemocap\marker_MULTIPLEpairs\P1\NoVision_Movement\trial_1\output_data\raw_data\mediapipe3dData_numFrames_numTrackedPoints_spatialXYZ.npy
[2024-09-11T19:32:34.079889] [Δt:0.029999s] [    INFO] [freemocap.core_processes.capture_volume_calibration.save_mediapipe_3d_data_to_npy] [save_mediapipe_3d_data_to_npy:save_mediapipe_3d_data_to_npy():55] [PID:11032:Process-4 TID:1668:MainThread ] saving: F:\Mobile-Multimodal-Lab\3_MOTION_TRACKING\3_freemocap\marker_MULTIPLEpairs\P1\NoVision_Movement\trial_1\output_data\raw_data\mediapipe3dData_numFrames_numTrackedPoints_reprojectionError.npy
[2024-09-11T19:32:34.197742] [Δt:0.117852s] [    INFO] [freemocap.core_processes.capture_volume_calibration.save_mediapipe_3d_data_to_npy] [save_mediapipe_3d_data_to_npy:save_mediapipe_3d_data_to_npy():61] [PID:11032:Process-4 TID:1668:MainThread ] saving: F:\Mobile-Multimodal-Lab\3_MOTION_TRACKING\3_freemocap\marker_MULTIPLEpairs\P1\NoVision_Movement\trial_1\output_data\raw_data\mediapipe3dData_numCams_numFrames_numTrackedPoints_reprojectionError.npy
[2024-09-11T19:32:34.310688] [Δt:0.112947s] [    INFO] [freemocap.core_processes.post_process_skeleton_data.post_process_skeleton] [post_process_skeleton:run_post_processing_worker():79] [PID:11032:Process-4 TID:1668:MainThread ] Starting post-processing worker thread
[2024-09-11T19:32:34.320663] [Δt:0.009975s] [    INFO] [freemocap.core_processes.post_process_skeleton_data.post_process_skeleton] [post_process_skeleton:run_post_processing_worker():80] [PID:11032:Process-4 TID:1668:MainThread ] Log Progress
[2024-09-11T19:32:34.986009] [Δt:0.665346s] [    INFO] [freemocap.core_processes.post_process_skeleton_data.post_process_skeleton] [post_process_skeleton:run_post_processing_worker():90] [PID:11032:Process-4 TID:1668:MainThread ] Done with gap filling, filtering, and aligning
[2024-09-11T19:32:34.986009] [Δt:0.000000s] [    INFO] [freemocap.core_processes.process_motion_capture_videos.processing_pipeline_functions.anatomical_data_pipeline_functions] [anatomical_data_pipeline_functions:calculate_anatomical_data():26] [PID:11032:Process-4 TID:1668:MainThread ] Calculating center of mass...
[2024-09-11T19:32:35.828448] [Δt:0.842438s] [    INFO] [freemocap.core_processes.post_process_skeleton_data.calculate_center_of_mass] [calculate_center_of_mass:calculate_total_body_COM():306] [PID:11032:Process-4 TID:1668:MainThread ] Calculating Total Body Center of Mass
[2024-09-11T19:32:36.254777] [Δt:0.426330s] [    INFO] [freemocap.core_processes.detecting_things_in_2d_images.mediapipe_stuff.convert_mediapipe_npy_to_csv] [convert_mediapipe_npy_to_csv:convert_mediapipe_npy_to_csv():23] [PID:11032:Process-4 TID:1668:MainThread ] Converting npy data with shape: (688, 553, 3) into `csv` and smaller `npy` files
[2024-09-11T19:32:37.597150] [Δt:1.342372s] [   DEBUG] [freemocap.core_processes.detecting_things_in_2d_images.mediapipe_stuff.convert_mediapipe_npy_to_csv] [convert_mediapipe_npy_to_csv:convert_mediapipe_npy_to_csv():239] [PID:11032:Process-4 TID:1668:MainThread ] body 3d xyz shape: (688, 33, 3)
[2024-09-11T19:32:37.597150] [Δt:0.000000s] [   DEBUG] [freemocap.core_processes.detecting_things_in_2d_images.mediapipe_stuff.convert_mediapipe_npy_to_csv] [convert_mediapipe_npy_to_csv:convert_mediapipe_npy_to_csv():240] [PID:11032:Process-4 TID:1668:MainThread ] right hand 3d xyz shape: (688, 21, 3)
[2024-09-11T19:32:37.607125] [Δt:0.009976s] [   DEBUG] [freemocap.core_processes.detecting_things_in_2d_images.mediapipe_stuff.convert_mediapipe_npy_to_csv] [convert_mediapipe_npy_to_csv:convert_mediapipe_npy_to_csv():241] [PID:11032:Process-4 TID:1668:MainThread ] left hand 3d xyz shape: (688, 21, 3)
[2024-09-11T19:32:37.607125] [Δt:0.000000s] [   DEBUG] [freemocap.core_processes.detecting_things_in_2d_images.mediapipe_stuff.convert_mediapipe_npy_to_csv] [convert_mediapipe_npy_to_csv:convert_mediapipe_npy_to_csv():242] [PID:11032:Process-4 TID:1668:MainThread ] face 3d xyz shape: (688, 478, 3)
[2024-09-11T19:32:37.688773] [Δt:0.081647s] [   DEBUG] [freemocap.core_processes.detecting_things_in_2d_images.mediapipe_stuff.convert_mediapipe_npy_to_csv] [convert_mediapipe_npy_to_csv:convert_mediapipe_npy_to_csv():284] [PID:11032:Process-4 TID:1668:MainThread ] length of body 3d xyz `.csv` header: 99, should be: 99
[2024-09-11T19:32:37.688773] [Δt:0.000000s] [   DEBUG] [freemocap.core_processes.detecting_things_in_2d_images.mediapipe_stuff.convert_mediapipe_npy_to_csv] [convert_mediapipe_npy_to_csv:convert_mediapipe_npy_to_csv():287] [PID:11032:Process-4 TID:1668:MainThread ] length of right hand 3d xyz `.csv` header: 63, should be: 63
[2024-09-11T19:32:37.688773] [Δt:0.000000s] [   DEBUG] [freemocap.core_processes.detecting_things_in_2d_images.mediapipe_stuff.convert_mediapipe_npy_to_csv] [convert_mediapipe_npy_to_csv:convert_mediapipe_npy_to_csv():290] [PID:11032:Process-4 TID:1668:MainThread ] length of left hand 3d xyz `.csv` header: 63, should be: 63
[2024-09-11T19:32:37.688773] [Δt:0.000000s] [   DEBUG] [freemocap.core_processes.detecting_things_in_2d_images.mediapipe_stuff.convert_mediapipe_npy_to_csv] [convert_mediapipe_npy_to_csv:convert_mediapipe_npy_to_csv():293] [PID:11032:Process-4 TID:1668:MainThread ] length of face 3d xyz `.csv` header: 1434, should be: 1434
[2024-09-11T19:32:38.969019] [Δt:1.280247s] [    INFO] [freemocap.core_processes.detecting_things_in_2d_images.mediapipe_stuff.convert_mediapipe_npy_to_csv] [convert_mediapipe_npy_to_csv:convert_mediapipe_npy_to_csv():322] [PID:11032:Process-4 TID:1668:MainThread ] Done saving out `csv` and broken up `npy` files
[2024-09-11T19:32:38.969019] [Δt:0.000000s] [    INFO] [freemocap.core_processes.process_motion_capture_videos.processing_pipeline_functions.data_saving_pipeline_functions] [data_saving_pipeline_functions:save_data():39] [PID:11032:Process-4 TID:1668:MainThread ] Saving post-processed data
[2024-09-11T19:32:38.999756] [Δt:0.030736s] [    INFO] [freemocap.core_processes.process_motion_capture_videos.processing_pipeline_functions.data_saving_pipeline_functions] [data_saving_pipeline_functions:save_data():46] [PID:11032:Process-4 TID:1668:MainThread ] Saving segment center of mass data
[2024-09-11T19:32:39.053559] [Δt:0.053804s] [    INFO] [freemocap.core_processes.process_motion_capture_videos.processing_pipeline_functions.data_saving_pipeline_functions] [data_saving_pipeline_functions:save_data():53] [PID:11032:Process-4 TID:1668:MainThread ] Saving total body center of mass data
[2024-09-11T19:32:39.057160] [Δt:0.003600s] [    INFO] [freemocap.utilities.save_dictionary_to_json] [save_dictionary_to_json:save_dictionary_to_json():16] [PID:11032:Process-4 TID:1668:MainThread ] Saved dictionary mediapipe_names_and_connections_dict.json as json  at: F:\Mobile-Multimodal-Lab\3_MOTION_TRACKING\3_freemocap\marker_MULTIPLEpairs\P1\NoVision_Movement\trial_1\output_data\mediapipe_names_and_connections_dict.json
[2024-09-11T19:32:39.058229] [Δt:0.001069s] [ WARNING] [freemocap.system.paths_and_filenames.file_and_folder_names] [path_getters:get_timestamps_directory():252] [PID:11032:Process-4 TID:1668:MainThread ] Could not find timestamps directory in F:\Mobile-Multimodal-Lab\3_MOTION_TRACKING\3_freemocap\marker_MULTIPLEpairs\P1\NoVision_Movement\trial_1\synchronized_videos
[2024-09-11T19:32:39.060756] [Δt:0.002527s] [ WARNING] [freemocap.data_layer.data_saver.data_loader] [data_loader:_load_timestamps():91] [PID:11032:Process-4 TID:1668:MainThread ] No timestamps directory found. Skipping timestamps loading.
[2024-09-11T19:32:47.139372] [Δt:8.078616s] [    INFO] [freemocap.data_layer.data_saver.data_saver] [data_saver:save_to_json():59] [PID:11032:Process-4 TID:1668:MainThread ] Saving recording data to F:\Mobile-Multimodal-Lab\3_MOTION_TRACKING\3_freemocap\marker_MULTIPLEpairs\P1\NoVision_Movement\trial_1\trial_1_by_frame.json
[2024-09-11T19:32:52.570646] [Δt:5.431274s] [    INFO] [freemocap.data_layer.data_saver.data_saver] [data_saver:save_to_csv():76] [PID:11032:Process-4 TID:1668:MainThread ] Saved recording data to F:\Mobile-Multimodal-Lab\3_MOTION_TRACKING\3_freemocap\marker_MULTIPLEpairs\P1\NoVision_Movement\trial_1\trial_1_by_trajectory.csv
[2024-09-11T19:32:52.621732] [Δt:0.051086s] [    INFO] [freemocap.data_layer.data_saver.data_saver] [data_saver:save_to_npy():82] [PID:11032:Process-4 TID:1668:MainThread ] Saved recording data to F:\Mobile-Multimodal-Lab\3_MOTION_TRACKING\3_freemocap\marker_MULTIPLEpairs\P1\NoVision_Movement\trial_1\trial_1_frame_name_xyz.npy
[2024-09-11T19:32:52.652169] [Δt:0.030438s] [    INFO] [freemocap.core_processes.process_motion_capture_videos.process_recording_folder] [process_recording_folder:process_recording_folder():143] [PID:11032:Process-4 TID:1668:MainThread ] Done processing F:\Mobile-Multimodal-Lab\3_MOTION_TRACKING\3_freemocap\marker_MULTIPLEpairs\P1\NoVision_Movement\trial_1
