[2024-09-16T15:47:00.150318] [Δt:0.000000s] [    INFO] [freemocap] [__init__:<module>():18] [PID:6460:Process-2 TID:20448:MainThread ] Initializing freemocap package, version: v1.2.2, from file: F:\freemocap\freemocap\__init__.py
[2024-09-16T15:47:04.586591] [Δt:4.436273s] [    INFO] [skellytracker.system.logging_configuration] [logging_configuration:configure_logging():43] [PID:6460:Process-2 TID:20448:MainThread ] Logging already configured!
[2024-09-16T15:47:04.829977] [Δt:0.243385s] [    INFO] [freemocap.data_layer.recording_models.recording_info_model] [recording_info_model:get_number_of_mp4s_in_synched_videos_directory():239] [PID:6460:Process-2 TID:20448:MainThread ] Number of `.mp4`'s in F:\Mobile-Multimodal-Lab\temp_davide\MT_freemocap\synchronized_videos: 3
[2024-09-16T15:47:04.829977] [Δt:0.000000s] [   DEBUG] [freemocap.data_layer.recording_models.recording_info_model] [recording_info_model:get_number_of_frames_in_videos():253] [PID:6460:Process-2 TID:20448:MainThread ] No 'timestamps' directory, finding frame counts from synchronized videos
[2024-09-16T15:47:04.849916] [Δt:0.019939s] [    INFO] [freemocap.core_processes.process_motion_capture_videos.processing_pipeline_functions.image_tracking_pipeline_functions] [image_tracking_pipeline_functions:run_image_tracking_pipeline():44] [PID:6460:Process-2 TID:20448:MainThread ] Detecting 2d skeletons...
[2024-09-16T15:47:04.849916] [Δt:0.000000s] [    INFO] [freemocap.core_processes.process_motion_capture_videos.processing_pipeline_functions.image_tracking_pipeline_functions] [image_tracking_pipeline_functions:run_image_tracking_pipeline():45] [PID:6460:Process-2 TID:20448:MainThread ] Log Progress
[2024-09-16T15:47:04.893003] [Δt:0.043088s] [    INFO] [root] [process_folder_of_videos:process_folder_of_videos():95] [PID:6460:Process-2 TID:20448:MainThread ] Using multiprocessing to run pose estimation
[2024-09-16T15:58:55.140023] [Δt:710.247020s] [    INFO] [skellytracker.process_folder_of_videos] [process_folder_of_videos:process_folder_of_videos():105] [PID:6460:Process-2 TID:20448:MainThread ] Shape of output array: (3, 5046, 553, 3)
[2024-09-16T15:58:57.598917] [Δt:2.458893s] [    INFO] [freemocap.core_processes.process_motion_capture_videos.processing_pipeline_functions.triangulation_pipeline_functions] [triangulation_pipeline_functions:get_triangulated_data():63] [PID:6460:Process-2 TID:20448:MainThread ] Triangulating 3d skeletons...
[2024-09-16T15:58:57.598917] [Δt:0.000000s] [    INFO] [freemocap.core_processes.process_motion_capture_videos.processing_pipeline_functions.triangulation_pipeline_functions] [triangulation_pipeline_functions:get_triangulated_data():64] [PID:6460:Process-2 TID:20448:MainThread ] Log Progress
[2024-09-16T15:58:57.708928] [Δt:0.110012s] [    INFO] [freemocap.core_processes.capture_volume_calibration.anipose_camera_calibration.get_anipose_calibration_object] [get_anipose_calibration_object:load_anipose_calibration_toml_from_path():38] [PID:6460:Process-2 TID:20448:MainThread ] loading camera calibration file from:F:/Mobile-Multimodal-Lab/temp_davide/calibration/results/results3vid_pilot_06_d2_calibration_charuco__calibration_anipose.toml
[2024-09-16T15:58:57.708928] [Δt:0.000000s] [    INFO] [freemocap.core_processes.capture_volume_calibration.triangulate_3d_data] [triangulate_3d_data:triangulate_3d_data():35] [PID:6460:Process-2 TID:20448:MainThread ] Reconstructing 3d points from 2d points with shape: 
number_of_cameras: 3,
number_of_frames: 5046, 
number_of_tracked_points: 553,
number_of_spatial_dimensions: 2
[2024-09-16T15:58:57.716225] [Δt:0.007296s] [    INFO] [freemocap.core_processes.capture_volume_calibration.triangulate_3d_data] [triangulate_3d_data:triangulate_3d_data():47] [PID:6460:Process-2 TID:20448:MainThread ] Using simple `triangulate` method 
[2024-09-16T16:05:21.007734] [Δt:383.291509s] [    INFO] [freemocap.core_processes.capture_volume_calibration.save_mediapipe_3d_data_to_npy] [save_mediapipe_3d_data_to_npy:save_mediapipe_3d_data_to_npy():50] [PID:6460:Process-2 TID:20448:MainThread ] saving: F:\Mobile-Multimodal-Lab\temp_davide\MT_freemocap\output_data\raw_data\mediapipe3dData_numFrames_numTrackedPoints_spatialXYZ.npy
[2024-09-16T16:05:21.707891] [Δt:0.700157s] [    INFO] [freemocap.core_processes.capture_volume_calibration.save_mediapipe_3d_data_to_npy] [save_mediapipe_3d_data_to_npy:save_mediapipe_3d_data_to_npy():55] [PID:6460:Process-2 TID:20448:MainThread ] saving: F:\Mobile-Multimodal-Lab\temp_davide\MT_freemocap\output_data\raw_data\mediapipe3dData_numFrames_numTrackedPoints_reprojectionError.npy
[2024-09-16T16:05:21.902223] [Δt:0.194332s] [    INFO] [freemocap.core_processes.capture_volume_calibration.save_mediapipe_3d_data_to_npy] [save_mediapipe_3d_data_to_npy:save_mediapipe_3d_data_to_npy():61] [PID:6460:Process-2 TID:20448:MainThread ] saving: F:\Mobile-Multimodal-Lab\temp_davide\MT_freemocap\output_data\raw_data\mediapipe3dData_numCams_numFrames_numTrackedPoints_reprojectionError.npy
[2024-09-16T16:05:22.942995] [Δt:1.040772s] [    INFO] [freemocap.core_processes.post_process_skeleton_data.post_process_skeleton] [post_process_skeleton:run_post_processing_worker():79] [PID:6460:Process-2 TID:20448:MainThread ] Starting post-processing worker thread
[2024-09-16T16:05:22.953211] [Δt:0.010217s] [    INFO] [freemocap.core_processes.post_process_skeleton_data.post_process_skeleton] [post_process_skeleton:run_post_processing_worker():80] [PID:6460:Process-2 TID:20448:MainThread ] Log Progress
[2024-09-16T16:05:24.056233] [Δt:1.103022s] [    INFO] [freemocap.core_processes.post_process_skeleton_data.post_process_skeleton] [post_process_skeleton:run_post_processing_worker():90] [PID:6460:Process-2 TID:20448:MainThread ] Done with gap filling, filtering, and aligning
[2024-09-16T16:05:24.056233] [Δt:0.000000s] [    INFO] [freemocap.core_processes.process_motion_capture_videos.processing_pipeline_functions.anatomical_data_pipeline_functions] [anatomical_data_pipeline_functions:calculate_anatomical_data():26] [PID:6460:Process-2 TID:20448:MainThread ] Calculating center of mass...
[2024-09-16T16:05:30.164014] [Δt:6.107780s] [    INFO] [freemocap.core_processes.post_process_skeleton_data.calculate_center_of_mass] [calculate_center_of_mass:calculate_total_body_COM():306] [PID:6460:Process-2 TID:20448:MainThread ] Calculating Total Body Center of Mass
[2024-09-16T16:05:33.344651] [Δt:3.180637s] [    INFO] [freemocap.core_processes.detecting_things_in_2d_images.mediapipe_stuff.convert_mediapipe_npy_to_csv] [convert_mediapipe_npy_to_csv:convert_mediapipe_npy_to_csv():23] [PID:6460:Process-2 TID:20448:MainThread ] Converting npy data with shape: (5046, 553, 3) into `csv` and smaller `npy` files
[2024-09-16T16:05:43.798867] [Δt:10.454217s] [   DEBUG] [freemocap.core_processes.detecting_things_in_2d_images.mediapipe_stuff.convert_mediapipe_npy_to_csv] [convert_mediapipe_npy_to_csv:convert_mediapipe_npy_to_csv():239] [PID:6460:Process-2 TID:20448:MainThread ] body 3d xyz shape: (5046, 33, 3)
[2024-09-16T16:05:43.798867] [Δt:0.000000s] [   DEBUG] [freemocap.core_processes.detecting_things_in_2d_images.mediapipe_stuff.convert_mediapipe_npy_to_csv] [convert_mediapipe_npy_to_csv:convert_mediapipe_npy_to_csv():240] [PID:6460:Process-2 TID:20448:MainThread ] right hand 3d xyz shape: (5046, 21, 3)
[2024-09-16T16:05:43.798867] [Δt:0.000000s] [   DEBUG] [freemocap.core_processes.detecting_things_in_2d_images.mediapipe_stuff.convert_mediapipe_npy_to_csv] [convert_mediapipe_npy_to_csv:convert_mediapipe_npy_to_csv():241] [PID:6460:Process-2 TID:20448:MainThread ] left hand 3d xyz shape: (5046, 21, 3)
[2024-09-16T16:05:43.798867] [Δt:0.000000s] [   DEBUG] [freemocap.core_processes.detecting_things_in_2d_images.mediapipe_stuff.convert_mediapipe_npy_to_csv] [convert_mediapipe_npy_to_csv:convert_mediapipe_npy_to_csv():242] [PID:6460:Process-2 TID:20448:MainThread ] face 3d xyz shape: (5046, 478, 3)
[2024-09-16T16:05:44.881439] [Δt:1.082572s] [   DEBUG] [freemocap.core_processes.detecting_things_in_2d_images.mediapipe_stuff.convert_mediapipe_npy_to_csv] [convert_mediapipe_npy_to_csv:convert_mediapipe_npy_to_csv():284] [PID:6460:Process-2 TID:20448:MainThread ] length of body 3d xyz `.csv` header: 99, should be: 99
[2024-09-16T16:05:44.881439] [Δt:0.000000s] [   DEBUG] [freemocap.core_processes.detecting_things_in_2d_images.mediapipe_stuff.convert_mediapipe_npy_to_csv] [convert_mediapipe_npy_to_csv:convert_mediapipe_npy_to_csv():287] [PID:6460:Process-2 TID:20448:MainThread ] length of right hand 3d xyz `.csv` header: 63, should be: 63
[2024-09-16T16:05:44.889445] [Δt:0.008005s] [   DEBUG] [freemocap.core_processes.detecting_things_in_2d_images.mediapipe_stuff.convert_mediapipe_npy_to_csv] [convert_mediapipe_npy_to_csv:convert_mediapipe_npy_to_csv():290] [PID:6460:Process-2 TID:20448:MainThread ] length of left hand 3d xyz `.csv` header: 63, should be: 63
[2024-09-16T16:05:44.889445] [Δt:0.000000s] [   DEBUG] [freemocap.core_processes.detecting_things_in_2d_images.mediapipe_stuff.convert_mediapipe_npy_to_csv] [convert_mediapipe_npy_to_csv:convert_mediapipe_npy_to_csv():293] [PID:6460:Process-2 TID:20448:MainThread ] length of face 3d xyz `.csv` header: 1434, should be: 1434
[2024-09-16T16:05:54.293257] [Δt:9.403812s] [    INFO] [freemocap.core_processes.detecting_things_in_2d_images.mediapipe_stuff.convert_mediapipe_npy_to_csv] [convert_mediapipe_npy_to_csv:convert_mediapipe_npy_to_csv():322] [PID:6460:Process-2 TID:20448:MainThread ] Done saving out `csv` and broken up `npy` files
[2024-09-16T16:05:54.293257] [Δt:0.000000s] [    INFO] [freemocap.core_processes.process_motion_capture_videos.processing_pipeline_functions.data_saving_pipeline_functions] [data_saving_pipeline_functions:save_data():39] [PID:6460:Process-2 TID:20448:MainThread ] Saving post-processed data
[2024-09-16T16:05:55.148325] [Δt:0.855069s] [    INFO] [freemocap.core_processes.process_motion_capture_videos.processing_pipeline_functions.data_saving_pipeline_functions] [data_saving_pipeline_functions:save_data():46] [PID:6460:Process-2 TID:20448:MainThread ] Saving segment center of mass data
[2024-09-16T16:05:55.159328] [Δt:0.011003s] [    INFO] [freemocap.core_processes.process_motion_capture_videos.processing_pipeline_functions.data_saving_pipeline_functions] [data_saving_pipeline_functions:save_data():53] [PID:6460:Process-2 TID:20448:MainThread ] Saving total body center of mass data
[2024-09-16T16:05:55.166775] [Δt:0.007446s] [    INFO] [freemocap.utilities.save_dictionary_to_json] [save_dictionary_to_json:save_dictionary_to_json():16] [PID:6460:Process-2 TID:20448:MainThread ] Saved dictionary mediapipe_names_and_connections_dict.json as json  at: F:\Mobile-Multimodal-Lab\temp_davide\MT_freemocap\output_data\mediapipe_names_and_connections_dict.json
[2024-09-16T16:05:55.166775] [Δt:0.000000s] [ WARNING] [freemocap.system.paths_and_filenames.file_and_folder_names] [path_getters:get_timestamps_directory():252] [PID:6460:Process-2 TID:20448:MainThread ] Could not find timestamps directory in F:\Mobile-Multimodal-Lab\temp_davide\MT_freemocap\synchronized_videos
[2024-09-16T16:05:55.166775] [Δt:0.000000s] [ WARNING] [freemocap.data_layer.data_saver.data_loader] [data_loader:_load_timestamps():91] [PID:6460:Process-2 TID:20448:MainThread ] No timestamps directory found. Skipping timestamps loading.
[2024-09-16T16:06:55.932949] [Δt:60.766175s] [    INFO] [freemocap.data_layer.data_saver.data_saver] [data_saver:save_to_json():59] [PID:6460:Process-2 TID:20448:MainThread ] Saving recording data to F:\Mobile-Multimodal-Lab\temp_davide\MT_freemocap\MT_freemocap_by_frame.json
[2024-09-16T16:07:39.000442] [Δt:43.067492s] [    INFO] [freemocap.data_layer.data_saver.data_saver] [data_saver:save_to_csv():76] [PID:6460:Process-2 TID:20448:MainThread ] Saved recording data to F:\Mobile-Multimodal-Lab\temp_davide\MT_freemocap\MT_freemocap_by_trajectory.csv
[2024-09-16T16:07:39.901444] [Δt:0.901002s] [    INFO] [freemocap.data_layer.data_saver.data_saver] [data_saver:save_to_npy():82] [PID:6460:Process-2 TID:20448:MainThread ] Saved recording data to F:\Mobile-Multimodal-Lab\temp_davide\MT_freemocap\MT_freemocap_frame_name_xyz.npy
[2024-09-16T16:07:40.145396] [Δt:0.243952s] [    INFO] [freemocap.core_processes.process_motion_capture_videos.process_recording_folder] [process_recording_folder:process_recording_folder():143] [PID:6460:Process-2 TID:20448:MainThread ] Done processing F:\Mobile-Multimodal-Lab\temp_davide\MT_freemocap
