[2024-09-12T18:30:30.106787] [Δt:0.000000s] [    INFO] [freemocap] [__init__:<module>():18] [PID:3636:Process-3 TID:20372:MainThread ] Initializing freemocap package, version: v1.2.2, from file: F:\freemocap\freemocap\__init__.py
[2024-09-12T18:30:34.156576] [Δt:4.049788s] [    INFO] [skellytracker.system.logging_configuration] [logging_configuration:configure_logging():43] [PID:3636:Process-3 TID:20372:MainThread ] Logging already configured!
[2024-09-12T18:30:34.387472] [Δt:0.230896s] [    INFO] [freemocap.data_layer.recording_models.recording_info_model] [recording_info_model:get_number_of_mp4s_in_synched_videos_directory():239] [PID:3636:Process-3 TID:20372:MainThread ] Number of `.mp4`'s in F:\Mobile-Multimodal-Lab\3_MOTION_TRACKING\3_freemocap\marker_MULTIPLEpairs\P1\NoVision_Movement\trial_4\synchronized_videos: 3
[2024-09-12T18:30:34.387472] [Δt:0.000000s] [   DEBUG] [freemocap.data_layer.recording_models.recording_info_model] [recording_info_model:get_number_of_frames_in_videos():253] [PID:3636:Process-3 TID:20372:MainThread ] No 'timestamps' directory, finding frame counts from synchronized videos
[2024-09-12T18:30:34.417759] [Δt:0.030288s] [    INFO] [freemocap.core_processes.process_motion_capture_videos.processing_pipeline_functions.image_tracking_pipeline_functions] [image_tracking_pipeline_functions:run_image_tracking_pipeline():44] [PID:3636:Process-3 TID:20372:MainThread ] Detecting 2d skeletons...
[2024-09-12T18:30:34.417759] [Δt:0.000000s] [    INFO] [freemocap.core_processes.process_motion_capture_videos.processing_pipeline_functions.image_tracking_pipeline_functions] [image_tracking_pipeline_functions:run_image_tracking_pipeline():45] [PID:3636:Process-3 TID:20372:MainThread ] Log Progress
[2024-09-12T18:30:34.447474] [Δt:0.029715s] [    INFO] [root] [process_folder_of_videos:process_folder_of_videos():95] [PID:3636:Process-3 TID:20372:MainThread ] Using multiprocessing to run pose estimation
[2024-09-12T18:32:06.299856] [Δt:91.852381s] [    INFO] [skellytracker.process_folder_of_videos] [process_folder_of_videos:process_folder_of_videos():105] [PID:3636:Process-3 TID:20372:MainThread ] Shape of output array: (3, 681, 553, 3)
[2024-09-12T18:32:06.531760] [Δt:0.231905s] [    INFO] [freemocap.core_processes.process_motion_capture_videos.processing_pipeline_functions.triangulation_pipeline_functions] [triangulation_pipeline_functions:get_triangulated_data():63] [PID:3636:Process-3 TID:20372:MainThread ] Triangulating 3d skeletons...
[2024-09-12T18:32:06.531760] [Δt:0.000000s] [    INFO] [freemocap.core_processes.process_motion_capture_videos.processing_pipeline_functions.triangulation_pipeline_functions] [triangulation_pipeline_functions:get_triangulated_data():64] [PID:3636:Process-3 TID:20372:MainThread ] Log Progress
[2024-09-12T18:32:06.571760] [Δt:0.039999s] [    INFO] [freemocap.core_processes.capture_volume_calibration.anipose_camera_calibration.get_anipose_calibration_object] [get_anipose_calibration_object:load_anipose_calibration_toml_from_path():38] [PID:3636:Process-3 TID:20372:MainThread ] loading camera calibration file from:F:/Mobile-Multimodal-Lab/3_MOTION_TRACKING/2_Video_Calibration/calibration_results/P1/3vid_Calibration_P1_T1_charuco_2024-04-23__calibration_anipose.toml
[2024-09-12T18:32:06.571760] [Δt:0.000000s] [    INFO] [freemocap.core_processes.capture_volume_calibration.triangulate_3d_data] [triangulate_3d_data:triangulate_3d_data():35] [PID:3636:Process-3 TID:20372:MainThread ] Reconstructing 3d points from 2d points with shape: 
number_of_cameras: 3,
number_of_frames: 681, 
number_of_tracked_points: 553,
number_of_spatial_dimensions: 2
[2024-09-12T18:32:06.571760] [Δt:0.000000s] [    INFO] [freemocap.core_processes.capture_volume_calibration.triangulate_3d_data] [triangulate_3d_data:triangulate_3d_data():47] [PID:3636:Process-3 TID:20372:MainThread ] Using simple `triangulate` method 
[2024-09-12T18:32:48.940167] [Δt:42.368408s] [    INFO] [freemocap.core_processes.capture_volume_calibration.save_mediapipe_3d_data_to_npy] [save_mediapipe_3d_data_to_npy:save_mediapipe_3d_data_to_npy():50] [PID:3636:Process-3 TID:20372:MainThread ] saving: F:\Mobile-Multimodal-Lab\3_MOTION_TRACKING\3_freemocap\marker_MULTIPLEpairs\P1\NoVision_Movement\trial_4\output_data\raw_data\mediapipe3dData_numFrames_numTrackedPoints_spatialXYZ.npy
[2024-09-12T18:32:48.969901] [Δt:0.029733s] [    INFO] [freemocap.core_processes.capture_volume_calibration.save_mediapipe_3d_data_to_npy] [save_mediapipe_3d_data_to_npy:save_mediapipe_3d_data_to_npy():55] [PID:3636:Process-3 TID:20372:MainThread ] saving: F:\Mobile-Multimodal-Lab\3_MOTION_TRACKING\3_freemocap\marker_MULTIPLEpairs\P1\NoVision_Movement\trial_4\output_data\raw_data\mediapipe3dData_numFrames_numTrackedPoints_reprojectionError.npy
[2024-09-12T18:32:49.097937] [Δt:0.128037s] [    INFO] [freemocap.core_processes.capture_volume_calibration.save_mediapipe_3d_data_to_npy] [save_mediapipe_3d_data_to_npy:save_mediapipe_3d_data_to_npy():61] [PID:3636:Process-3 TID:20372:MainThread ] saving: F:\Mobile-Multimodal-Lab\3_MOTION_TRACKING\3_freemocap\marker_MULTIPLEpairs\P1\NoVision_Movement\trial_4\output_data\raw_data\mediapipe3dData_numCams_numFrames_numTrackedPoints_reprojectionError.npy
[2024-09-12T18:32:49.208641] [Δt:0.110703s] [    INFO] [freemocap.core_processes.post_process_skeleton_data.post_process_skeleton] [post_process_skeleton:run_post_processing_worker():79] [PID:3636:Process-3 TID:20372:MainThread ] Starting post-processing worker thread
[2024-09-12T18:32:49.208641] [Δt:0.000000s] [    INFO] [freemocap.core_processes.post_process_skeleton_data.post_process_skeleton] [post_process_skeleton:run_post_processing_worker():80] [PID:3636:Process-3 TID:20372:MainThread ] Log Progress
[2024-09-12T18:32:49.877622] [Δt:0.668982s] [    INFO] [freemocap.core_processes.post_process_skeleton_data.post_process_skeleton] [post_process_skeleton:run_post_processing_worker():90] [PID:3636:Process-3 TID:20372:MainThread ] Done with gap filling, filtering, and aligning
[2024-09-12T18:32:49.877622] [Δt:0.000000s] [    INFO] [freemocap.core_processes.process_motion_capture_videos.processing_pipeline_functions.anatomical_data_pipeline_functions] [anatomical_data_pipeline_functions:calculate_anatomical_data():26] [PID:3636:Process-3 TID:20372:MainThread ] Calculating center of mass...
[2024-09-12T18:32:50.782584] [Δt:0.904962s] [    INFO] [freemocap.core_processes.post_process_skeleton_data.calculate_center_of_mass] [calculate_center_of_mass:calculate_total_body_COM():306] [PID:3636:Process-3 TID:20372:MainThread ] Calculating Total Body Center of Mass
[2024-09-12T18:32:51.205103] [Δt:0.422518s] [    INFO] [freemocap.core_processes.detecting_things_in_2d_images.mediapipe_stuff.convert_mediapipe_npy_to_csv] [convert_mediapipe_npy_to_csv:convert_mediapipe_npy_to_csv():23] [PID:3636:Process-3 TID:20372:MainThread ] Converting npy data with shape: (681, 553, 3) into `csv` and smaller `npy` files
[2024-09-12T18:32:52.544201] [Δt:1.339098s] [   DEBUG] [freemocap.core_processes.detecting_things_in_2d_images.mediapipe_stuff.convert_mediapipe_npy_to_csv] [convert_mediapipe_npy_to_csv:convert_mediapipe_npy_to_csv():239] [PID:3636:Process-3 TID:20372:MainThread ] body 3d xyz shape: (681, 33, 3)
[2024-09-12T18:32:52.544201] [Δt:0.000000s] [   DEBUG] [freemocap.core_processes.detecting_things_in_2d_images.mediapipe_stuff.convert_mediapipe_npy_to_csv] [convert_mediapipe_npy_to_csv:convert_mediapipe_npy_to_csv():240] [PID:3636:Process-3 TID:20372:MainThread ] right hand 3d xyz shape: (681, 21, 3)
[2024-09-12T18:32:52.554356] [Δt:0.010156s] [   DEBUG] [freemocap.core_processes.detecting_things_in_2d_images.mediapipe_stuff.convert_mediapipe_npy_to_csv] [convert_mediapipe_npy_to_csv:convert_mediapipe_npy_to_csv():241] [PID:3636:Process-3 TID:20372:MainThread ] left hand 3d xyz shape: (681, 21, 3)
[2024-09-12T18:32:52.554356] [Δt:0.000000s] [   DEBUG] [freemocap.core_processes.detecting_things_in_2d_images.mediapipe_stuff.convert_mediapipe_npy_to_csv] [convert_mediapipe_npy_to_csv:convert_mediapipe_npy_to_csv():242] [PID:3636:Process-3 TID:20372:MainThread ] face 3d xyz shape: (681, 478, 3)
[2024-09-12T18:32:52.624901] [Δt:0.070545s] [   DEBUG] [freemocap.core_processes.detecting_things_in_2d_images.mediapipe_stuff.convert_mediapipe_npy_to_csv] [convert_mediapipe_npy_to_csv:convert_mediapipe_npy_to_csv():284] [PID:3636:Process-3 TID:20372:MainThread ] length of body 3d xyz `.csv` header: 99, should be: 99
[2024-09-12T18:32:52.624901] [Δt:0.000000s] [   DEBUG] [freemocap.core_processes.detecting_things_in_2d_images.mediapipe_stuff.convert_mediapipe_npy_to_csv] [convert_mediapipe_npy_to_csv:convert_mediapipe_npy_to_csv():287] [PID:3636:Process-3 TID:20372:MainThread ] length of right hand 3d xyz `.csv` header: 63, should be: 63
[2024-09-12T18:32:52.634758] [Δt:0.009857s] [   DEBUG] [freemocap.core_processes.detecting_things_in_2d_images.mediapipe_stuff.convert_mediapipe_npy_to_csv] [convert_mediapipe_npy_to_csv:convert_mediapipe_npy_to_csv():290] [PID:3636:Process-3 TID:20372:MainThread ] length of left hand 3d xyz `.csv` header: 63, should be: 63
[2024-09-12T18:32:52.634758] [Δt:0.000000s] [   DEBUG] [freemocap.core_processes.detecting_things_in_2d_images.mediapipe_stuff.convert_mediapipe_npy_to_csv] [convert_mediapipe_npy_to_csv:convert_mediapipe_npy_to_csv():293] [PID:3636:Process-3 TID:20372:MainThread ] length of face 3d xyz `.csv` header: 1434, should be: 1434
[2024-09-12T18:32:53.871004] [Δt:1.236245s] [    INFO] [freemocap.core_processes.detecting_things_in_2d_images.mediapipe_stuff.convert_mediapipe_npy_to_csv] [convert_mediapipe_npy_to_csv:convert_mediapipe_npy_to_csv():322] [PID:3636:Process-3 TID:20372:MainThread ] Done saving out `csv` and broken up `npy` files
[2024-09-12T18:32:53.871004] [Δt:0.000000s] [    INFO] [freemocap.core_processes.process_motion_capture_videos.processing_pipeline_functions.data_saving_pipeline_functions] [data_saving_pipeline_functions:save_data():39] [PID:3636:Process-3 TID:20372:MainThread ] Saving post-processed data
[2024-09-12T18:32:54.031529] [Δt:0.160526s] [    INFO] [freemocap.core_processes.process_motion_capture_videos.processing_pipeline_functions.data_saving_pipeline_functions] [data_saving_pipeline_functions:save_data():46] [PID:3636:Process-3 TID:20372:MainThread ] Saving segment center of mass data
[2024-09-12T18:32:54.031529] [Δt:0.000000s] [    INFO] [freemocap.core_processes.process_motion_capture_videos.processing_pipeline_functions.data_saving_pipeline_functions] [data_saving_pipeline_functions:save_data():53] [PID:3636:Process-3 TID:20372:MainThread ] Saving total body center of mass data
[2024-09-12T18:32:54.031529] [Δt:0.000000s] [    INFO] [freemocap.utilities.save_dictionary_to_json] [save_dictionary_to_json:save_dictionary_to_json():16] [PID:3636:Process-3 TID:20372:MainThread ] Saved dictionary mediapipe_names_and_connections_dict.json as json  at: F:\Mobile-Multimodal-Lab\3_MOTION_TRACKING\3_freemocap\marker_MULTIPLEpairs\P1\NoVision_Movement\trial_4\output_data\mediapipe_names_and_connections_dict.json
[2024-09-12T18:32:54.041637] [Δt:0.010107s] [ WARNING] [freemocap.system.paths_and_filenames.file_and_folder_names] [path_getters:get_timestamps_directory():252] [PID:3636:Process-3 TID:20372:MainThread ] Could not find timestamps directory in F:\Mobile-Multimodal-Lab\3_MOTION_TRACKING\3_freemocap\marker_MULTIPLEpairs\P1\NoVision_Movement\trial_4\synchronized_videos
[2024-09-12T18:32:54.043746] [Δt:0.003107s] [ WARNING] [freemocap.data_layer.data_saver.data_loader] [data_loader:_load_timestamps():91] [PID:3636:Process-3 TID:20372:MainThread ] No timestamps directory found. Skipping timestamps loading.
[2024-09-12T18:33:02.056059] [Δt:8.011316s] [    INFO] [freemocap.data_layer.data_saver.data_saver] [data_saver:save_to_json():59] [PID:3636:Process-3 TID:20372:MainThread ] Saving recording data to F:\Mobile-Multimodal-Lab\3_MOTION_TRACKING\3_freemocap\marker_MULTIPLEpairs\P1\NoVision_Movement\trial_4\trial_4_by_frame.json
[2024-09-12T18:33:07.470868] [Δt:5.414808s] [    INFO] [freemocap.data_layer.data_saver.data_saver] [data_saver:save_to_csv():76] [PID:3636:Process-3 TID:20372:MainThread ] Saved recording data to F:\Mobile-Multimodal-Lab\3_MOTION_TRACKING\3_freemocap\marker_MULTIPLEpairs\P1\NoVision_Movement\trial_4\trial_4_by_trajectory.csv
[2024-09-12T18:33:07.514945] [Δt:0.044077s] [    INFO] [freemocap.data_layer.data_saver.data_saver] [data_saver:save_to_npy():82] [PID:3636:Process-3 TID:20372:MainThread ] Saved recording data to F:\Mobile-Multimodal-Lab\3_MOTION_TRACKING\3_freemocap\marker_MULTIPLEpairs\P1\NoVision_Movement\trial_4\trial_4_frame_name_xyz.npy
[2024-09-12T18:33:07.545424] [Δt:0.030479s] [    INFO] [freemocap.core_processes.process_motion_capture_videos.process_recording_folder] [process_recording_folder:process_recording_folder():143] [PID:3636:Process-3 TID:20372:MainThread ] Done processing F:\Mobile-Multimodal-Lab\3_MOTION_TRACKING\3_freemocap\marker_MULTIPLEpairs\P1\NoVision_Movement\trial_4
