[2024-09-12T19:03:41.900517] [Δt:0.000000s] [    INFO] [freemocap] [__init__:<module>():18] [PID:20400:Process-5 TID:19252:MainThread ] Initializing freemocap package, version: v1.2.2, from file: F:\freemocap\freemocap\__init__.py
[2024-09-12T19:03:45.955884] [Δt:4.055366s] [    INFO] [skellytracker.system.logging_configuration] [logging_configuration:configure_logging():43] [PID:20400:Process-5 TID:19252:MainThread ] Logging already configured!
[2024-09-12T19:03:46.185515] [Δt:0.229632s] [    INFO] [freemocap.data_layer.recording_models.recording_info_model] [recording_info_model:get_number_of_mp4s_in_synched_videos_directory():239] [PID:20400:Process-5 TID:19252:MainThread ] Number of `.mp4`'s in F:\Mobile-Multimodal-Lab\3_MOTION_TRACKING\3_freemocap\marker_MULTIPLEpairs\P1\NoVision_NoMovement\trial_1\synchronized_videos: 3
[2024-09-12T19:03:46.185515] [Δt:0.000000s] [   DEBUG] [freemocap.data_layer.recording_models.recording_info_model] [recording_info_model:get_number_of_frames_in_videos():253] [PID:20400:Process-5 TID:19252:MainThread ] No 'timestamps' directory, finding frame counts from synchronized videos
[2024-09-12T19:03:46.216235] [Δt:0.030719s] [    INFO] [freemocap.core_processes.process_motion_capture_videos.processing_pipeline_functions.image_tracking_pipeline_functions] [image_tracking_pipeline_functions:run_image_tracking_pipeline():44] [PID:20400:Process-5 TID:19252:MainThread ] Detecting 2d skeletons...
[2024-09-12T19:03:46.216235] [Δt:0.000000s] [    INFO] [freemocap.core_processes.process_motion_capture_videos.processing_pipeline_functions.image_tracking_pipeline_functions] [image_tracking_pipeline_functions:run_image_tracking_pipeline():45] [PID:20400:Process-5 TID:19252:MainThread ] Log Progress
[2024-09-12T19:03:46.216235] [Δt:0.000000s] [    INFO] [root] [process_folder_of_videos:process_folder_of_videos():95] [PID:20400:Process-5 TID:19252:MainThread ] Using multiprocessing to run pose estimation
[2024-09-12T19:05:12.367168] [Δt:86.150934s] [    INFO] [skellytracker.process_folder_of_videos] [process_folder_of_videos:process_folder_of_videos():105] [PID:20400:Process-5 TID:19252:MainThread ] Shape of output array: (3, 648, 553, 3)
[2024-09-12T19:05:12.554279] [Δt:0.187111s] [    INFO] [freemocap.core_processes.process_motion_capture_videos.processing_pipeline_functions.triangulation_pipeline_functions] [triangulation_pipeline_functions:get_triangulated_data():63] [PID:20400:Process-5 TID:19252:MainThread ] Triangulating 3d skeletons...
[2024-09-12T19:05:12.559809] [Δt:0.005530s] [    INFO] [freemocap.core_processes.process_motion_capture_videos.processing_pipeline_functions.triangulation_pipeline_functions] [triangulation_pipeline_functions:get_triangulated_data():64] [PID:20400:Process-5 TID:19252:MainThread ] Log Progress
[2024-09-12T19:05:12.600095] [Δt:0.040285s] [    INFO] [freemocap.core_processes.capture_volume_calibration.anipose_camera_calibration.get_anipose_calibration_object] [get_anipose_calibration_object:load_anipose_calibration_toml_from_path():38] [PID:20400:Process-5 TID:19252:MainThread ] loading camera calibration file from:F:/Mobile-Multimodal-Lab/3_MOTION_TRACKING/2_Video_Calibration/calibration_results/P1/3vid_Calibration_P1_T1_charuco_2024-04-23__calibration_anipose.toml
[2024-09-12T19:05:12.602146] [Δt:0.002052s] [    INFO] [freemocap.core_processes.capture_volume_calibration.triangulate_3d_data] [triangulate_3d_data:triangulate_3d_data():35] [PID:20400:Process-5 TID:19252:MainThread ] Reconstructing 3d points from 2d points with shape: 
number_of_cameras: 3,
number_of_frames: 648, 
number_of_tracked_points: 553,
number_of_spatial_dimensions: 2
[2024-09-12T19:05:12.602146] [Δt:0.000000s] [    INFO] [freemocap.core_processes.capture_volume_calibration.triangulate_3d_data] [triangulate_3d_data:triangulate_3d_data():47] [PID:20400:Process-5 TID:19252:MainThread ] Using simple `triangulate` method 
[2024-09-12T19:05:44.060789] [Δt:31.458642s] [    INFO] [freemocap.core_processes.capture_volume_calibration.save_mediapipe_3d_data_to_npy] [save_mediapipe_3d_data_to_npy:save_mediapipe_3d_data_to_npy():50] [PID:20400:Process-5 TID:19252:MainThread ] saving: F:\Mobile-Multimodal-Lab\3_MOTION_TRACKING\3_freemocap\marker_MULTIPLEpairs\P1\NoVision_NoMovement\trial_1\output_data\raw_data\mediapipe3dData_numFrames_numTrackedPoints_spatialXYZ.npy
[2024-09-12T19:05:44.082878] [Δt:0.022089s] [    INFO] [freemocap.core_processes.capture_volume_calibration.save_mediapipe_3d_data_to_npy] [save_mediapipe_3d_data_to_npy:save_mediapipe_3d_data_to_npy():55] [PID:20400:Process-5 TID:19252:MainThread ] saving: F:\Mobile-Multimodal-Lab\3_MOTION_TRACKING\3_freemocap\marker_MULTIPLEpairs\P1\NoVision_NoMovement\trial_1\output_data\raw_data\mediapipe3dData_numFrames_numTrackedPoints_reprojectionError.npy
[2024-09-12T19:05:44.200135] [Δt:0.117257s] [    INFO] [freemocap.core_processes.capture_volume_calibration.save_mediapipe_3d_data_to_npy] [save_mediapipe_3d_data_to_npy:save_mediapipe_3d_data_to_npy():61] [PID:20400:Process-5 TID:19252:MainThread ] saving: F:\Mobile-Multimodal-Lab\3_MOTION_TRACKING\3_freemocap\marker_MULTIPLEpairs\P1\NoVision_NoMovement\trial_1\output_data\raw_data\mediapipe3dData_numCams_numFrames_numTrackedPoints_reprojectionError.npy
[2024-09-12T19:05:44.249699] [Δt:0.049564s] [    INFO] [freemocap.core_processes.post_process_skeleton_data.post_process_skeleton] [post_process_skeleton:run_post_processing_worker():79] [PID:20400:Process-5 TID:19252:MainThread ] Starting post-processing worker thread
[2024-09-12T19:05:44.249699] [Δt:0.000000s] [    INFO] [freemocap.core_processes.post_process_skeleton_data.post_process_skeleton] [post_process_skeleton:run_post_processing_worker():80] [PID:20400:Process-5 TID:19252:MainThread ] Log Progress
[2024-09-12T19:05:45.011515] [Δt:0.761816s] [    INFO] [freemocap.core_processes.post_process_skeleton_data.post_process_skeleton] [post_process_skeleton:run_post_processing_worker():90] [PID:20400:Process-5 TID:19252:MainThread ] Done with gap filling, filtering, and aligning
[2024-09-12T19:05:45.011515] [Δt:0.000000s] [    INFO] [freemocap.core_processes.process_motion_capture_videos.processing_pipeline_functions.anatomical_data_pipeline_functions] [anatomical_data_pipeline_functions:calculate_anatomical_data():26] [PID:20400:Process-5 TID:19252:MainThread ] Calculating center of mass...
[2024-09-12T19:05:45.802222] [Δt:0.790707s] [    INFO] [freemocap.core_processes.post_process_skeleton_data.calculate_center_of_mass] [calculate_center_of_mass:calculate_total_body_COM():306] [PID:20400:Process-5 TID:19252:MainThread ] Calculating Total Body Center of Mass
[2024-09-12T19:05:46.216621] [Δt:0.414400s] [    INFO] [freemocap.core_processes.detecting_things_in_2d_images.mediapipe_stuff.convert_mediapipe_npy_to_csv] [convert_mediapipe_npy_to_csv:convert_mediapipe_npy_to_csv():23] [PID:20400:Process-5 TID:19252:MainThread ] Converting npy data with shape: (648, 553, 3) into `csv` and smaller `npy` files
[2024-09-12T19:05:47.509328] [Δt:1.292706s] [   DEBUG] [freemocap.core_processes.detecting_things_in_2d_images.mediapipe_stuff.convert_mediapipe_npy_to_csv] [convert_mediapipe_npy_to_csv:convert_mediapipe_npy_to_csv():239] [PID:20400:Process-5 TID:19252:MainThread ] body 3d xyz shape: (648, 33, 3)
[2024-09-12T19:05:47.519842] [Δt:0.010515s] [   DEBUG] [freemocap.core_processes.detecting_things_in_2d_images.mediapipe_stuff.convert_mediapipe_npy_to_csv] [convert_mediapipe_npy_to_csv:convert_mediapipe_npy_to_csv():240] [PID:20400:Process-5 TID:19252:MainThread ] right hand 3d xyz shape: (648, 21, 3)
[2024-09-12T19:05:47.519842] [Δt:0.000000s] [   DEBUG] [freemocap.core_processes.detecting_things_in_2d_images.mediapipe_stuff.convert_mediapipe_npy_to_csv] [convert_mediapipe_npy_to_csv:convert_mediapipe_npy_to_csv():241] [PID:20400:Process-5 TID:19252:MainThread ] left hand 3d xyz shape: (648, 21, 3)
[2024-09-12T19:05:47.519842] [Δt:0.000000s] [   DEBUG] [freemocap.core_processes.detecting_things_in_2d_images.mediapipe_stuff.convert_mediapipe_npy_to_csv] [convert_mediapipe_npy_to_csv:convert_mediapipe_npy_to_csv():242] [PID:20400:Process-5 TID:19252:MainThread ] face 3d xyz shape: (648, 478, 3)
[2024-09-12T19:05:47.590559] [Δt:0.070717s] [   DEBUG] [freemocap.core_processes.detecting_things_in_2d_images.mediapipe_stuff.convert_mediapipe_npy_to_csv] [convert_mediapipe_npy_to_csv:convert_mediapipe_npy_to_csv():284] [PID:20400:Process-5 TID:19252:MainThread ] length of body 3d xyz `.csv` header: 99, should be: 99
[2024-09-12T19:05:47.590559] [Δt:0.000000s] [   DEBUG] [freemocap.core_processes.detecting_things_in_2d_images.mediapipe_stuff.convert_mediapipe_npy_to_csv] [convert_mediapipe_npy_to_csv:convert_mediapipe_npy_to_csv():287] [PID:20400:Process-5 TID:19252:MainThread ] length of right hand 3d xyz `.csv` header: 63, should be: 63
[2024-09-12T19:05:47.600452] [Δt:0.009893s] [   DEBUG] [freemocap.core_processes.detecting_things_in_2d_images.mediapipe_stuff.convert_mediapipe_npy_to_csv] [convert_mediapipe_npy_to_csv:convert_mediapipe_npy_to_csv():290] [PID:20400:Process-5 TID:19252:MainThread ] length of left hand 3d xyz `.csv` header: 63, should be: 63
[2024-09-12T19:05:47.600452] [Δt:0.000000s] [   DEBUG] [freemocap.core_processes.detecting_things_in_2d_images.mediapipe_stuff.convert_mediapipe_npy_to_csv] [convert_mediapipe_npy_to_csv:convert_mediapipe_npy_to_csv():293] [PID:20400:Process-5 TID:19252:MainThread ] length of face 3d xyz `.csv` header: 1434, should be: 1434
[2024-09-12T19:05:48.802663] [Δt:1.202211s] [    INFO] [freemocap.core_processes.detecting_things_in_2d_images.mediapipe_stuff.convert_mediapipe_npy_to_csv] [convert_mediapipe_npy_to_csv:convert_mediapipe_npy_to_csv():322] [PID:20400:Process-5 TID:19252:MainThread ] Done saving out `csv` and broken up `npy` files
[2024-09-12T19:05:48.802663] [Δt:0.000000s] [    INFO] [freemocap.core_processes.process_motion_capture_videos.processing_pipeline_functions.data_saving_pipeline_functions] [data_saving_pipeline_functions:save_data():39] [PID:20400:Process-5 TID:19252:MainThread ] Saving post-processed data
[2024-09-12T19:05:48.833637] [Δt:0.030973s] [    INFO] [freemocap.core_processes.process_motion_capture_videos.processing_pipeline_functions.data_saving_pipeline_functions] [data_saving_pipeline_functions:save_data():46] [PID:20400:Process-5 TID:19252:MainThread ] Saving segment center of mass data
[2024-09-12T19:05:48.843539] [Δt:0.009902s] [    INFO] [freemocap.core_processes.process_motion_capture_videos.processing_pipeline_functions.data_saving_pipeline_functions] [data_saving_pipeline_functions:save_data():53] [PID:20400:Process-5 TID:19252:MainThread ] Saving total body center of mass data
[2024-09-12T19:05:48.843539] [Δt:0.000000s] [    INFO] [freemocap.utilities.save_dictionary_to_json] [save_dictionary_to_json:save_dictionary_to_json():16] [PID:20400:Process-5 TID:19252:MainThread ] Saved dictionary mediapipe_names_and_connections_dict.json as json  at: F:\Mobile-Multimodal-Lab\3_MOTION_TRACKING\3_freemocap\marker_MULTIPLEpairs\P1\NoVision_NoMovement\trial_1\output_data\mediapipe_names_and_connections_dict.json
[2024-09-12T19:05:48.853539] [Δt:0.010001s] [ WARNING] [freemocap.system.paths_and_filenames.file_and_folder_names] [path_getters:get_timestamps_directory():252] [PID:20400:Process-5 TID:19252:MainThread ] Could not find timestamps directory in F:\Mobile-Multimodal-Lab\3_MOTION_TRACKING\3_freemocap\marker_MULTIPLEpairs\P1\NoVision_NoMovement\trial_1\synchronized_videos
[2024-09-12T19:05:48.855329] [Δt:0.001790s] [ WARNING] [freemocap.data_layer.data_saver.data_loader] [data_loader:_load_timestamps():91] [PID:20400:Process-5 TID:19252:MainThread ] No timestamps directory found. Skipping timestamps loading.
[2024-09-12T19:05:56.474433] [Δt:7.619104s] [    INFO] [freemocap.data_layer.data_saver.data_saver] [data_saver:save_to_json():59] [PID:20400:Process-5 TID:19252:MainThread ] Saving recording data to F:\Mobile-Multimodal-Lab\3_MOTION_TRACKING\3_freemocap\marker_MULTIPLEpairs\P1\NoVision_NoMovement\trial_1\trial_1_by_frame.json
[2024-09-12T19:06:01.561103] [Δt:5.086670s] [    INFO] [freemocap.data_layer.data_saver.data_saver] [data_saver:save_to_csv():76] [PID:20400:Process-5 TID:19252:MainThread ] Saved recording data to F:\Mobile-Multimodal-Lab\3_MOTION_TRACKING\3_freemocap\marker_MULTIPLEpairs\P1\NoVision_NoMovement\trial_1\trial_1_by_trajectory.csv
[2024-09-12T19:06:01.782804] [Δt:0.221701s] [    INFO] [freemocap.data_layer.data_saver.data_saver] [data_saver:save_to_npy():82] [PID:20400:Process-5 TID:19252:MainThread ] Saved recording data to F:\Mobile-Multimodal-Lab\3_MOTION_TRACKING\3_freemocap\marker_MULTIPLEpairs\P1\NoVision_NoMovement\trial_1\trial_1_frame_name_xyz.npy
[2024-09-12T19:06:01.812713] [Δt:0.029908s] [    INFO] [freemocap.core_processes.process_motion_capture_videos.process_recording_folder] [process_recording_folder:process_recording_folder():143] [PID:20400:Process-5 TID:19252:MainThread ] Done processing F:\Mobile-Multimodal-Lab\3_MOTION_TRACKING\3_freemocap\marker_MULTIPLEpairs\P1\NoVision_NoMovement\trial_1
