[2024-09-13T13:28:35.162542] [Δt:0.000000s] [    INFO] [freemocap] [__init__:<module>():18] [PID:5932:Process-6 TID:15104:MainThread ] Initializing freemocap package, version: v1.2.2, from file: F:\freemocap\freemocap\__init__.py
[2024-09-13T13:28:39.239031] [Δt:4.076488s] [    INFO] [skellytracker.system.logging_configuration] [logging_configuration:configure_logging():43] [PID:5932:Process-6 TID:15104:MainThread ] Logging already configured!
[2024-09-13T13:28:39.471887] [Δt:0.232857s] [    INFO] [freemocap.data_layer.recording_models.recording_info_model] [recording_info_model:get_number_of_mp4s_in_synched_videos_directory():239] [PID:5932:Process-6 TID:15104:MainThread ] Number of `.mp4`'s in F:\Mobile-Multimodal-Lab\3_MOTION_TRACKING\3_freemocap\marker_MULTIPLEpairs\P1\Vision_NoMovement\trial_1\synchronized_videos: 3
[2024-09-13T13:28:39.471887] [Δt:0.000000s] [   DEBUG] [freemocap.data_layer.recording_models.recording_info_model] [recording_info_model:get_number_of_frames_in_videos():253] [PID:5932:Process-6 TID:15104:MainThread ] No 'timestamps' directory, finding frame counts from synchronized videos
[2024-09-13T13:28:39.502645] [Δt:0.030757s] [    INFO] [freemocap.core_processes.process_motion_capture_videos.processing_pipeline_functions.image_tracking_pipeline_functions] [image_tracking_pipeline_functions:run_image_tracking_pipeline():44] [PID:5932:Process-6 TID:15104:MainThread ] Detecting 2d skeletons...
[2024-09-13T13:28:39.502645] [Δt:0.000000s] [    INFO] [freemocap.core_processes.process_motion_capture_videos.processing_pipeline_functions.image_tracking_pipeline_functions] [image_tracking_pipeline_functions:run_image_tracking_pipeline():45] [PID:5932:Process-6 TID:15104:MainThread ] Log Progress
[2024-09-13T13:28:39.502645] [Δt:0.000000s] [    INFO] [root] [process_folder_of_videos:process_folder_of_videos():95] [PID:5932:Process-6 TID:15104:MainThread ] Using multiprocessing to run pose estimation
[2024-09-13T13:30:07.408005] [Δt:87.905360s] [    INFO] [skellytracker.process_folder_of_videos] [process_folder_of_videos:process_folder_of_videos():105] [PID:5932:Process-6 TID:15104:MainThread ] Shape of output array: (3, 649, 553, 3)
[2024-09-13T13:30:07.743184] [Δt:0.335179s] [    INFO] [freemocap.core_processes.process_motion_capture_videos.processing_pipeline_functions.triangulation_pipeline_functions] [triangulation_pipeline_functions:get_triangulated_data():63] [PID:5932:Process-6 TID:15104:MainThread ] Triangulating 3d skeletons...
[2024-09-13T13:30:07.743184] [Δt:0.000000s] [    INFO] [freemocap.core_processes.process_motion_capture_videos.processing_pipeline_functions.triangulation_pipeline_functions] [triangulation_pipeline_functions:get_triangulated_data():64] [PID:5932:Process-6 TID:15104:MainThread ] Log Progress
[2024-09-13T13:30:07.782628] [Δt:0.039445s] [    INFO] [freemocap.core_processes.capture_volume_calibration.anipose_camera_calibration.get_anipose_calibration_object] [get_anipose_calibration_object:load_anipose_calibration_toml_from_path():38] [PID:5932:Process-6 TID:15104:MainThread ] loading camera calibration file from:F:/Mobile-Multimodal-Lab/3_MOTION_TRACKING/2_Video_Calibration/calibration_results/P1/3vid_Calibration_P1_T1_charuco_2024-04-23__calibration_anipose.toml
[2024-09-13T13:30:07.790139] [Δt:0.007511s] [    INFO] [freemocap.core_processes.capture_volume_calibration.triangulate_3d_data] [triangulate_3d_data:triangulate_3d_data():35] [PID:5932:Process-6 TID:15104:MainThread ] Reconstructing 3d points from 2d points with shape: 
number_of_cameras: 3,
number_of_frames: 649, 
number_of_tracked_points: 553,
number_of_spatial_dimensions: 2
[2024-09-13T13:30:07.790139] [Δt:0.000000s] [    INFO] [freemocap.core_processes.capture_volume_calibration.triangulate_3d_data] [triangulate_3d_data:triangulate_3d_data():47] [PID:5932:Process-6 TID:15104:MainThread ] Using simple `triangulate` method 
[2024-09-13T13:30:50.685133] [Δt:42.894993s] [    INFO] [freemocap.core_processes.capture_volume_calibration.save_mediapipe_3d_data_to_npy] [save_mediapipe_3d_data_to_npy:save_mediapipe_3d_data_to_npy():50] [PID:5932:Process-6 TID:15104:MainThread ] saving: F:\Mobile-Multimodal-Lab\3_MOTION_TRACKING\3_freemocap\marker_MULTIPLEpairs\P1\Vision_NoMovement\trial_1\output_data\raw_data\mediapipe3dData_numFrames_numTrackedPoints_spatialXYZ.npy
[2024-09-13T13:30:50.733677] [Δt:0.048544s] [    INFO] [freemocap.core_processes.capture_volume_calibration.save_mediapipe_3d_data_to_npy] [save_mediapipe_3d_data_to_npy:save_mediapipe_3d_data_to_npy():55] [PID:5932:Process-6 TID:15104:MainThread ] saving: F:\Mobile-Multimodal-Lab\3_MOTION_TRACKING\3_freemocap\marker_MULTIPLEpairs\P1\Vision_NoMovement\trial_1\output_data\raw_data\mediapipe3dData_numFrames_numTrackedPoints_reprojectionError.npy
[2024-09-13T13:30:50.904348] [Δt:0.170672s] [    INFO] [freemocap.core_processes.capture_volume_calibration.save_mediapipe_3d_data_to_npy] [save_mediapipe_3d_data_to_npy:save_mediapipe_3d_data_to_npy():61] [PID:5932:Process-6 TID:15104:MainThread ] saving: F:\Mobile-Multimodal-Lab\3_MOTION_TRACKING\3_freemocap\marker_MULTIPLEpairs\P1\Vision_NoMovement\trial_1\output_data\raw_data\mediapipe3dData_numCams_numFrames_numTrackedPoints_reprojectionError.npy
[2024-09-13T13:30:50.944348] [Δt:0.040000s] [    INFO] [freemocap.core_processes.post_process_skeleton_data.post_process_skeleton] [post_process_skeleton:run_post_processing_worker():79] [PID:5932:Process-6 TID:15104:MainThread ] Starting post-processing worker thread
[2024-09-13T13:30:50.944348] [Δt:0.000000s] [    INFO] [freemocap.core_processes.post_process_skeleton_data.post_process_skeleton] [post_process_skeleton:run_post_processing_worker():80] [PID:5932:Process-6 TID:15104:MainThread ] Log Progress
[2024-09-13T13:30:51.605491] [Δt:0.661142s] [    INFO] [freemocap.core_processes.post_process_skeleton_data.post_process_skeleton] [post_process_skeleton:run_post_processing_worker():90] [PID:5932:Process-6 TID:15104:MainThread ] Done with gap filling, filtering, and aligning
[2024-09-13T13:30:51.605491] [Δt:0.000000s] [    INFO] [freemocap.core_processes.process_motion_capture_videos.processing_pipeline_functions.anatomical_data_pipeline_functions] [anatomical_data_pipeline_functions:calculate_anatomical_data():26] [PID:5932:Process-6 TID:15104:MainThread ] Calculating center of mass...
[2024-09-13T13:30:52.396079] [Δt:0.790588s] [    INFO] [freemocap.core_processes.post_process_skeleton_data.calculate_center_of_mass] [calculate_center_of_mass:calculate_total_body_COM():306] [PID:5932:Process-6 TID:15104:MainThread ] Calculating Total Body Center of Mass
[2024-09-13T13:30:52.811004] [Δt:0.414926s] [    INFO] [freemocap.core_processes.detecting_things_in_2d_images.mediapipe_stuff.convert_mediapipe_npy_to_csv] [convert_mediapipe_npy_to_csv:convert_mediapipe_npy_to_csv():23] [PID:5932:Process-6 TID:15104:MainThread ] Converting npy data with shape: (649, 553, 3) into `csv` and smaller `npy` files
[2024-09-13T13:30:54.163659] [Δt:1.352654s] [   DEBUG] [freemocap.core_processes.detecting_things_in_2d_images.mediapipe_stuff.convert_mediapipe_npy_to_csv] [convert_mediapipe_npy_to_csv:convert_mediapipe_npy_to_csv():239] [PID:5932:Process-6 TID:15104:MainThread ] body 3d xyz shape: (649, 33, 3)
[2024-09-13T13:30:54.163659] [Δt:0.000000s] [   DEBUG] [freemocap.core_processes.detecting_things_in_2d_images.mediapipe_stuff.convert_mediapipe_npy_to_csv] [convert_mediapipe_npy_to_csv:convert_mediapipe_npy_to_csv():240] [PID:5932:Process-6 TID:15104:MainThread ] right hand 3d xyz shape: (649, 21, 3)
[2024-09-13T13:30:54.174040] [Δt:0.010382s] [   DEBUG] [freemocap.core_processes.detecting_things_in_2d_images.mediapipe_stuff.convert_mediapipe_npy_to_csv] [convert_mediapipe_npy_to_csv:convert_mediapipe_npy_to_csv():241] [PID:5932:Process-6 TID:15104:MainThread ] left hand 3d xyz shape: (649, 21, 3)
[2024-09-13T13:30:54.174040] [Δt:0.000000s] [   DEBUG] [freemocap.core_processes.detecting_things_in_2d_images.mediapipe_stuff.convert_mediapipe_npy_to_csv] [convert_mediapipe_npy_to_csv:convert_mediapipe_npy_to_csv():242] [PID:5932:Process-6 TID:15104:MainThread ] face 3d xyz shape: (649, 478, 3)
[2024-09-13T13:30:54.234288] [Δt:0.060248s] [   DEBUG] [freemocap.core_processes.detecting_things_in_2d_images.mediapipe_stuff.convert_mediapipe_npy_to_csv] [convert_mediapipe_npy_to_csv:convert_mediapipe_npy_to_csv():284] [PID:5932:Process-6 TID:15104:MainThread ] length of body 3d xyz `.csv` header: 99, should be: 99
[2024-09-13T13:30:54.244408] [Δt:0.010119s] [   DEBUG] [freemocap.core_processes.detecting_things_in_2d_images.mediapipe_stuff.convert_mediapipe_npy_to_csv] [convert_mediapipe_npy_to_csv:convert_mediapipe_npy_to_csv():287] [PID:5932:Process-6 TID:15104:MainThread ] length of right hand 3d xyz `.csv` header: 63, should be: 63
[2024-09-13T13:30:54.244408] [Δt:0.000000s] [   DEBUG] [freemocap.core_processes.detecting_things_in_2d_images.mediapipe_stuff.convert_mediapipe_npy_to_csv] [convert_mediapipe_npy_to_csv:convert_mediapipe_npy_to_csv():290] [PID:5932:Process-6 TID:15104:MainThread ] length of left hand 3d xyz `.csv` header: 63, should be: 63
[2024-09-13T13:30:54.244408] [Δt:0.000000s] [   DEBUG] [freemocap.core_processes.detecting_things_in_2d_images.mediapipe_stuff.convert_mediapipe_npy_to_csv] [convert_mediapipe_npy_to_csv:convert_mediapipe_npy_to_csv():293] [PID:5932:Process-6 TID:15104:MainThread ] length of face 3d xyz `.csv` header: 1434, should be: 1434
[2024-09-13T13:30:55.452461] [Δt:1.208053s] [    INFO] [freemocap.core_processes.detecting_things_in_2d_images.mediapipe_stuff.convert_mediapipe_npy_to_csv] [convert_mediapipe_npy_to_csv:convert_mediapipe_npy_to_csv():322] [PID:5932:Process-6 TID:15104:MainThread ] Done saving out `csv` and broken up `npy` files
[2024-09-13T13:30:55.452461] [Δt:0.000000s] [    INFO] [freemocap.core_processes.process_motion_capture_videos.processing_pipeline_functions.data_saving_pipeline_functions] [data_saving_pipeline_functions:save_data():39] [PID:5932:Process-6 TID:15104:MainThread ] Saving post-processed data
[2024-09-13T13:30:55.482899] [Δt:0.030439s] [    INFO] [freemocap.core_processes.process_motion_capture_videos.processing_pipeline_functions.data_saving_pipeline_functions] [data_saving_pipeline_functions:save_data():46] [PID:5932:Process-6 TID:15104:MainThread ] Saving segment center of mass data
[2024-09-13T13:30:55.492745] [Δt:0.009846s] [    INFO] [freemocap.core_processes.process_motion_capture_videos.processing_pipeline_functions.data_saving_pipeline_functions] [data_saving_pipeline_functions:save_data():53] [PID:5932:Process-6 TID:15104:MainThread ] Saving total body center of mass data
[2024-09-13T13:30:55.492745] [Δt:0.000000s] [    INFO] [freemocap.utilities.save_dictionary_to_json] [save_dictionary_to_json:save_dictionary_to_json():16] [PID:5932:Process-6 TID:15104:MainThread ] Saved dictionary mediapipe_names_and_connections_dict.json as json  at: F:\Mobile-Multimodal-Lab\3_MOTION_TRACKING\3_freemocap\marker_MULTIPLEpairs\P1\Vision_NoMovement\trial_1\output_data\mediapipe_names_and_connections_dict.json
[2024-09-13T13:30:55.492745] [Δt:0.000000s] [ WARNING] [freemocap.system.paths_and_filenames.file_and_folder_names] [path_getters:get_timestamps_directory():252] [PID:5932:Process-6 TID:15104:MainThread ] Could not find timestamps directory in F:\Mobile-Multimodal-Lab\3_MOTION_TRACKING\3_freemocap\marker_MULTIPLEpairs\P1\Vision_NoMovement\trial_1\synchronized_videos
[2024-09-13T13:30:55.492745] [Δt:0.000000s] [ WARNING] [freemocap.data_layer.data_saver.data_loader] [data_loader:_load_timestamps():91] [PID:5932:Process-6 TID:15104:MainThread ] No timestamps directory found. Skipping timestamps loading.
[2024-09-13T13:31:02.943052] [Δt:7.450307s] [    INFO] [freemocap.data_layer.data_saver.data_saver] [data_saver:save_to_json():59] [PID:5932:Process-6 TID:15104:MainThread ] Saving recording data to F:\Mobile-Multimodal-Lab\3_MOTION_TRACKING\3_freemocap\marker_MULTIPLEpairs\P1\Vision_NoMovement\trial_1\trial_1_by_frame.json
[2024-09-13T13:31:08.323936] [Δt:5.380883s] [    INFO] [freemocap.data_layer.data_saver.data_saver] [data_saver:save_to_csv():76] [PID:5932:Process-6 TID:15104:MainThread ] Saved recording data to F:\Mobile-Multimodal-Lab\3_MOTION_TRACKING\3_freemocap\marker_MULTIPLEpairs\P1\Vision_NoMovement\trial_1\trial_1_by_trajectory.csv
[2024-09-13T13:31:08.373821] [Δt:0.049885s] [    INFO] [freemocap.data_layer.data_saver.data_saver] [data_saver:save_to_npy():82] [PID:5932:Process-6 TID:15104:MainThread ] Saved recording data to F:\Mobile-Multimodal-Lab\3_MOTION_TRACKING\3_freemocap\marker_MULTIPLEpairs\P1\Vision_NoMovement\trial_1\trial_1_frame_name_xyz.npy
[2024-09-13T13:31:08.404164] [Δt:0.030344s] [    INFO] [freemocap.core_processes.process_motion_capture_videos.process_recording_folder] [process_recording_folder:process_recording_folder():143] [PID:5932:Process-6 TID:15104:MainThread ] Done processing F:\Mobile-Multimodal-Lab\3_MOTION_TRACKING\3_freemocap\marker_MULTIPLEpairs\P1\Vision_NoMovement\trial_1
