[2024-09-12T19:18:09.422480] [Δt:0.000000s] [    INFO] [freemocap] [__init__:<module>():18] [PID:16624:Process-6 TID:18324:MainThread ] Initializing freemocap package, version: v1.2.2, from file: F:\freemocap\freemocap\__init__.py
[2024-09-12T19:18:13.467125] [Δt:4.044645s] [    INFO] [skellytracker.system.logging_configuration] [logging_configuration:configure_logging():43] [PID:16624:Process-6 TID:18324:MainThread ] Logging already configured!
[2024-09-12T19:18:13.684452] [Δt:0.217326s] [    INFO] [freemocap.data_layer.recording_models.recording_info_model] [recording_info_model:get_number_of_mp4s_in_synched_videos_directory():239] [PID:16624:Process-6 TID:18324:MainThread ] Number of `.mp4`'s in F:\Mobile-Multimodal-Lab\3_MOTION_TRACKING\3_freemocap\marker_MULTIPLEpairs\P1\NoVision_NoMovement\trial_2\synchronized_videos: 3
[2024-09-12T19:18:13.694481] [Δt:0.010029s] [   DEBUG] [freemocap.data_layer.recording_models.recording_info_model] [recording_info_model:get_number_of_frames_in_videos():253] [PID:16624:Process-6 TID:18324:MainThread ] No 'timestamps' directory, finding frame counts from synchronized videos
[2024-09-12T19:18:13.714479] [Δt:0.019999s] [    INFO] [freemocap.core_processes.process_motion_capture_videos.processing_pipeline_functions.image_tracking_pipeline_functions] [image_tracking_pipeline_functions:run_image_tracking_pipeline():44] [PID:16624:Process-6 TID:18324:MainThread ] Detecting 2d skeletons...
[2024-09-12T19:18:13.714479] [Δt:0.000000s] [    INFO] [freemocap.core_processes.process_motion_capture_videos.processing_pipeline_functions.image_tracking_pipeline_functions] [image_tracking_pipeline_functions:run_image_tracking_pipeline():45] [PID:16624:Process-6 TID:18324:MainThread ] Log Progress
[2024-09-12T19:18:13.724982] [Δt:0.010503s] [    INFO] [root] [process_folder_of_videos:process_folder_of_videos():95] [PID:16624:Process-6 TID:18324:MainThread ] Using multiprocessing to run pose estimation
[2024-09-12T19:19:42.253549] [Δt:88.528566s] [    INFO] [skellytracker.process_folder_of_videos] [process_folder_of_videos:process_folder_of_videos():105] [PID:16624:Process-6 TID:18324:MainThread ] Shape of output array: (3, 655, 553, 3)
[2024-09-12T19:19:42.452467] [Δt:0.198918s] [    INFO] [freemocap.core_processes.process_motion_capture_videos.processing_pipeline_functions.triangulation_pipeline_functions] [triangulation_pipeline_functions:get_triangulated_data():63] [PID:16624:Process-6 TID:18324:MainThread ] Triangulating 3d skeletons...
[2024-09-12T19:19:42.452467] [Δt:0.000000s] [    INFO] [freemocap.core_processes.process_motion_capture_videos.processing_pipeline_functions.triangulation_pipeline_functions] [triangulation_pipeline_functions:get_triangulated_data():64] [PID:16624:Process-6 TID:18324:MainThread ] Log Progress
[2024-09-12T19:19:42.493517] [Δt:0.041050s] [    INFO] [freemocap.core_processes.capture_volume_calibration.anipose_camera_calibration.get_anipose_calibration_object] [get_anipose_calibration_object:load_anipose_calibration_toml_from_path():38] [PID:16624:Process-6 TID:18324:MainThread ] loading camera calibration file from:F:/Mobile-Multimodal-Lab/3_MOTION_TRACKING/2_Video_Calibration/calibration_results/P1/3vid_Calibration_P1_T1_charuco_2024-04-23__calibration_anipose.toml
[2024-09-12T19:19:42.493517] [Δt:0.000000s] [    INFO] [freemocap.core_processes.capture_volume_calibration.triangulate_3d_data] [triangulate_3d_data:triangulate_3d_data():35] [PID:16624:Process-6 TID:18324:MainThread ] Reconstructing 3d points from 2d points with shape: 
number_of_cameras: 3,
number_of_frames: 655, 
number_of_tracked_points: 553,
number_of_spatial_dimensions: 2
[2024-09-12T19:19:42.501549] [Δt:0.008032s] [    INFO] [freemocap.core_processes.capture_volume_calibration.triangulate_3d_data] [triangulate_3d_data:triangulate_3d_data():47] [PID:16624:Process-6 TID:18324:MainThread ] Using simple `triangulate` method 
[2024-09-12T19:20:21.815396] [Δt:39.313847s] [    INFO] [freemocap.core_processes.capture_volume_calibration.save_mediapipe_3d_data_to_npy] [save_mediapipe_3d_data_to_npy:save_mediapipe_3d_data_to_npy():50] [PID:16624:Process-6 TID:18324:MainThread ] saving: F:\Mobile-Multimodal-Lab\3_MOTION_TRACKING\3_freemocap\marker_MULTIPLEpairs\P1\NoVision_NoMovement\trial_2\output_data\raw_data\mediapipe3dData_numFrames_numTrackedPoints_spatialXYZ.npy
[2024-09-12T19:20:21.844482] [Δt:0.029086s] [    INFO] [freemocap.core_processes.capture_volume_calibration.save_mediapipe_3d_data_to_npy] [save_mediapipe_3d_data_to_npy:save_mediapipe_3d_data_to_npy():55] [PID:16624:Process-6 TID:18324:MainThread ] saving: F:\Mobile-Multimodal-Lab\3_MOTION_TRACKING\3_freemocap\marker_MULTIPLEpairs\P1\NoVision_NoMovement\trial_2\output_data\raw_data\mediapipe3dData_numFrames_numTrackedPoints_reprojectionError.npy
[2024-09-12T19:20:21.963945] [Δt:0.119463s] [    INFO] [freemocap.core_processes.capture_volume_calibration.save_mediapipe_3d_data_to_npy] [save_mediapipe_3d_data_to_npy:save_mediapipe_3d_data_to_npy():61] [PID:16624:Process-6 TID:18324:MainThread ] saving: F:\Mobile-Multimodal-Lab\3_MOTION_TRACKING\3_freemocap\marker_MULTIPLEpairs\P1\NoVision_NoMovement\trial_2\output_data\raw_data\mediapipe3dData_numCams_numFrames_numTrackedPoints_reprojectionError.npy
[2024-09-12T19:20:22.076538] [Δt:0.112594s] [    INFO] [freemocap.core_processes.post_process_skeleton_data.post_process_skeleton] [post_process_skeleton:run_post_processing_worker():79] [PID:16624:Process-6 TID:18324:MainThread ] Starting post-processing worker thread
[2024-09-12T19:20:22.076538] [Δt:0.000000s] [    INFO] [freemocap.core_processes.post_process_skeleton_data.post_process_skeleton] [post_process_skeleton:run_post_processing_worker():80] [PID:16624:Process-6 TID:18324:MainThread ] Log Progress
[2024-09-12T19:20:22.824919] [Δt:0.748380s] [    INFO] [freemocap.core_processes.post_process_skeleton_data.post_process_skeleton] [post_process_skeleton:run_post_processing_worker():90] [PID:16624:Process-6 TID:18324:MainThread ] Done with gap filling, filtering, and aligning
[2024-09-12T19:20:22.830472] [Δt:0.005554s] [    INFO] [freemocap.core_processes.process_motion_capture_videos.processing_pipeline_functions.anatomical_data_pipeline_functions] [anatomical_data_pipeline_functions:calculate_anatomical_data():26] [PID:16624:Process-6 TID:18324:MainThread ] Calculating center of mass...
[2024-09-12T19:20:23.620073] [Δt:0.789600s] [    INFO] [freemocap.core_processes.post_process_skeleton_data.calculate_center_of_mass] [calculate_center_of_mass:calculate_total_body_COM():306] [PID:16624:Process-6 TID:18324:MainThread ] Calculating Total Body Center of Mass
[2024-09-12T19:20:24.033840] [Δt:0.413768s] [    INFO] [freemocap.core_processes.detecting_things_in_2d_images.mediapipe_stuff.convert_mediapipe_npy_to_csv] [convert_mediapipe_npy_to_csv:convert_mediapipe_npy_to_csv():23] [PID:16624:Process-6 TID:18324:MainThread ] Converting npy data with shape: (655, 553, 3) into `csv` and smaller `npy` files
[2024-09-12T19:20:25.354283] [Δt:1.320443s] [   DEBUG] [freemocap.core_processes.detecting_things_in_2d_images.mediapipe_stuff.convert_mediapipe_npy_to_csv] [convert_mediapipe_npy_to_csv:convert_mediapipe_npy_to_csv():239] [PID:16624:Process-6 TID:18324:MainThread ] body 3d xyz shape: (655, 33, 3)
[2024-09-12T19:20:25.354283] [Δt:0.000000s] [   DEBUG] [freemocap.core_processes.detecting_things_in_2d_images.mediapipe_stuff.convert_mediapipe_npy_to_csv] [convert_mediapipe_npy_to_csv:convert_mediapipe_npy_to_csv():240] [PID:16624:Process-6 TID:18324:MainThread ] right hand 3d xyz shape: (655, 21, 3)
[2024-09-12T19:20:25.354283] [Δt:0.000000s] [   DEBUG] [freemocap.core_processes.detecting_things_in_2d_images.mediapipe_stuff.convert_mediapipe_npy_to_csv] [convert_mediapipe_npy_to_csv:convert_mediapipe_npy_to_csv():241] [PID:16624:Process-6 TID:18324:MainThread ] left hand 3d xyz shape: (655, 21, 3)
[2024-09-12T19:20:25.364293] [Δt:0.010009s] [   DEBUG] [freemocap.core_processes.detecting_things_in_2d_images.mediapipe_stuff.convert_mediapipe_npy_to_csv] [convert_mediapipe_npy_to_csv:convert_mediapipe_npy_to_csv():242] [PID:16624:Process-6 TID:18324:MainThread ] face 3d xyz shape: (655, 478, 3)
[2024-09-12T19:20:25.444255] [Δt:0.079963s] [   DEBUG] [freemocap.core_processes.detecting_things_in_2d_images.mediapipe_stuff.convert_mediapipe_npy_to_csv] [convert_mediapipe_npy_to_csv:convert_mediapipe_npy_to_csv():284] [PID:16624:Process-6 TID:18324:MainThread ] length of body 3d xyz `.csv` header: 99, should be: 99
[2024-09-12T19:20:25.444255] [Δt:0.000000s] [   DEBUG] [freemocap.core_processes.detecting_things_in_2d_images.mediapipe_stuff.convert_mediapipe_npy_to_csv] [convert_mediapipe_npy_to_csv:convert_mediapipe_npy_to_csv():287] [PID:16624:Process-6 TID:18324:MainThread ] length of right hand 3d xyz `.csv` header: 63, should be: 63
[2024-09-12T19:20:25.444255] [Δt:0.000000s] [   DEBUG] [freemocap.core_processes.detecting_things_in_2d_images.mediapipe_stuff.convert_mediapipe_npy_to_csv] [convert_mediapipe_npy_to_csv:convert_mediapipe_npy_to_csv():290] [PID:16624:Process-6 TID:18324:MainThread ] length of left hand 3d xyz `.csv` header: 63, should be: 63
[2024-09-12T19:20:25.444255] [Δt:0.000000s] [   DEBUG] [freemocap.core_processes.detecting_things_in_2d_images.mediapipe_stuff.convert_mediapipe_npy_to_csv] [convert_mediapipe_npy_to_csv:convert_mediapipe_npy_to_csv():293] [PID:16624:Process-6 TID:18324:MainThread ] length of face 3d xyz `.csv` header: 1434, should be: 1434
[2024-09-12T19:20:26.677308] [Δt:1.233053s] [    INFO] [freemocap.core_processes.detecting_things_in_2d_images.mediapipe_stuff.convert_mediapipe_npy_to_csv] [convert_mediapipe_npy_to_csv:convert_mediapipe_npy_to_csv():322] [PID:16624:Process-6 TID:18324:MainThread ] Done saving out `csv` and broken up `npy` files
[2024-09-12T19:20:26.677308] [Δt:0.000000s] [    INFO] [freemocap.core_processes.process_motion_capture_videos.processing_pipeline_functions.data_saving_pipeline_functions] [data_saving_pipeline_functions:save_data():39] [PID:16624:Process-6 TID:18324:MainThread ] Saving post-processed data
[2024-09-12T19:20:26.859294] [Δt:0.181985s] [    INFO] [freemocap.core_processes.process_motion_capture_videos.processing_pipeline_functions.data_saving_pipeline_functions] [data_saving_pipeline_functions:save_data():46] [PID:16624:Process-6 TID:18324:MainThread ] Saving segment center of mass data
[2024-09-12T19:20:26.859294] [Δt:0.000000s] [    INFO] [freemocap.core_processes.process_motion_capture_videos.processing_pipeline_functions.data_saving_pipeline_functions] [data_saving_pipeline_functions:save_data():53] [PID:16624:Process-6 TID:18324:MainThread ] Saving total body center of mass data
[2024-09-12T19:20:26.869211] [Δt:0.009918s] [    INFO] [freemocap.utilities.save_dictionary_to_json] [save_dictionary_to_json:save_dictionary_to_json():16] [PID:16624:Process-6 TID:18324:MainThread ] Saved dictionary mediapipe_names_and_connections_dict.json as json  at: F:\Mobile-Multimodal-Lab\3_MOTION_TRACKING\3_freemocap\marker_MULTIPLEpairs\P1\NoVision_NoMovement\trial_2\output_data\mediapipe_names_and_connections_dict.json
[2024-09-12T19:20:26.869211] [Δt:0.000000s] [ WARNING] [freemocap.system.paths_and_filenames.file_and_folder_names] [path_getters:get_timestamps_directory():252] [PID:16624:Process-6 TID:18324:MainThread ] Could not find timestamps directory in F:\Mobile-Multimodal-Lab\3_MOTION_TRACKING\3_freemocap\marker_MULTIPLEpairs\P1\NoVision_NoMovement\trial_2\synchronized_videos
[2024-09-12T19:20:26.869211] [Δt:0.000000s] [ WARNING] [freemocap.data_layer.data_saver.data_loader] [data_loader:_load_timestamps():91] [PID:16624:Process-6 TID:18324:MainThread ] No timestamps directory found. Skipping timestamps loading.
[2024-09-12T19:20:34.535430] [Δt:7.666218s] [    INFO] [freemocap.data_layer.data_saver.data_saver] [data_saver:save_to_json():59] [PID:16624:Process-6 TID:18324:MainThread ] Saving recording data to F:\Mobile-Multimodal-Lab\3_MOTION_TRACKING\3_freemocap\marker_MULTIPLEpairs\P1\NoVision_NoMovement\trial_2\trial_2_by_frame.json
[2024-09-12T19:20:39.848683] [Δt:5.313254s] [    INFO] [freemocap.data_layer.data_saver.data_saver] [data_saver:save_to_csv():76] [PID:16624:Process-6 TID:18324:MainThread ] Saved recording data to F:\Mobile-Multimodal-Lab\3_MOTION_TRACKING\3_freemocap\marker_MULTIPLEpairs\P1\NoVision_NoMovement\trial_2\trial_2_by_trajectory.csv
[2024-09-12T19:20:39.898533] [Δt:0.049850s] [    INFO] [freemocap.data_layer.data_saver.data_saver] [data_saver:save_to_npy():82] [PID:16624:Process-6 TID:18324:MainThread ] Saved recording data to F:\Mobile-Multimodal-Lab\3_MOTION_TRACKING\3_freemocap\marker_MULTIPLEpairs\P1\NoVision_NoMovement\trial_2\trial_2_frame_name_xyz.npy
[2024-09-12T19:20:39.928504] [Δt:0.029971s] [    INFO] [freemocap.core_processes.process_motion_capture_videos.process_recording_folder] [process_recording_folder:process_recording_folder():143] [PID:16624:Process-6 TID:18324:MainThread ] Done processing F:\Mobile-Multimodal-Lab\3_MOTION_TRACKING\3_freemocap\marker_MULTIPLEpairs\P1\NoVision_NoMovement\trial_2
