[2024-09-12T20:14:18.947492] [Δt:0.000000s] [    INFO] [freemocap] [__init__:<module>():18] [PID:18692:Process-2 TID:17064:MainThread ] Initializing freemocap package, version: v1.2.2, from file: F:\freemocap\freemocap\__init__.py
[2024-09-12T20:14:22.959881] [Δt:4.012390s] [    INFO] [skellytracker.system.logging_configuration] [logging_configuration:configure_logging():43] [PID:18692:Process-2 TID:17064:MainThread ] Logging already configured!
[2024-09-12T20:14:23.188384] [Δt:0.228502s] [    INFO] [freemocap.data_layer.recording_models.recording_info_model] [recording_info_model:get_number_of_mp4s_in_synched_videos_directory():239] [PID:18692:Process-2 TID:17064:MainThread ] Number of `.mp4`'s in F:\Mobile-Multimodal-Lab\3_MOTION_TRACKING\3_freemocap\marker_MULTIPLEpairs\P1\Vision_Movement\trial_1\synchronized_videos: 3
[2024-09-12T20:14:23.190930] [Δt:0.002547s] [   DEBUG] [freemocap.data_layer.recording_models.recording_info_model] [recording_info_model:get_number_of_frames_in_videos():253] [PID:18692:Process-2 TID:17064:MainThread ] No 'timestamps' directory, finding frame counts from synchronized videos
[2024-09-12T20:14:23.208976] [Δt:0.018045s] [    INFO] [freemocap.core_processes.process_motion_capture_videos.processing_pipeline_functions.image_tracking_pipeline_functions] [image_tracking_pipeline_functions:run_image_tracking_pipeline():44] [PID:18692:Process-2 TID:17064:MainThread ] Detecting 2d skeletons...
[2024-09-12T20:14:23.208976] [Δt:0.000000s] [    INFO] [freemocap.core_processes.process_motion_capture_videos.processing_pipeline_functions.image_tracking_pipeline_functions] [image_tracking_pipeline_functions:run_image_tracking_pipeline():45] [PID:18692:Process-2 TID:17064:MainThread ] Log Progress
[2024-09-12T20:14:23.218969] [Δt:0.009993s] [    INFO] [root] [process_folder_of_videos:process_folder_of_videos():95] [PID:18692:Process-2 TID:17064:MainThread ] Using multiprocessing to run pose estimation
[2024-09-12T20:15:55.745890] [Δt:92.526922s] [    INFO] [skellytracker.process_folder_of_videos] [process_folder_of_videos:process_folder_of_videos():105] [PID:18692:Process-2 TID:17064:MainThread ] Shape of output array: (3, 686, 553, 3)
[2024-09-12T20:15:56.018971] [Δt:0.273080s] [    INFO] [freemocap.core_processes.process_motion_capture_videos.processing_pipeline_functions.triangulation_pipeline_functions] [triangulation_pipeline_functions:get_triangulated_data():63] [PID:18692:Process-2 TID:17064:MainThread ] Triangulating 3d skeletons...
[2024-09-12T20:15:56.018971] [Δt:0.000000s] [    INFO] [freemocap.core_processes.process_motion_capture_videos.processing_pipeline_functions.triangulation_pipeline_functions] [triangulation_pipeline_functions:get_triangulated_data():64] [PID:18692:Process-2 TID:17064:MainThread ] Log Progress
[2024-09-12T20:15:56.057795] [Δt:0.038825s] [    INFO] [freemocap.core_processes.capture_volume_calibration.anipose_camera_calibration.get_anipose_calibration_object] [get_anipose_calibration_object:load_anipose_calibration_toml_from_path():38] [PID:18692:Process-2 TID:17064:MainThread ] loading camera calibration file from:F:/Mobile-Multimodal-Lab/3_MOTION_TRACKING/2_Video_Calibration/calibration_results/P1/3vid_Calibration_P1_T1_charuco_2024-04-23__calibration_anipose.toml
[2024-09-12T20:15:56.057795] [Δt:0.000000s] [    INFO] [freemocap.core_processes.capture_volume_calibration.triangulate_3d_data] [triangulate_3d_data:triangulate_3d_data():35] [PID:18692:Process-2 TID:17064:MainThread ] Reconstructing 3d points from 2d points with shape: 
number_of_cameras: 3,
number_of_frames: 686, 
number_of_tracked_points: 553,
number_of_spatial_dimensions: 2
[2024-09-12T20:15:56.057795] [Δt:0.000000s] [    INFO] [freemocap.core_processes.capture_volume_calibration.triangulate_3d_data] [triangulate_3d_data:triangulate_3d_data():47] [PID:18692:Process-2 TID:17064:MainThread ] Using simple `triangulate` method 
[2024-09-12T20:16:48.729783] [Δt:52.671988s] [    INFO] [freemocap.core_processes.capture_volume_calibration.save_mediapipe_3d_data_to_npy] [save_mediapipe_3d_data_to_npy:save_mediapipe_3d_data_to_npy():50] [PID:18692:Process-2 TID:17064:MainThread ] saving: F:\Mobile-Multimodal-Lab\3_MOTION_TRACKING\3_freemocap\marker_MULTIPLEpairs\P1\Vision_Movement\trial_1\output_data\raw_data\mediapipe3dData_numFrames_numTrackedPoints_spatialXYZ.npy
[2024-09-12T20:16:48.758926] [Δt:0.029143s] [    INFO] [freemocap.core_processes.capture_volume_calibration.save_mediapipe_3d_data_to_npy] [save_mediapipe_3d_data_to_npy:save_mediapipe_3d_data_to_npy():55] [PID:18692:Process-2 TID:17064:MainThread ] saving: F:\Mobile-Multimodal-Lab\3_MOTION_TRACKING\3_freemocap\marker_MULTIPLEpairs\P1\Vision_Movement\trial_1\output_data\raw_data\mediapipe3dData_numFrames_numTrackedPoints_reprojectionError.npy
[2024-09-12T20:16:48.928924] [Δt:0.169998s] [    INFO] [freemocap.core_processes.capture_volume_calibration.save_mediapipe_3d_data_to_npy] [save_mediapipe_3d_data_to_npy:save_mediapipe_3d_data_to_npy():61] [PID:18692:Process-2 TID:17064:MainThread ] saving: F:\Mobile-Multimodal-Lab\3_MOTION_TRACKING\3_freemocap\marker_MULTIPLEpairs\P1\Vision_Movement\trial_1\output_data\raw_data\mediapipe3dData_numCams_numFrames_numTrackedPoints_reprojectionError.npy
[2024-09-12T20:16:49.070750] [Δt:0.141826s] [    INFO] [freemocap.core_processes.post_process_skeleton_data.post_process_skeleton] [post_process_skeleton:run_post_processing_worker():79] [PID:18692:Process-2 TID:17064:MainThread ] Starting post-processing worker thread
[2024-09-12T20:16:49.070750] [Δt:0.000000s] [    INFO] [freemocap.core_processes.post_process_skeleton_data.post_process_skeleton] [post_process_skeleton:run_post_processing_worker():80] [PID:18692:Process-2 TID:17064:MainThread ] Log Progress
[2024-09-12T20:16:49.733602] [Δt:0.662852s] [    INFO] [freemocap.core_processes.post_process_skeleton_data.post_process_skeleton] [post_process_skeleton:run_post_processing_worker():90] [PID:18692:Process-2 TID:17064:MainThread ] Done with gap filling, filtering, and aligning
[2024-09-12T20:16:49.733602] [Δt:0.000000s] [    INFO] [freemocap.core_processes.process_motion_capture_videos.processing_pipeline_functions.anatomical_data_pipeline_functions] [anatomical_data_pipeline_functions:calculate_anatomical_data():26] [PID:18692:Process-2 TID:17064:MainThread ] Calculating center of mass...
[2024-09-12T20:16:50.571358] [Δt:0.837756s] [    INFO] [freemocap.core_processes.post_process_skeleton_data.calculate_center_of_mass] [calculate_center_of_mass:calculate_total_body_COM():306] [PID:18692:Process-2 TID:17064:MainThread ] Calculating Total Body Center of Mass
[2024-09-12T20:16:50.994456] [Δt:0.423098s] [    INFO] [freemocap.core_processes.detecting_things_in_2d_images.mediapipe_stuff.convert_mediapipe_npy_to_csv] [convert_mediapipe_npy_to_csv:convert_mediapipe_npy_to_csv():23] [PID:18692:Process-2 TID:17064:MainThread ] Converting npy data with shape: (686, 553, 3) into `csv` and smaller `npy` files
[2024-09-12T20:16:52.421520] [Δt:1.427064s] [   DEBUG] [freemocap.core_processes.detecting_things_in_2d_images.mediapipe_stuff.convert_mediapipe_npy_to_csv] [convert_mediapipe_npy_to_csv:convert_mediapipe_npy_to_csv():239] [PID:18692:Process-2 TID:17064:MainThread ] body 3d xyz shape: (686, 33, 3)
[2024-09-12T20:16:52.421520] [Δt:0.000000s] [   DEBUG] [freemocap.core_processes.detecting_things_in_2d_images.mediapipe_stuff.convert_mediapipe_npy_to_csv] [convert_mediapipe_npy_to_csv:convert_mediapipe_npy_to_csv():240] [PID:18692:Process-2 TID:17064:MainThread ] right hand 3d xyz shape: (686, 21, 3)
[2024-09-12T20:16:52.421520] [Δt:0.000000s] [   DEBUG] [freemocap.core_processes.detecting_things_in_2d_images.mediapipe_stuff.convert_mediapipe_npy_to_csv] [convert_mediapipe_npy_to_csv:convert_mediapipe_npy_to_csv():241] [PID:18692:Process-2 TID:17064:MainThread ] left hand 3d xyz shape: (686, 21, 3)
[2024-09-12T20:16:52.421520] [Δt:0.000000s] [   DEBUG] [freemocap.core_processes.detecting_things_in_2d_images.mediapipe_stuff.convert_mediapipe_npy_to_csv] [convert_mediapipe_npy_to_csv:convert_mediapipe_npy_to_csv():242] [PID:18692:Process-2 TID:17064:MainThread ] face 3d xyz shape: (686, 478, 3)
[2024-09-12T20:16:52.532592] [Δt:0.111071s] [   DEBUG] [freemocap.core_processes.detecting_things_in_2d_images.mediapipe_stuff.convert_mediapipe_npy_to_csv] [convert_mediapipe_npy_to_csv:convert_mediapipe_npy_to_csv():284] [PID:18692:Process-2 TID:17064:MainThread ] length of body 3d xyz `.csv` header: 99, should be: 99
[2024-09-12T20:16:52.532592] [Δt:0.000000s] [   DEBUG] [freemocap.core_processes.detecting_things_in_2d_images.mediapipe_stuff.convert_mediapipe_npy_to_csv] [convert_mediapipe_npy_to_csv:convert_mediapipe_npy_to_csv():287] [PID:18692:Process-2 TID:17064:MainThread ] length of right hand 3d xyz `.csv` header: 63, should be: 63
[2024-09-12T20:16:52.532592] [Δt:0.000000s] [   DEBUG] [freemocap.core_processes.detecting_things_in_2d_images.mediapipe_stuff.convert_mediapipe_npy_to_csv] [convert_mediapipe_npy_to_csv:convert_mediapipe_npy_to_csv():290] [PID:18692:Process-2 TID:17064:MainThread ] length of left hand 3d xyz `.csv` header: 63, should be: 63
[2024-09-12T20:16:52.532592] [Δt:0.000000s] [   DEBUG] [freemocap.core_processes.detecting_things_in_2d_images.mediapipe_stuff.convert_mediapipe_npy_to_csv] [convert_mediapipe_npy_to_csv:convert_mediapipe_npy_to_csv():293] [PID:18692:Process-2 TID:17064:MainThread ] length of face 3d xyz `.csv` header: 1434, should be: 1434
[2024-09-12T20:16:53.793286] [Δt:1.260694s] [    INFO] [freemocap.core_processes.detecting_things_in_2d_images.mediapipe_stuff.convert_mediapipe_npy_to_csv] [convert_mediapipe_npy_to_csv:convert_mediapipe_npy_to_csv():322] [PID:18692:Process-2 TID:17064:MainThread ] Done saving out `csv` and broken up `npy` files
[2024-09-12T20:16:53.793286] [Δt:0.000000s] [    INFO] [freemocap.core_processes.process_motion_capture_videos.processing_pipeline_functions.data_saving_pipeline_functions] [data_saving_pipeline_functions:save_data():39] [PID:18692:Process-2 TID:17064:MainThread ] Saving post-processed data
[2024-09-12T20:16:54.015546] [Δt:0.222260s] [    INFO] [freemocap.core_processes.process_motion_capture_videos.processing_pipeline_functions.data_saving_pipeline_functions] [data_saving_pipeline_functions:save_data():46] [PID:18692:Process-2 TID:17064:MainThread ] Saving segment center of mass data
[2024-09-12T20:16:54.015546] [Δt:0.000000s] [    INFO] [freemocap.core_processes.process_motion_capture_videos.processing_pipeline_functions.data_saving_pipeline_functions] [data_saving_pipeline_functions:save_data():53] [PID:18692:Process-2 TID:17064:MainThread ] Saving total body center of mass data
[2024-09-12T20:16:54.015546] [Δt:0.000000s] [    INFO] [freemocap.utilities.save_dictionary_to_json] [save_dictionary_to_json:save_dictionary_to_json():16] [PID:18692:Process-2 TID:17064:MainThread ] Saved dictionary mediapipe_names_and_connections_dict.json as json  at: F:\Mobile-Multimodal-Lab\3_MOTION_TRACKING\3_freemocap\marker_MULTIPLEpairs\P1\Vision_Movement\trial_1\output_data\mediapipe_names_and_connections_dict.json
[2024-09-12T20:16:54.025412] [Δt:0.009866s] [ WARNING] [freemocap.system.paths_and_filenames.file_and_folder_names] [path_getters:get_timestamps_directory():252] [PID:18692:Process-2 TID:17064:MainThread ] Could not find timestamps directory in F:\Mobile-Multimodal-Lab\3_MOTION_TRACKING\3_freemocap\marker_MULTIPLEpairs\P1\Vision_Movement\trial_1\synchronized_videos
[2024-09-12T20:16:54.025412] [Δt:0.000000s] [ WARNING] [freemocap.data_layer.data_saver.data_loader] [data_loader:_load_timestamps():91] [PID:18692:Process-2 TID:17064:MainThread ] No timestamps directory found. Skipping timestamps loading.
[2024-09-12T20:17:02.136827] [Δt:8.111415s] [    INFO] [freemocap.data_layer.data_saver.data_saver] [data_saver:save_to_json():59] [PID:18692:Process-2 TID:17064:MainThread ] Saving recording data to F:\Mobile-Multimodal-Lab\3_MOTION_TRACKING\3_freemocap\marker_MULTIPLEpairs\P1\Vision_Movement\trial_1\trial_1_by_frame.json
[2024-09-12T20:17:07.804338] [Δt:5.667512s] [    INFO] [freemocap.data_layer.data_saver.data_saver] [data_saver:save_to_csv():76] [PID:18692:Process-2 TID:17064:MainThread ] Saved recording data to F:\Mobile-Multimodal-Lab\3_MOTION_TRACKING\3_freemocap\marker_MULTIPLEpairs\P1\Vision_Movement\trial_1\trial_1_by_trajectory.csv
[2024-09-12T20:17:07.865220] [Δt:0.060882s] [    INFO] [freemocap.data_layer.data_saver.data_saver] [data_saver:save_to_npy():82] [PID:18692:Process-2 TID:17064:MainThread ] Saved recording data to F:\Mobile-Multimodal-Lab\3_MOTION_TRACKING\3_freemocap\marker_MULTIPLEpairs\P1\Vision_Movement\trial_1\trial_1_frame_name_xyz.npy
[2024-09-12T20:17:07.895113] [Δt:0.029892s] [    INFO] [freemocap.core_processes.process_motion_capture_videos.process_recording_folder] [process_recording_folder:process_recording_folder():143] [PID:18692:Process-2 TID:17064:MainThread ] Done processing F:\Mobile-Multimodal-Lab\3_MOTION_TRACKING\3_freemocap\marker_MULTIPLEpairs\P1\Vision_Movement\trial_1
