[2024-09-13T12:04:05.037888] [Δt:0.000000s] [    INFO] [freemocap] [__init__:<module>():18] [PID:17308:Process-5 TID:17556:MainThread ] Initializing freemocap package, version: v1.2.2, from file: F:\freemocap\freemocap\__init__.py
[2024-09-13T12:04:09.270236] [Δt:4.232348s] [    INFO] [skellytracker.system.logging_configuration] [logging_configuration:configure_logging():43] [PID:17308:Process-5 TID:17556:MainThread ] Logging already configured!
[2024-09-13T12:04:09.503142] [Δt:0.232907s] [    INFO] [freemocap.data_layer.recording_models.recording_info_model] [recording_info_model:get_number_of_mp4s_in_synched_videos_directory():239] [PID:17308:Process-5 TID:17556:MainThread ] Number of `.mp4`'s in F:\Mobile-Multimodal-Lab\3_MOTION_TRACKING\3_freemocap\marker_MULTIPLEpairs\P1\Vision_NoMovement\trial_0\synchronized_videos: 3
[2024-09-13T12:04:09.503142] [Δt:0.000000s] [   DEBUG] [freemocap.data_layer.recording_models.recording_info_model] [recording_info_model:get_number_of_frames_in_videos():253] [PID:17308:Process-5 TID:17556:MainThread ] No 'timestamps' directory, finding frame counts from synchronized videos
[2024-09-13T12:04:09.532368] [Δt:0.029225s] [    INFO] [freemocap.core_processes.process_motion_capture_videos.processing_pipeline_functions.image_tracking_pipeline_functions] [image_tracking_pipeline_functions:run_image_tracking_pipeline():44] [PID:17308:Process-5 TID:17556:MainThread ] Detecting 2d skeletons...
[2024-09-13T12:04:09.532368] [Δt:0.000000s] [    INFO] [freemocap.core_processes.process_motion_capture_videos.processing_pipeline_functions.image_tracking_pipeline_functions] [image_tracking_pipeline_functions:run_image_tracking_pipeline():45] [PID:17308:Process-5 TID:17556:MainThread ] Log Progress
[2024-09-13T12:04:09.532368] [Δt:0.000000s] [    INFO] [root] [process_folder_of_videos:process_folder_of_videos():95] [PID:17308:Process-5 TID:17556:MainThread ] Using multiprocessing to run pose estimation
[2024-09-13T12:05:47.744539] [Δt:98.212172s] [    INFO] [skellytracker.process_folder_of_videos] [process_folder_of_videos:process_folder_of_videos():105] [PID:17308:Process-5 TID:17556:MainThread ] Shape of output array: (3, 683, 553, 3)
[2024-09-13T12:05:48.020497] [Δt:0.275958s] [    INFO] [freemocap.core_processes.process_motion_capture_videos.processing_pipeline_functions.triangulation_pipeline_functions] [triangulation_pipeline_functions:get_triangulated_data():63] [PID:17308:Process-5 TID:17556:MainThread ] Triangulating 3d skeletons...
[2024-09-13T12:05:48.020497] [Δt:0.000000s] [    INFO] [freemocap.core_processes.process_motion_capture_videos.processing_pipeline_functions.triangulation_pipeline_functions] [triangulation_pipeline_functions:get_triangulated_data():64] [PID:17308:Process-5 TID:17556:MainThread ] Log Progress
[2024-09-13T12:05:48.058970] [Δt:0.038472s] [    INFO] [freemocap.core_processes.capture_volume_calibration.anipose_camera_calibration.get_anipose_calibration_object] [get_anipose_calibration_object:load_anipose_calibration_toml_from_path():38] [PID:17308:Process-5 TID:17556:MainThread ] loading camera calibration file from:F:/Mobile-Multimodal-Lab/3_MOTION_TRACKING/2_Video_Calibration/calibration_results/P1/3vid_Calibration_P1_T1_charuco_2024-04-23__calibration_anipose.toml
[2024-09-13T12:05:48.058970] [Δt:0.000000s] [    INFO] [freemocap.core_processes.capture_volume_calibration.triangulate_3d_data] [triangulate_3d_data:triangulate_3d_data():35] [PID:17308:Process-5 TID:17556:MainThread ] Reconstructing 3d points from 2d points with shape: 
number_of_cameras: 3,
number_of_frames: 683, 
number_of_tracked_points: 553,
number_of_spatial_dimensions: 2
[2024-09-13T12:05:48.058970] [Δt:0.000000s] [    INFO] [freemocap.core_processes.capture_volume_calibration.triangulate_3d_data] [triangulate_3d_data:triangulate_3d_data():47] [PID:17308:Process-5 TID:17556:MainThread ] Using simple `triangulate` method 
[2024-09-13T12:06:44.957922] [Δt:56.898953s] [    INFO] [freemocap.core_processes.capture_volume_calibration.save_mediapipe_3d_data_to_npy] [save_mediapipe_3d_data_to_npy:save_mediapipe_3d_data_to_npy():50] [PID:17308:Process-5 TID:17556:MainThread ] saving: F:\Mobile-Multimodal-Lab\3_MOTION_TRACKING\3_freemocap\marker_MULTIPLEpairs\P1\Vision_NoMovement\trial_0\output_data\raw_data\mediapipe3dData_numFrames_numTrackedPoints_spatialXYZ.npy
[2024-09-13T12:06:44.990298] [Δt:0.032376s] [    INFO] [freemocap.core_processes.capture_volume_calibration.save_mediapipe_3d_data_to_npy] [save_mediapipe_3d_data_to_npy:save_mediapipe_3d_data_to_npy():55] [PID:17308:Process-5 TID:17556:MainThread ] saving: F:\Mobile-Multimodal-Lab\3_MOTION_TRACKING\3_freemocap\marker_MULTIPLEpairs\P1\Vision_NoMovement\trial_0\output_data\raw_data\mediapipe3dData_numFrames_numTrackedPoints_reprojectionError.npy
[2024-09-13T12:06:45.164469] [Δt:0.174171s] [    INFO] [freemocap.core_processes.capture_volume_calibration.save_mediapipe_3d_data_to_npy] [save_mediapipe_3d_data_to_npy:save_mediapipe_3d_data_to_npy():61] [PID:17308:Process-5 TID:17556:MainThread ] saving: F:\Mobile-Multimodal-Lab\3_MOTION_TRACKING\3_freemocap\marker_MULTIPLEpairs\P1\Vision_NoMovement\trial_0\output_data\raw_data\mediapipe3dData_numCams_numFrames_numTrackedPoints_reprojectionError.npy
[2024-09-13T12:06:45.312929] [Δt:0.148459s] [    INFO] [freemocap.core_processes.post_process_skeleton_data.post_process_skeleton] [post_process_skeleton:run_post_processing_worker():79] [PID:17308:Process-5 TID:17556:MainThread ] Starting post-processing worker thread
[2024-09-13T12:06:45.312929] [Δt:0.000000s] [    INFO] [freemocap.core_processes.post_process_skeleton_data.post_process_skeleton] [post_process_skeleton:run_post_processing_worker():80] [PID:17308:Process-5 TID:17556:MainThread ] Log Progress
[2024-09-13T12:06:45.985743] [Δt:0.672815s] [    INFO] [freemocap.core_processes.post_process_skeleton_data.post_process_skeleton] [post_process_skeleton:run_post_processing_worker():90] [PID:17308:Process-5 TID:17556:MainThread ] Done with gap filling, filtering, and aligning
[2024-09-13T12:06:45.985743] [Δt:0.000000s] [    INFO] [freemocap.core_processes.process_motion_capture_videos.processing_pipeline_functions.anatomical_data_pipeline_functions] [anatomical_data_pipeline_functions:calculate_anatomical_data():26] [PID:17308:Process-5 TID:17556:MainThread ] Calculating center of mass...
[2024-09-13T12:06:46.819925] [Δt:0.834182s] [    INFO] [freemocap.core_processes.post_process_skeleton_data.calculate_center_of_mass] [calculate_center_of_mass:calculate_total_body_COM():306] [PID:17308:Process-5 TID:17556:MainThread ] Calculating Total Body Center of Mass
[2024-09-13T12:06:47.251994] [Δt:0.432068s] [    INFO] [freemocap.core_processes.detecting_things_in_2d_images.mediapipe_stuff.convert_mediapipe_npy_to_csv] [convert_mediapipe_npy_to_csv:convert_mediapipe_npy_to_csv():23] [PID:17308:Process-5 TID:17556:MainThread ] Converting npy data with shape: (683, 553, 3) into `csv` and smaller `npy` files
[2024-09-13T12:06:48.704452] [Δt:1.452459s] [   DEBUG] [freemocap.core_processes.detecting_things_in_2d_images.mediapipe_stuff.convert_mediapipe_npy_to_csv] [convert_mediapipe_npy_to_csv:convert_mediapipe_npy_to_csv():239] [PID:17308:Process-5 TID:17556:MainThread ] body 3d xyz shape: (683, 33, 3)
[2024-09-13T12:06:48.712476] [Δt:0.008024s] [   DEBUG] [freemocap.core_processes.detecting_things_in_2d_images.mediapipe_stuff.convert_mediapipe_npy_to_csv] [convert_mediapipe_npy_to_csv:convert_mediapipe_npy_to_csv():240] [PID:17308:Process-5 TID:17556:MainThread ] right hand 3d xyz shape: (683, 21, 3)
[2024-09-13T12:06:48.714667] [Δt:0.002190s] [   DEBUG] [freemocap.core_processes.detecting_things_in_2d_images.mediapipe_stuff.convert_mediapipe_npy_to_csv] [convert_mediapipe_npy_to_csv:convert_mediapipe_npy_to_csv():241] [PID:17308:Process-5 TID:17556:MainThread ] left hand 3d xyz shape: (683, 21, 3)
[2024-09-13T12:06:48.714667] [Δt:0.000000s] [   DEBUG] [freemocap.core_processes.detecting_things_in_2d_images.mediapipe_stuff.convert_mediapipe_npy_to_csv] [convert_mediapipe_npy_to_csv:convert_mediapipe_npy_to_csv():242] [PID:17308:Process-5 TID:17556:MainThread ] face 3d xyz shape: (683, 478, 3)
[2024-09-13T12:06:48.818354] [Δt:0.103688s] [   DEBUG] [freemocap.core_processes.detecting_things_in_2d_images.mediapipe_stuff.convert_mediapipe_npy_to_csv] [convert_mediapipe_npy_to_csv:convert_mediapipe_npy_to_csv():284] [PID:17308:Process-5 TID:17556:MainThread ] length of body 3d xyz `.csv` header: 99, should be: 99
[2024-09-13T12:06:48.820362] [Δt:0.002008s] [   DEBUG] [freemocap.core_processes.detecting_things_in_2d_images.mediapipe_stuff.convert_mediapipe_npy_to_csv] [convert_mediapipe_npy_to_csv:convert_mediapipe_npy_to_csv():287] [PID:17308:Process-5 TID:17556:MainThread ] length of right hand 3d xyz `.csv` header: 63, should be: 63
[2024-09-13T12:06:48.820461] [Δt:0.000098s] [   DEBUG] [freemocap.core_processes.detecting_things_in_2d_images.mediapipe_stuff.convert_mediapipe_npy_to_csv] [convert_mediapipe_npy_to_csv:convert_mediapipe_npy_to_csv():290] [PID:17308:Process-5 TID:17556:MainThread ] length of left hand 3d xyz `.csv` header: 63, should be: 63
[2024-09-13T12:06:48.820461] [Δt:0.000000s] [   DEBUG] [freemocap.core_processes.detecting_things_in_2d_images.mediapipe_stuff.convert_mediapipe_npy_to_csv] [convert_mediapipe_npy_to_csv:convert_mediapipe_npy_to_csv():293] [PID:17308:Process-5 TID:17556:MainThread ] length of face 3d xyz `.csv` header: 1434, should be: 1434
[2024-09-13T12:06:50.136590] [Δt:1.316130s] [    INFO] [freemocap.core_processes.detecting_things_in_2d_images.mediapipe_stuff.convert_mediapipe_npy_to_csv] [convert_mediapipe_npy_to_csv:convert_mediapipe_npy_to_csv():322] [PID:17308:Process-5 TID:17556:MainThread ] Done saving out `csv` and broken up `npy` files
[2024-09-13T12:06:50.136590] [Δt:0.000000s] [    INFO] [freemocap.core_processes.process_motion_capture_videos.processing_pipeline_functions.data_saving_pipeline_functions] [data_saving_pipeline_functions:save_data():39] [PID:17308:Process-5 TID:17556:MainThread ] Saving post-processed data
[2024-09-13T12:06:50.360370] [Δt:0.223780s] [    INFO] [freemocap.core_processes.process_motion_capture_videos.processing_pipeline_functions.data_saving_pipeline_functions] [data_saving_pipeline_functions:save_data():46] [PID:17308:Process-5 TID:17556:MainThread ] Saving segment center of mass data
[2024-09-13T12:06:50.363878] [Δt:0.003508s] [    INFO] [freemocap.core_processes.process_motion_capture_videos.processing_pipeline_functions.data_saving_pipeline_functions] [data_saving_pipeline_functions:save_data():53] [PID:17308:Process-5 TID:17556:MainThread ] Saving total body center of mass data
[2024-09-13T12:06:50.366699] [Δt:0.002821s] [    INFO] [freemocap.utilities.save_dictionary_to_json] [save_dictionary_to_json:save_dictionary_to_json():16] [PID:17308:Process-5 TID:17556:MainThread ] Saved dictionary mediapipe_names_and_connections_dict.json as json  at: F:\Mobile-Multimodal-Lab\3_MOTION_TRACKING\3_freemocap\marker_MULTIPLEpairs\P1\Vision_NoMovement\trial_0\output_data\mediapipe_names_and_connections_dict.json
[2024-09-13T12:06:50.366699] [Δt:0.000000s] [ WARNING] [freemocap.system.paths_and_filenames.file_and_folder_names] [path_getters:get_timestamps_directory():252] [PID:17308:Process-5 TID:17556:MainThread ] Could not find timestamps directory in F:\Mobile-Multimodal-Lab\3_MOTION_TRACKING\3_freemocap\marker_MULTIPLEpairs\P1\Vision_NoMovement\trial_0\synchronized_videos
[2024-09-13T12:06:50.366699] [Δt:0.000000s] [ WARNING] [freemocap.data_layer.data_saver.data_loader] [data_loader:_load_timestamps():91] [PID:17308:Process-5 TID:17556:MainThread ] No timestamps directory found. Skipping timestamps loading.
[2024-09-13T12:06:58.583130] [Δt:8.216431s] [    INFO] [freemocap.data_layer.data_saver.data_saver] [data_saver:save_to_json():59] [PID:17308:Process-5 TID:17556:MainThread ] Saving recording data to F:\Mobile-Multimodal-Lab\3_MOTION_TRACKING\3_freemocap\marker_MULTIPLEpairs\P1\Vision_NoMovement\trial_0\trial_0_by_frame.json
[2024-09-13T12:07:04.339106] [Δt:5.755975s] [    INFO] [freemocap.data_layer.data_saver.data_saver] [data_saver:save_to_csv():76] [PID:17308:Process-5 TID:17556:MainThread ] Saved recording data to F:\Mobile-Multimodal-Lab\3_MOTION_TRACKING\3_freemocap\marker_MULTIPLEpairs\P1\Vision_NoMovement\trial_0\trial_0_by_trajectory.csv
[2024-09-13T12:07:04.506920] [Δt:0.167815s] [    INFO] [freemocap.data_layer.data_saver.data_saver] [data_saver:save_to_npy():82] [PID:17308:Process-5 TID:17556:MainThread ] Saved recording data to F:\Mobile-Multimodal-Lab\3_MOTION_TRACKING\3_freemocap\marker_MULTIPLEpairs\P1\Vision_NoMovement\trial_0\trial_0_frame_name_xyz.npy
[2024-09-13T12:07:04.538253] [Δt:0.031332s] [    INFO] [freemocap.core_processes.process_motion_capture_videos.process_recording_folder] [process_recording_folder:process_recording_folder():143] [PID:17308:Process-5 TID:17556:MainThread ] Done processing F:\Mobile-Multimodal-Lab\3_MOTION_TRACKING\3_freemocap\marker_MULTIPLEpairs\P1\Vision_NoMovement\trial_0
