[2024-09-11T19:38:29.858656] [Δt:0.000000s] [    INFO] [freemocap] [__init__:<module>():18] [PID:17864:Process-5 TID:19148:MainThread ] Initializing freemocap package, version: v1.2.2, from file: F:\freemocap\freemocap\__init__.py
[2024-09-11T19:38:33.930529] [Δt:4.071873s] [    INFO] [skellytracker.system.logging_configuration] [logging_configuration:configure_logging():43] [PID:17864:Process-5 TID:19148:MainThread ] Logging already configured!
[2024-09-11T19:38:34.152793] [Δt:0.222264s] [    INFO] [freemocap.data_layer.recording_models.recording_info_model] [recording_info_model:get_number_of_mp4s_in_synched_videos_directory():239] [PID:17864:Process-5 TID:19148:MainThread ] Number of `.mp4`'s in F:\Mobile-Multimodal-Lab\3_MOTION_TRACKING\3_freemocap\marker_MULTIPLEpairs\P1\NoVision_Movement\trial_2\synchronized_videos: 3
[2024-09-11T19:38:34.162791] [Δt:0.009998s] [   DEBUG] [freemocap.data_layer.recording_models.recording_info_model] [recording_info_model:get_number_of_frames_in_videos():253] [PID:17864:Process-5 TID:19148:MainThread ] No 'timestamps' directory, finding frame counts from synchronized videos
[2024-09-11T19:38:34.182792] [Δt:0.020000s] [    INFO] [freemocap.core_processes.process_motion_capture_videos.processing_pipeline_functions.image_tracking_pipeline_functions] [image_tracking_pipeline_functions:run_image_tracking_pipeline():44] [PID:17864:Process-5 TID:19148:MainThread ] Detecting 2d skeletons...
[2024-09-11T19:38:34.182792] [Δt:0.000000s] [    INFO] [freemocap.core_processes.process_motion_capture_videos.processing_pipeline_functions.image_tracking_pipeline_functions] [image_tracking_pipeline_functions:run_image_tracking_pipeline():45] [PID:17864:Process-5 TID:19148:MainThread ] Log Progress
[2024-09-11T19:38:34.182792] [Δt:0.000000s] [    INFO] [root] [process_folder_of_videos:process_folder_of_videos():95] [PID:17864:Process-5 TID:19148:MainThread ] Using multiprocessing to run pose estimation
[2024-09-11T19:40:08.127352] [Δt:93.944561s] [    INFO] [skellytracker.process_folder_of_videos] [process_folder_of_videos:process_folder_of_videos():105] [PID:17864:Process-5 TID:19148:MainThread ] Shape of output array: (3, 680, 553, 3)
[2024-09-11T19:40:08.308891] [Δt:0.181538s] [    INFO] [freemocap.core_processes.process_motion_capture_videos.processing_pipeline_functions.triangulation_pipeline_functions] [triangulation_pipeline_functions:get_triangulated_data():63] [PID:17864:Process-5 TID:19148:MainThread ] Triangulating 3d skeletons...
[2024-09-11T19:40:08.308891] [Δt:0.000000s] [    INFO] [freemocap.core_processes.process_motion_capture_videos.processing_pipeline_functions.triangulation_pipeline_functions] [triangulation_pipeline_functions:get_triangulated_data():64] [PID:17864:Process-5 TID:19148:MainThread ] Log Progress
[2024-09-11T19:40:08.348890] [Δt:0.040000s] [    INFO] [freemocap.core_processes.capture_volume_calibration.anipose_camera_calibration.get_anipose_calibration_object] [get_anipose_calibration_object:load_anipose_calibration_toml_from_path():38] [PID:17864:Process-5 TID:19148:MainThread ] loading camera calibration file from:F:/Mobile-Multimodal-Lab/3_MOTION_TRACKING/2_Video_Calibration/calibration_results/P1/3vid_Calibration_P1_T1_charuco_2024-04-23__calibration_anipose.toml
[2024-09-11T19:40:08.348890] [Δt:0.000000s] [    INFO] [freemocap.core_processes.capture_volume_calibration.triangulate_3d_data] [triangulate_3d_data:triangulate_3d_data():35] [PID:17864:Process-5 TID:19148:MainThread ] Reconstructing 3d points from 2d points with shape: 
number_of_cameras: 3,
number_of_frames: 680, 
number_of_tracked_points: 553,
number_of_spatial_dimensions: 2
[2024-09-11T19:40:08.358918] [Δt:0.010028s] [    INFO] [freemocap.core_processes.capture_volume_calibration.triangulate_3d_data] [triangulate_3d_data:triangulate_3d_data():47] [PID:17864:Process-5 TID:19148:MainThread ] Using simple `triangulate` method 
[2024-09-11T19:41:03.299894] [Δt:54.940976s] [    INFO] [freemocap.core_processes.capture_volume_calibration.save_mediapipe_3d_data_to_npy] [save_mediapipe_3d_data_to_npy:save_mediapipe_3d_data_to_npy():50] [PID:17864:Process-5 TID:19148:MainThread ] saving: F:\Mobile-Multimodal-Lab\3_MOTION_TRACKING\3_freemocap\marker_MULTIPLEpairs\P1\NoVision_Movement\trial_2\output_data\raw_data\mediapipe3dData_numFrames_numTrackedPoints_spatialXYZ.npy
[2024-09-11T19:41:03.347655] [Δt:0.047760s] [    INFO] [freemocap.core_processes.capture_volume_calibration.save_mediapipe_3d_data_to_npy] [save_mediapipe_3d_data_to_npy:save_mediapipe_3d_data_to_npy():55] [PID:17864:Process-5 TID:19148:MainThread ] saving: F:\Mobile-Multimodal-Lab\3_MOTION_TRACKING\3_freemocap\marker_MULTIPLEpairs\P1\NoVision_Movement\trial_2\output_data\raw_data\mediapipe3dData_numFrames_numTrackedPoints_reprojectionError.npy
[2024-09-11T19:41:03.472491] [Δt:0.124837s] [    INFO] [freemocap.core_processes.capture_volume_calibration.save_mediapipe_3d_data_to_npy] [save_mediapipe_3d_data_to_npy:save_mediapipe_3d_data_to_npy():61] [PID:17864:Process-5 TID:19148:MainThread ] saving: F:\Mobile-Multimodal-Lab\3_MOTION_TRACKING\3_freemocap\marker_MULTIPLEpairs\P1\NoVision_Movement\trial_2\output_data\raw_data\mediapipe3dData_numCams_numFrames_numTrackedPoints_reprojectionError.npy
[2024-09-11T19:41:03.592499] [Δt:0.120008s] [    INFO] [freemocap.core_processes.post_process_skeleton_data.post_process_skeleton] [post_process_skeleton:run_post_processing_worker():79] [PID:17864:Process-5 TID:19148:MainThread ] Starting post-processing worker thread
[2024-09-11T19:41:03.592499] [Δt:0.000000s] [    INFO] [freemocap.core_processes.post_process_skeleton_data.post_process_skeleton] [post_process_skeleton:run_post_processing_worker():80] [PID:17864:Process-5 TID:19148:MainThread ] Log Progress
[2024-09-11T19:41:04.266179] [Δt:0.673680s] [    INFO] [freemocap.core_processes.post_process_skeleton_data.post_process_skeleton] [post_process_skeleton:run_post_processing_worker():90] [PID:17864:Process-5 TID:19148:MainThread ] Done with gap filling, filtering, and aligning
[2024-09-11T19:41:04.266179] [Δt:0.000000s] [    INFO] [freemocap.core_processes.process_motion_capture_videos.processing_pipeline_functions.anatomical_data_pipeline_functions] [anatomical_data_pipeline_functions:calculate_anatomical_data():26] [PID:17864:Process-5 TID:19148:MainThread ] Calculating center of mass...
[2024-09-11T19:41:05.096253] [Δt:0.830074s] [    INFO] [freemocap.core_processes.post_process_skeleton_data.calculate_center_of_mass] [calculate_center_of_mass:calculate_total_body_COM():306] [PID:17864:Process-5 TID:19148:MainThread ] Calculating Total Body Center of Mass
[2024-09-11T19:41:05.522658] [Δt:0.426405s] [    INFO] [freemocap.core_processes.detecting_things_in_2d_images.mediapipe_stuff.convert_mediapipe_npy_to_csv] [convert_mediapipe_npy_to_csv:convert_mediapipe_npy_to_csv():23] [PID:17864:Process-5 TID:19148:MainThread ] Converting npy data with shape: (680, 553, 3) into `csv` and smaller `npy` files
[2024-09-11T19:41:06.902699] [Δt:1.380040s] [   DEBUG] [freemocap.core_processes.detecting_things_in_2d_images.mediapipe_stuff.convert_mediapipe_npy_to_csv] [convert_mediapipe_npy_to_csv:convert_mediapipe_npy_to_csv():239] [PID:17864:Process-5 TID:19148:MainThread ] body 3d xyz shape: (680, 33, 3)
[2024-09-11T19:41:06.902699] [Δt:0.000000s] [   DEBUG] [freemocap.core_processes.detecting_things_in_2d_images.mediapipe_stuff.convert_mediapipe_npy_to_csv] [convert_mediapipe_npy_to_csv:convert_mediapipe_npy_to_csv():240] [PID:17864:Process-5 TID:19148:MainThread ] right hand 3d xyz shape: (680, 21, 3)
[2024-09-11T19:41:06.902699] [Δt:0.000000s] [   DEBUG] [freemocap.core_processes.detecting_things_in_2d_images.mediapipe_stuff.convert_mediapipe_npy_to_csv] [convert_mediapipe_npy_to_csv:convert_mediapipe_npy_to_csv():241] [PID:17864:Process-5 TID:19148:MainThread ] left hand 3d xyz shape: (680, 21, 3)
[2024-09-11T19:41:06.912586] [Δt:0.009887s] [   DEBUG] [freemocap.core_processes.detecting_things_in_2d_images.mediapipe_stuff.convert_mediapipe_npy_to_csv] [convert_mediapipe_npy_to_csv:convert_mediapipe_npy_to_csv():242] [PID:17864:Process-5 TID:19148:MainThread ] face 3d xyz shape: (680, 478, 3)
[2024-09-11T19:41:06.983094] [Δt:0.070508s] [   DEBUG] [freemocap.core_processes.detecting_things_in_2d_images.mediapipe_stuff.convert_mediapipe_npy_to_csv] [convert_mediapipe_npy_to_csv:convert_mediapipe_npy_to_csv():284] [PID:17864:Process-5 TID:19148:MainThread ] length of body 3d xyz `.csv` header: 99, should be: 99
[2024-09-11T19:41:06.983094] [Δt:0.000000s] [   DEBUG] [freemocap.core_processes.detecting_things_in_2d_images.mediapipe_stuff.convert_mediapipe_npy_to_csv] [convert_mediapipe_npy_to_csv:convert_mediapipe_npy_to_csv():287] [PID:17864:Process-5 TID:19148:MainThread ] length of right hand 3d xyz `.csv` header: 63, should be: 63
[2024-09-11T19:41:06.983094] [Δt:0.000000s] [   DEBUG] [freemocap.core_processes.detecting_things_in_2d_images.mediapipe_stuff.convert_mediapipe_npy_to_csv] [convert_mediapipe_npy_to_csv:convert_mediapipe_npy_to_csv():290] [PID:17864:Process-5 TID:19148:MainThread ] length of left hand 3d xyz `.csv` header: 63, should be: 63
[2024-09-11T19:41:06.993093] [Δt:0.009999s] [   DEBUG] [freemocap.core_processes.detecting_things_in_2d_images.mediapipe_stuff.convert_mediapipe_npy_to_csv] [convert_mediapipe_npy_to_csv:convert_mediapipe_npy_to_csv():293] [PID:17864:Process-5 TID:19148:MainThread ] length of face 3d xyz `.csv` header: 1434, should be: 1434
[2024-09-11T19:41:08.242762] [Δt:1.249669s] [    INFO] [freemocap.core_processes.detecting_things_in_2d_images.mediapipe_stuff.convert_mediapipe_npy_to_csv] [convert_mediapipe_npy_to_csv:convert_mediapipe_npy_to_csv():322] [PID:17864:Process-5 TID:19148:MainThread ] Done saving out `csv` and broken up `npy` files
[2024-09-11T19:41:08.242762] [Δt:0.000000s] [    INFO] [freemocap.core_processes.process_motion_capture_videos.processing_pipeline_functions.data_saving_pipeline_functions] [data_saving_pipeline_functions:save_data():39] [PID:17864:Process-5 TID:19148:MainThread ] Saving post-processed data
[2024-09-11T19:41:08.283283] [Δt:0.040522s] [    INFO] [freemocap.core_processes.process_motion_capture_videos.processing_pipeline_functions.data_saving_pipeline_functions] [data_saving_pipeline_functions:save_data():46] [PID:17864:Process-5 TID:19148:MainThread ] Saving segment center of mass data
[2024-09-11T19:41:08.283787] [Δt:0.000504s] [    INFO] [freemocap.core_processes.process_motion_capture_videos.processing_pipeline_functions.data_saving_pipeline_functions] [data_saving_pipeline_functions:save_data():53] [PID:17864:Process-5 TID:19148:MainThread ] Saving total body center of mass data
[2024-09-11T19:41:08.293792] [Δt:0.010004s] [    INFO] [freemocap.utilities.save_dictionary_to_json] [save_dictionary_to_json:save_dictionary_to_json():16] [PID:17864:Process-5 TID:19148:MainThread ] Saved dictionary mediapipe_names_and_connections_dict.json as json  at: F:\Mobile-Multimodal-Lab\3_MOTION_TRACKING\3_freemocap\marker_MULTIPLEpairs\P1\NoVision_Movement\trial_2\output_data\mediapipe_names_and_connections_dict.json
[2024-09-11T19:41:08.293792] [Δt:0.000000s] [ WARNING] [freemocap.system.paths_and_filenames.file_and_folder_names] [path_getters:get_timestamps_directory():252] [PID:17864:Process-5 TID:19148:MainThread ] Could not find timestamps directory in F:\Mobile-Multimodal-Lab\3_MOTION_TRACKING\3_freemocap\marker_MULTIPLEpairs\P1\NoVision_Movement\trial_2\synchronized_videos
[2024-09-11T19:41:08.293792] [Δt:0.000000s] [ WARNING] [freemocap.data_layer.data_saver.data_loader] [data_loader:_load_timestamps():91] [PID:17864:Process-5 TID:19148:MainThread ] No timestamps directory found. Skipping timestamps loading.
[2024-09-11T19:41:16.325113] [Δt:8.031321s] [    INFO] [freemocap.data_layer.data_saver.data_saver] [data_saver:save_to_json():59] [PID:17864:Process-5 TID:19148:MainThread ] Saving recording data to F:\Mobile-Multimodal-Lab\3_MOTION_TRACKING\3_freemocap\marker_MULTIPLEpairs\P1\NoVision_Movement\trial_2\trial_2_by_frame.json
[2024-09-11T19:41:21.731134] [Δt:5.406022s] [    INFO] [freemocap.data_layer.data_saver.data_saver] [data_saver:save_to_csv():76] [PID:17864:Process-5 TID:19148:MainThread ] Saved recording data to F:\Mobile-Multimodal-Lab\3_MOTION_TRACKING\3_freemocap\marker_MULTIPLEpairs\P1\NoVision_Movement\trial_2\trial_2_by_trajectory.csv
[2024-09-11T19:41:21.781431] [Δt:0.050297s] [    INFO] [freemocap.data_layer.data_saver.data_saver] [data_saver:save_to_npy():82] [PID:17864:Process-5 TID:19148:MainThread ] Saved recording data to F:\Mobile-Multimodal-Lab\3_MOTION_TRACKING\3_freemocap\marker_MULTIPLEpairs\P1\NoVision_Movement\trial_2\trial_2_frame_name_xyz.npy
[2024-09-11T19:41:21.811431] [Δt:0.030000s] [    INFO] [freemocap.core_processes.process_motion_capture_videos.process_recording_folder] [process_recording_folder:process_recording_folder():143] [PID:17864:Process-5 TID:19148:MainThread ] Done processing F:\Mobile-Multimodal-Lab\3_MOTION_TRACKING\3_freemocap\marker_MULTIPLEpairs\P1\NoVision_Movement\trial_2
