[2024-09-12T19:43:59.950583] [Δt:0.000000s] [    INFO] [freemocap] [__init__:<module>():18] [PID:1828:Process-7 TID:19592:MainThread ] Initializing freemocap package, version: v1.2.2, from file: F:\freemocap\freemocap\__init__.py
[2024-09-12T19:44:04.026098] [Δt:4.075514s] [    INFO] [skellytracker.system.logging_configuration] [logging_configuration:configure_logging():43] [PID:1828:Process-7 TID:19592:MainThread ] Logging already configured!
[2024-09-12T19:44:04.249450] [Δt:0.223353s] [    INFO] [freemocap.data_layer.recording_models.recording_info_model] [recording_info_model:get_number_of_mp4s_in_synched_videos_directory():239] [PID:1828:Process-7 TID:19592:MainThread ] Number of `.mp4`'s in F:\Mobile-Multimodal-Lab\3_MOTION_TRACKING\3_freemocap\marker_MULTIPLEpairs\P1\NoVision_NoMovement\trial_\synchronized_videos: 3
[2024-09-12T19:44:04.249450] [Δt:0.000000s] [   DEBUG] [freemocap.data_layer.recording_models.recording_info_model] [recording_info_model:get_number_of_frames_in_videos():253] [PID:1828:Process-7 TID:19592:MainThread ] No 'timestamps' directory, finding frame counts from synchronized videos
[2024-09-12T19:44:04.279361] [Δt:0.029911s] [    INFO] [freemocap.core_processes.process_motion_capture_videos.processing_pipeline_functions.image_tracking_pipeline_functions] [image_tracking_pipeline_functions:run_image_tracking_pipeline():44] [PID:1828:Process-7 TID:19592:MainThread ] Detecting 2d skeletons...
[2024-09-12T19:44:04.279361] [Δt:0.000000s] [    INFO] [freemocap.core_processes.process_motion_capture_videos.processing_pipeline_functions.image_tracking_pipeline_functions] [image_tracking_pipeline_functions:run_image_tracking_pipeline():45] [PID:1828:Process-7 TID:19592:MainThread ] Log Progress
[2024-09-12T19:44:04.279361] [Δt:0.000000s] [    INFO] [root] [process_folder_of_videos:process_folder_of_videos():95] [PID:1828:Process-7 TID:19592:MainThread ] Using multiprocessing to run pose estimation
[2024-09-12T19:45:31.138484] [Δt:86.859122s] [    INFO] [skellytracker.process_folder_of_videos] [process_folder_of_videos:process_folder_of_videos():105] [PID:1828:Process-7 TID:19592:MainThread ] Shape of output array: (3, 639, 553, 3)
[2024-09-12T19:45:31.311004] [Δt:0.172520s] [    INFO] [freemocap.core_processes.process_motion_capture_videos.processing_pipeline_functions.triangulation_pipeline_functions] [triangulation_pipeline_functions:get_triangulated_data():63] [PID:1828:Process-7 TID:19592:MainThread ] Triangulating 3d skeletons...
[2024-09-12T19:45:31.311004] [Δt:0.000000s] [    INFO] [freemocap.core_processes.process_motion_capture_videos.processing_pipeline_functions.triangulation_pipeline_functions] [triangulation_pipeline_functions:get_triangulated_data():64] [PID:1828:Process-7 TID:19592:MainThread ] Log Progress
[2024-09-12T19:45:31.341305] [Δt:0.030302s] [    INFO] [freemocap.core_processes.capture_volume_calibration.anipose_camera_calibration.get_anipose_calibration_object] [get_anipose_calibration_object:load_anipose_calibration_toml_from_path():38] [PID:1828:Process-7 TID:19592:MainThread ] loading camera calibration file from:F:/Mobile-Multimodal-Lab/3_MOTION_TRACKING/2_Video_Calibration/calibration_results/P1/3vid_Calibration_P1_T1_charuco_2024-04-23__calibration_anipose.toml
[2024-09-12T19:45:31.349860] [Δt:0.008555s] [    INFO] [freemocap.core_processes.capture_volume_calibration.triangulate_3d_data] [triangulate_3d_data:triangulate_3d_data():35] [PID:1828:Process-7 TID:19592:MainThread ] Reconstructing 3d points from 2d points with shape: 
number_of_cameras: 3,
number_of_frames: 639, 
number_of_tracked_points: 553,
number_of_spatial_dimensions: 2
[2024-09-12T19:45:31.360013] [Δt:0.010152s] [    INFO] [freemocap.core_processes.capture_volume_calibration.triangulate_3d_data] [triangulate_3d_data:triangulate_3d_data():47] [PID:1828:Process-7 TID:19592:MainThread ] Using simple `triangulate` method 
[2024-09-12T19:46:12.147095] [Δt:40.787083s] [    INFO] [freemocap.core_processes.capture_volume_calibration.save_mediapipe_3d_data_to_npy] [save_mediapipe_3d_data_to_npy:save_mediapipe_3d_data_to_npy():50] [PID:1828:Process-7 TID:19592:MainThread ] saving: F:\Mobile-Multimodal-Lab\3_MOTION_TRACKING\3_freemocap\marker_MULTIPLEpairs\P1\NoVision_NoMovement\trial_\output_data\raw_data\mediapipe3dData_numFrames_numTrackedPoints_spatialXYZ.npy
[2024-09-12T19:46:12.190053] [Δt:0.042958s] [    INFO] [freemocap.core_processes.capture_volume_calibration.save_mediapipe_3d_data_to_npy] [save_mediapipe_3d_data_to_npy:save_mediapipe_3d_data_to_npy():55] [PID:1828:Process-7 TID:19592:MainThread ] saving: F:\Mobile-Multimodal-Lab\3_MOTION_TRACKING\3_freemocap\marker_MULTIPLEpairs\P1\NoVision_NoMovement\trial_\output_data\raw_data\mediapipe3dData_numFrames_numTrackedPoints_reprojectionError.npy
[2024-09-12T19:46:12.348851] [Δt:0.158797s] [    INFO] [freemocap.core_processes.capture_volume_calibration.save_mediapipe_3d_data_to_npy] [save_mediapipe_3d_data_to_npy:save_mediapipe_3d_data_to_npy():61] [PID:1828:Process-7 TID:19592:MainThread ] saving: F:\Mobile-Multimodal-Lab\3_MOTION_TRACKING\3_freemocap\marker_MULTIPLEpairs\P1\NoVision_NoMovement\trial_\output_data\raw_data\mediapipe3dData_numCams_numFrames_numTrackedPoints_reprojectionError.npy
[2024-09-12T19:46:12.490018] [Δt:0.141167s] [    INFO] [freemocap.core_processes.post_process_skeleton_data.post_process_skeleton] [post_process_skeleton:run_post_processing_worker():79] [PID:1828:Process-7 TID:19592:MainThread ] Starting post-processing worker thread
[2024-09-12T19:46:12.490018] [Δt:0.000000s] [    INFO] [freemocap.core_processes.post_process_skeleton_data.post_process_skeleton] [post_process_skeleton:run_post_processing_worker():80] [PID:1828:Process-7 TID:19592:MainThread ] Log Progress
[2024-09-12T19:46:13.185949] [Δt:0.695932s] [    INFO] [freemocap.core_processes.post_process_skeleton_data.post_process_skeleton] [post_process_skeleton:run_post_processing_worker():90] [PID:1828:Process-7 TID:19592:MainThread ] Done with gap filling, filtering, and aligning
[2024-09-12T19:46:13.185949] [Δt:0.000000s] [    INFO] [freemocap.core_processes.process_motion_capture_videos.processing_pipeline_functions.anatomical_data_pipeline_functions] [anatomical_data_pipeline_functions:calculate_anatomical_data():26] [PID:1828:Process-7 TID:19592:MainThread ] Calculating center of mass...
[2024-09-12T19:46:13.962813] [Δt:0.776864s] [    INFO] [freemocap.core_processes.post_process_skeleton_data.calculate_center_of_mass] [calculate_center_of_mass:calculate_total_body_COM():306] [PID:1828:Process-7 TID:19592:MainThread ] Calculating Total Body Center of Mass
[2024-09-12T19:46:14.367512] [Δt:0.404699s] [    INFO] [freemocap.core_processes.detecting_things_in_2d_images.mediapipe_stuff.convert_mediapipe_npy_to_csv] [convert_mediapipe_npy_to_csv:convert_mediapipe_npy_to_csv():23] [PID:1828:Process-7 TID:19592:MainThread ] Converting npy data with shape: (639, 553, 3) into `csv` and smaller `npy` files
[2024-09-12T19:46:15.644311] [Δt:1.276799s] [   DEBUG] [freemocap.core_processes.detecting_things_in_2d_images.mediapipe_stuff.convert_mediapipe_npy_to_csv] [convert_mediapipe_npy_to_csv:convert_mediapipe_npy_to_csv():239] [PID:1828:Process-7 TID:19592:MainThread ] body 3d xyz shape: (639, 33, 3)
[2024-09-12T19:46:15.644311] [Δt:0.000000s] [   DEBUG] [freemocap.core_processes.detecting_things_in_2d_images.mediapipe_stuff.convert_mediapipe_npy_to_csv] [convert_mediapipe_npy_to_csv:convert_mediapipe_npy_to_csv():240] [PID:1828:Process-7 TID:19592:MainThread ] right hand 3d xyz shape: (639, 21, 3)
[2024-09-12T19:46:15.654707] [Δt:0.010396s] [   DEBUG] [freemocap.core_processes.detecting_things_in_2d_images.mediapipe_stuff.convert_mediapipe_npy_to_csv] [convert_mediapipe_npy_to_csv:convert_mediapipe_npy_to_csv():241] [PID:1828:Process-7 TID:19592:MainThread ] left hand 3d xyz shape: (639, 21, 3)
[2024-09-12T19:46:15.655747] [Δt:0.001039s] [   DEBUG] [freemocap.core_processes.detecting_things_in_2d_images.mediapipe_stuff.convert_mediapipe_npy_to_csv] [convert_mediapipe_npy_to_csv:convert_mediapipe_npy_to_csv():242] [PID:1828:Process-7 TID:19592:MainThread ] face 3d xyz shape: (639, 478, 3)
[2024-09-12T19:46:15.725366] [Δt:0.069619s] [   DEBUG] [freemocap.core_processes.detecting_things_in_2d_images.mediapipe_stuff.convert_mediapipe_npy_to_csv] [convert_mediapipe_npy_to_csv:convert_mediapipe_npy_to_csv():284] [PID:1828:Process-7 TID:19592:MainThread ] length of body 3d xyz `.csv` header: 99, should be: 99
[2024-09-12T19:46:15.725366] [Δt:0.000000s] [   DEBUG] [freemocap.core_processes.detecting_things_in_2d_images.mediapipe_stuff.convert_mediapipe_npy_to_csv] [convert_mediapipe_npy_to_csv:convert_mediapipe_npy_to_csv():287] [PID:1828:Process-7 TID:19592:MainThread ] length of right hand 3d xyz `.csv` header: 63, should be: 63
[2024-09-12T19:46:15.725366] [Δt:0.000000s] [   DEBUG] [freemocap.core_processes.detecting_things_in_2d_images.mediapipe_stuff.convert_mediapipe_npy_to_csv] [convert_mediapipe_npy_to_csv:convert_mediapipe_npy_to_csv():290] [PID:1828:Process-7 TID:19592:MainThread ] length of left hand 3d xyz `.csv` header: 63, should be: 63
[2024-09-12T19:46:15.735765] [Δt:0.010400s] [   DEBUG] [freemocap.core_processes.detecting_things_in_2d_images.mediapipe_stuff.convert_mediapipe_npy_to_csv] [convert_mediapipe_npy_to_csv:convert_mediapipe_npy_to_csv():293] [PID:1828:Process-7 TID:19592:MainThread ] length of face 3d xyz `.csv` header: 1434, should be: 1434
[2024-09-12T19:46:16.931106] [Δt:1.195341s] [    INFO] [freemocap.core_processes.detecting_things_in_2d_images.mediapipe_stuff.convert_mediapipe_npy_to_csv] [convert_mediapipe_npy_to_csv:convert_mediapipe_npy_to_csv():322] [PID:1828:Process-7 TID:19592:MainThread ] Done saving out `csv` and broken up `npy` files
[2024-09-12T19:46:16.931106] [Δt:0.000000s] [    INFO] [freemocap.core_processes.process_motion_capture_videos.processing_pipeline_functions.data_saving_pipeline_functions] [data_saving_pipeline_functions:save_data():39] [PID:1828:Process-7 TID:19592:MainThread ] Saving post-processed data
[2024-09-12T19:46:16.961510] [Δt:0.030404s] [    INFO] [freemocap.core_processes.process_motion_capture_videos.processing_pipeline_functions.data_saving_pipeline_functions] [data_saving_pipeline_functions:save_data():46] [PID:1828:Process-7 TID:19592:MainThread ] Saving segment center of mass data
[2024-09-12T19:46:16.961510] [Δt:0.000000s] [    INFO] [freemocap.core_processes.process_motion_capture_videos.processing_pipeline_functions.data_saving_pipeline_functions] [data_saving_pipeline_functions:save_data():53] [PID:1828:Process-7 TID:19592:MainThread ] Saving total body center of mass data
[2024-09-12T19:46:16.971514] [Δt:0.010004s] [    INFO] [freemocap.utilities.save_dictionary_to_json] [save_dictionary_to_json:save_dictionary_to_json():16] [PID:1828:Process-7 TID:19592:MainThread ] Saved dictionary mediapipe_names_and_connections_dict.json as json  at: F:\Mobile-Multimodal-Lab\3_MOTION_TRACKING\3_freemocap\marker_MULTIPLEpairs\P1\NoVision_NoMovement\trial_\output_data\mediapipe_names_and_connections_dict.json
[2024-09-12T19:46:16.971514] [Δt:0.000000s] [ WARNING] [freemocap.system.paths_and_filenames.file_and_folder_names] [path_getters:get_timestamps_directory():252] [PID:1828:Process-7 TID:19592:MainThread ] Could not find timestamps directory in F:\Mobile-Multimodal-Lab\3_MOTION_TRACKING\3_freemocap\marker_MULTIPLEpairs\P1\NoVision_NoMovement\trial_\synchronized_videos
[2024-09-12T19:46:16.971514] [Δt:0.000000s] [ WARNING] [freemocap.data_layer.data_saver.data_loader] [data_loader:_load_timestamps():91] [PID:1828:Process-7 TID:19592:MainThread ] No timestamps directory found. Skipping timestamps loading.
[2024-09-12T19:46:24.415661] [Δt:7.444147s] [    INFO] [freemocap.data_layer.data_saver.data_saver] [data_saver:save_to_json():59] [PID:1828:Process-7 TID:19592:MainThread ] Saving recording data to F:\Mobile-Multimodal-Lab\3_MOTION_TRACKING\3_freemocap\marker_MULTIPLEpairs\P1\NoVision_NoMovement\trial_\trial__by_frame.json
[2024-09-12T19:46:29.646584] [Δt:5.230923s] [    INFO] [freemocap.data_layer.data_saver.data_saver] [data_saver:save_to_csv():76] [PID:1828:Process-7 TID:19592:MainThread ] Saved recording data to F:\Mobile-Multimodal-Lab\3_MOTION_TRACKING\3_freemocap\marker_MULTIPLEpairs\P1\NoVision_NoMovement\trial_\trial__by_trajectory.csv
[2024-09-12T19:46:29.697144] [Δt:0.050560s] [    INFO] [freemocap.data_layer.data_saver.data_saver] [data_saver:save_to_npy():82] [PID:1828:Process-7 TID:19592:MainThread ] Saved recording data to F:\Mobile-Multimodal-Lab\3_MOTION_TRACKING\3_freemocap\marker_MULTIPLEpairs\P1\NoVision_NoMovement\trial_\trial__frame_name_xyz.npy
[2024-09-12T19:46:29.727037] [Δt:0.029892s] [    INFO] [freemocap.core_processes.process_motion_capture_videos.process_recording_folder] [process_recording_folder:process_recording_folder():143] [PID:1828:Process-7 TID:19592:MainThread ] Done processing F:\Mobile-Multimodal-Lab\3_MOTION_TRACKING\3_freemocap\marker_MULTIPLEpairs\P1\NoVision_NoMovement\trial_
