[2024-09-13T11:50:56.986420] [Δt:0.000000s] [    INFO] [freemocap] [__init__:<module>():18] [PID:8772:Process-3 TID:13392:MainThread ] Initializing freemocap package, version: v1.2.2, from file: F:\freemocap\freemocap\__init__.py
[2024-09-13T11:51:01.332664] [Δt:4.346244s] [    INFO] [skellytracker.system.logging_configuration] [logging_configuration:configure_logging():43] [PID:8772:Process-3 TID:13392:MainThread ] Logging already configured!
[2024-09-13T11:51:01.580334] [Δt:0.247669s] [    INFO] [freemocap.data_layer.recording_models.recording_info_model] [recording_info_model:get_number_of_mp4s_in_synched_videos_directory():239] [PID:8772:Process-3 TID:13392:MainThread ] Number of `.mp4`'s in F:\Mobile-Multimodal-Lab\3_MOTION_TRACKING\3_freemocap\marker_MULTIPLEpairs\P1\Vision_Movement\trial_3\synchronized_videos: 3
[2024-09-13T11:51:01.583978] [Δt:0.003645s] [   DEBUG] [freemocap.data_layer.recording_models.recording_info_model] [recording_info_model:get_number_of_frames_in_videos():253] [PID:8772:Process-3 TID:13392:MainThread ] No 'timestamps' directory, finding frame counts from synchronized videos
[2024-09-13T11:51:01.604114] [Δt:0.020136s] [    INFO] [freemocap.core_processes.process_motion_capture_videos.processing_pipeline_functions.image_tracking_pipeline_functions] [image_tracking_pipeline_functions:run_image_tracking_pipeline():44] [PID:8772:Process-3 TID:13392:MainThread ] Detecting 2d skeletons...
[2024-09-13T11:51:01.604114] [Δt:0.000000s] [    INFO] [freemocap.core_processes.process_motion_capture_videos.processing_pipeline_functions.image_tracking_pipeline_functions] [image_tracking_pipeline_functions:run_image_tracking_pipeline():45] [PID:8772:Process-3 TID:13392:MainThread ] Log Progress
[2024-09-13T11:51:01.604114] [Δt:0.000000s] [    INFO] [root] [process_folder_of_videos:process_folder_of_videos():95] [PID:8772:Process-3 TID:13392:MainThread ] Using multiprocessing to run pose estimation
[2024-09-13T11:52:37.932193] [Δt:96.328078s] [    INFO] [skellytracker.process_folder_of_videos] [process_folder_of_videos:process_folder_of_videos():105] [PID:8772:Process-3 TID:13392:MainThread ] Shape of output array: (3, 659, 553, 3)
[2024-09-13T11:52:38.161969] [Δt:0.229947s] [    INFO] [freemocap.core_processes.process_motion_capture_videos.processing_pipeline_functions.triangulation_pipeline_functions] [triangulation_pipeline_functions:get_triangulated_data():63] [PID:8772:Process-3 TID:13392:MainThread ] Triangulating 3d skeletons...
[2024-09-13T11:52:38.162139] [Δt:0.000000s] [    INFO] [freemocap.core_processes.process_motion_capture_videos.processing_pipeline_functions.triangulation_pipeline_functions] [triangulation_pipeline_functions:get_triangulated_data():64] [PID:8772:Process-3 TID:13392:MainThread ] Log Progress
[2024-09-13T11:52:38.197723] [Δt:0.035584s] [    INFO] [freemocap.core_processes.capture_volume_calibration.anipose_camera_calibration.get_anipose_calibration_object] [get_anipose_calibration_object:load_anipose_calibration_toml_from_path():38] [PID:8772:Process-3 TID:13392:MainThread ] loading camera calibration file from:F:/Mobile-Multimodal-Lab/3_MOTION_TRACKING/2_Video_Calibration/calibration_results/P1/3vid_Calibration_P1_T1_charuco_2024-04-23__calibration_anipose.toml
[2024-09-13T11:52:38.207899] [Δt:0.010176s] [    INFO] [freemocap.core_processes.capture_volume_calibration.triangulate_3d_data] [triangulate_3d_data:triangulate_3d_data():35] [PID:8772:Process-3 TID:13392:MainThread ] Reconstructing 3d points from 2d points with shape: 
number_of_cameras: 3,
number_of_frames: 659, 
number_of_tracked_points: 553,
number_of_spatial_dimensions: 2
[2024-09-13T11:52:38.207899] [Δt:0.000000s] [    INFO] [freemocap.core_processes.capture_volume_calibration.triangulate_3d_data] [triangulate_3d_data:triangulate_3d_data():47] [PID:8772:Process-3 TID:13392:MainThread ] Using simple `triangulate` method 
[2024-09-13T11:53:20.175177] [Δt:41.967278s] [    INFO] [freemocap.core_processes.capture_volume_calibration.save_mediapipe_3d_data_to_npy] [save_mediapipe_3d_data_to_npy:save_mediapipe_3d_data_to_npy():50] [PID:8772:Process-3 TID:13392:MainThread ] saving: F:\Mobile-Multimodal-Lab\3_MOTION_TRACKING\3_freemocap\marker_MULTIPLEpairs\P1\Vision_Movement\trial_3\output_data\raw_data\mediapipe3dData_numFrames_numTrackedPoints_spatialXYZ.npy
[2024-09-13T11:53:20.206162] [Δt:0.030984s] [    INFO] [freemocap.core_processes.capture_volume_calibration.save_mediapipe_3d_data_to_npy] [save_mediapipe_3d_data_to_npy:save_mediapipe_3d_data_to_npy():55] [PID:8772:Process-3 TID:13392:MainThread ] saving: F:\Mobile-Multimodal-Lab\3_MOTION_TRACKING\3_freemocap\marker_MULTIPLEpairs\P1\Vision_Movement\trial_3\output_data\raw_data\mediapipe3dData_numFrames_numTrackedPoints_reprojectionError.npy
[2024-09-13T11:53:20.374894] [Δt:0.168733s] [    INFO] [freemocap.core_processes.capture_volume_calibration.save_mediapipe_3d_data_to_npy] [save_mediapipe_3d_data_to_npy:save_mediapipe_3d_data_to_npy():61] [PID:8772:Process-3 TID:13392:MainThread ] saving: F:\Mobile-Multimodal-Lab\3_MOTION_TRACKING\3_freemocap\marker_MULTIPLEpairs\P1\Vision_Movement\trial_3\output_data\raw_data\mediapipe3dData_numCams_numFrames_numTrackedPoints_reprojectionError.npy
[2024-09-13T11:53:20.434990] [Δt:0.060096s] [    INFO] [freemocap.core_processes.post_process_skeleton_data.post_process_skeleton] [post_process_skeleton:run_post_processing_worker():79] [PID:8772:Process-3 TID:13392:MainThread ] Starting post-processing worker thread
[2024-09-13T11:53:20.434990] [Δt:0.000000s] [    INFO] [freemocap.core_processes.post_process_skeleton_data.post_process_skeleton] [post_process_skeleton:run_post_processing_worker():80] [PID:8772:Process-3 TID:13392:MainThread ] Log Progress
[2024-09-13T11:53:21.154504] [Δt:0.719514s] [    INFO] [freemocap.core_processes.post_process_skeleton_data.post_process_skeleton] [post_process_skeleton:run_post_processing_worker():90] [PID:8772:Process-3 TID:13392:MainThread ] Done with gap filling, filtering, and aligning
[2024-09-13T11:53:21.154504] [Δt:0.000000s] [    INFO] [freemocap.core_processes.process_motion_capture_videos.processing_pipeline_functions.anatomical_data_pipeline_functions] [anatomical_data_pipeline_functions:calculate_anatomical_data():26] [PID:8772:Process-3 TID:13392:MainThread ] Calculating center of mass...
[2024-09-13T11:53:21.964383] [Δt:0.809879s] [    INFO] [freemocap.core_processes.post_process_skeleton_data.calculate_center_of_mass] [calculate_center_of_mass:calculate_total_body_COM():306] [PID:8772:Process-3 TID:13392:MainThread ] Calculating Total Body Center of Mass
[2024-09-13T11:53:22.384938] [Δt:0.420555s] [    INFO] [freemocap.core_processes.detecting_things_in_2d_images.mediapipe_stuff.convert_mediapipe_npy_to_csv] [convert_mediapipe_npy_to_csv:convert_mediapipe_npy_to_csv():23] [PID:8772:Process-3 TID:13392:MainThread ] Converting npy data with shape: (659, 553, 3) into `csv` and smaller `npy` files
[2024-09-13T11:53:23.782683] [Δt:1.397745s] [   DEBUG] [freemocap.core_processes.detecting_things_in_2d_images.mediapipe_stuff.convert_mediapipe_npy_to_csv] [convert_mediapipe_npy_to_csv:convert_mediapipe_npy_to_csv():239] [PID:8772:Process-3 TID:13392:MainThread ] body 3d xyz shape: (659, 33, 3)
[2024-09-13T11:53:23.782683] [Δt:0.000000s] [   DEBUG] [freemocap.core_processes.detecting_things_in_2d_images.mediapipe_stuff.convert_mediapipe_npy_to_csv] [convert_mediapipe_npy_to_csv:convert_mediapipe_npy_to_csv():240] [PID:8772:Process-3 TID:13392:MainThread ] right hand 3d xyz shape: (659, 21, 3)
[2024-09-13T11:53:23.782683] [Δt:0.000000s] [   DEBUG] [freemocap.core_processes.detecting_things_in_2d_images.mediapipe_stuff.convert_mediapipe_npy_to_csv] [convert_mediapipe_npy_to_csv:convert_mediapipe_npy_to_csv():241] [PID:8772:Process-3 TID:13392:MainThread ] left hand 3d xyz shape: (659, 21, 3)
[2024-09-13T11:53:23.782683] [Δt:0.000000s] [   DEBUG] [freemocap.core_processes.detecting_things_in_2d_images.mediapipe_stuff.convert_mediapipe_npy_to_csv] [convert_mediapipe_npy_to_csv:convert_mediapipe_npy_to_csv():242] [PID:8772:Process-3 TID:13392:MainThread ] face 3d xyz shape: (659, 478, 3)
[2024-09-13T11:53:23.861725] [Δt:0.079041s] [   DEBUG] [freemocap.core_processes.detecting_things_in_2d_images.mediapipe_stuff.convert_mediapipe_npy_to_csv] [convert_mediapipe_npy_to_csv:convert_mediapipe_npy_to_csv():284] [PID:8772:Process-3 TID:13392:MainThread ] length of body 3d xyz `.csv` header: 99, should be: 99
[2024-09-13T11:53:23.861725] [Δt:0.000000s] [   DEBUG] [freemocap.core_processes.detecting_things_in_2d_images.mediapipe_stuff.convert_mediapipe_npy_to_csv] [convert_mediapipe_npy_to_csv:convert_mediapipe_npy_to_csv():287] [PID:8772:Process-3 TID:13392:MainThread ] length of right hand 3d xyz `.csv` header: 63, should be: 63
[2024-09-13T11:53:23.861725] [Δt:0.000000s] [   DEBUG] [freemocap.core_processes.detecting_things_in_2d_images.mediapipe_stuff.convert_mediapipe_npy_to_csv] [convert_mediapipe_npy_to_csv:convert_mediapipe_npy_to_csv():290] [PID:8772:Process-3 TID:13392:MainThread ] length of left hand 3d xyz `.csv` header: 63, should be: 63
[2024-09-13T11:53:23.861725] [Δt:0.000000s] [   DEBUG] [freemocap.core_processes.detecting_things_in_2d_images.mediapipe_stuff.convert_mediapipe_npy_to_csv] [convert_mediapipe_npy_to_csv:convert_mediapipe_npy_to_csv():293] [PID:8772:Process-3 TID:13392:MainThread ] length of face 3d xyz `.csv` header: 1434, should be: 1434
[2024-09-13T11:53:25.096200] [Δt:1.234475s] [    INFO] [freemocap.core_processes.detecting_things_in_2d_images.mediapipe_stuff.convert_mediapipe_npy_to_csv] [convert_mediapipe_npy_to_csv:convert_mediapipe_npy_to_csv():322] [PID:8772:Process-3 TID:13392:MainThread ] Done saving out `csv` and broken up `npy` files
[2024-09-13T11:53:25.096200] [Δt:0.000000s] [    INFO] [freemocap.core_processes.process_motion_capture_videos.processing_pipeline_functions.data_saving_pipeline_functions] [data_saving_pipeline_functions:save_data():39] [PID:8772:Process-3 TID:13392:MainThread ] Saving post-processed data
[2024-09-13T11:53:25.246690] [Δt:0.150491s] [    INFO] [freemocap.core_processes.process_motion_capture_videos.processing_pipeline_functions.data_saving_pipeline_functions] [data_saving_pipeline_functions:save_data():46] [PID:8772:Process-3 TID:13392:MainThread ] Saving segment center of mass data
[2024-09-13T11:53:25.250197] [Δt:0.003507s] [    INFO] [freemocap.core_processes.process_motion_capture_videos.processing_pipeline_functions.data_saving_pipeline_functions] [data_saving_pipeline_functions:save_data():53] [PID:8772:Process-3 TID:13392:MainThread ] Saving total body center of mass data
[2024-09-13T11:53:25.251740] [Δt:0.001543s] [    INFO] [freemocap.utilities.save_dictionary_to_json] [save_dictionary_to_json:save_dictionary_to_json():16] [PID:8772:Process-3 TID:13392:MainThread ] Saved dictionary mediapipe_names_and_connections_dict.json as json  at: F:\Mobile-Multimodal-Lab\3_MOTION_TRACKING\3_freemocap\marker_MULTIPLEpairs\P1\Vision_Movement\trial_3\output_data\mediapipe_names_and_connections_dict.json
[2024-09-13T11:53:25.251740] [Δt:0.000000s] [ WARNING] [freemocap.system.paths_and_filenames.file_and_folder_names] [path_getters:get_timestamps_directory():252] [PID:8772:Process-3 TID:13392:MainThread ] Could not find timestamps directory in F:\Mobile-Multimodal-Lab\3_MOTION_TRACKING\3_freemocap\marker_MULTIPLEpairs\P1\Vision_Movement\trial_3\synchronized_videos
[2024-09-13T11:53:25.251740] [Δt:0.000000s] [ WARNING] [freemocap.data_layer.data_saver.data_loader] [data_loader:_load_timestamps():91] [PID:8772:Process-3 TID:13392:MainThread ] No timestamps directory found. Skipping timestamps loading.
[2024-09-13T11:53:33.230763] [Δt:7.979022s] [    INFO] [freemocap.data_layer.data_saver.data_saver] [data_saver:save_to_json():59] [PID:8772:Process-3 TID:13392:MainThread ] Saving recording data to F:\Mobile-Multimodal-Lab\3_MOTION_TRACKING\3_freemocap\marker_MULTIPLEpairs\P1\Vision_Movement\trial_3\trial_3_by_frame.json
[2024-09-13T11:53:38.626928] [Δt:5.396165s] [    INFO] [freemocap.data_layer.data_saver.data_saver] [data_saver:save_to_csv():76] [PID:8772:Process-3 TID:13392:MainThread ] Saved recording data to F:\Mobile-Multimodal-Lab\3_MOTION_TRACKING\3_freemocap\marker_MULTIPLEpairs\P1\Vision_Movement\trial_3\trial_3_by_trajectory.csv
[2024-09-13T11:53:38.673436] [Δt:0.046509s] [    INFO] [freemocap.data_layer.data_saver.data_saver] [data_saver:save_to_npy():82] [PID:8772:Process-3 TID:13392:MainThread ] Saved recording data to F:\Mobile-Multimodal-Lab\3_MOTION_TRACKING\3_freemocap\marker_MULTIPLEpairs\P1\Vision_Movement\trial_3\trial_3_frame_name_xyz.npy
[2024-09-13T11:53:38.714418] [Δt:0.040982s] [    INFO] [freemocap.core_processes.process_motion_capture_videos.process_recording_folder] [process_recording_folder:process_recording_folder():143] [PID:8772:Process-3 TID:13392:MainThread ] Done processing F:\Mobile-Multimodal-Lab\3_MOTION_TRACKING\3_freemocap\marker_MULTIPLEpairs\P1\Vision_Movement\trial_3
